# JRE version: Java(TM) SE Runtime Environment (18.0.2.1+1) (build 18.0.2.1+1-1)
# Java VM: Java HotSpot(TM) 64-Bit Server VM (18.0.2.1+1-1, mixed mode, sharing, tiered, compressed oops, compressed class ptrs, g1 gc, windows-amd64)
GC Precious Log:
 CardTable entry size: 512
 Card Set container configuration: InlinePtr #cards 4 size 8 Array Of Cards #cards 16 size 48 Howl #buckets 8 coarsen threshold 3686 Howl Bitmap #cards 512 size 80 coarsen threshold 460 Card regions per heap region 1 cards per card region 4096
 CPUs: 8 total, 8 available
 Memory: 16283M
 Large Page Support: Disabled
 NUMA Support: Disabled
 Compressed Oops: Enabled (Zero based)
 Heap Region Size: 2M
 Heap Min Capacity: 8M
 Heap Initial Capacity: 256M
 Heap Max Capacity: 4072M
 Pre-touch: Disabled
 Parallel Workers: 8
 Concurrent Workers: 2
 Concurrent Refinement Workers: 8
 Periodic GC: Disabled
Heap:
 garbage-first heap   total 681984K, used 500404K [0x0000000701800000, 0x0000000800000000)
  region size 2048K, 14 young (28672K), 2 survivors (4096K)
 Metaspace       used 75017K, committed 76544K, reserved 1179648K
  class space    used 7449K, committed 8128K, reserved 1048576K
GC Heap History (20 events):
Event: 45.305 GC heap before
{Heap before GC invocations=45 (full 0):
 garbage-first heap   total 681984K, used 545792K [0x0000000701800000, 0x0000000800000000)
  region size 2048K, 51 young (104448K), 7 survivors (14336K)
 Metaspace       used 69440K, committed 70976K, reserved 1114112K
  class space    used 6847K, committed 7488K, reserved 1048576K
}
Event: 45.313 GC heap after
{Heap after GC invocations=46 (full 0):
 garbage-first heap   total 681984K, used 459444K [0x0000000701800000, 0x0000000800000000)
  region size 2048K, 2 young (4096K), 2 survivors (4096K)
 Metaspace       used 69440K, committed 70976K, reserved 1114112K
  class space    used 6847K, committed 7488K, reserved 1048576K
}
Event: 45.682 GC heap before
{Heap before GC invocations=46 (full 0):
 garbage-first heap   total 681984K, used 553652K [0x0000000701800000, 0x0000000800000000)
  region size 2048K, 49 young (100352K), 2 survivors (4096K)
 Metaspace       used 69440K, committed 70976K, reserved 1114112K
  class space    used 6847K, committed 7488K, reserved 1048576K
}
Event: 45.685 GC heap after
{Heap after GC invocations=47 (full 0):
 garbage-first heap   total 681984K, used 458979K [0x0000000701800000, 0x0000000800000000)
  region size 2048K, 2 young (4096K), 2 survivors (4096K)
 Metaspace       used 69440K, committed 70976K, reserved 1114112K
  class space    used 6847K, committed 7488K, reserved 1048576K
}
Event: 47.160 GC heap before
{Heap before GC invocations=47 (full 0):
 garbage-first heap   total 681984K, used 561379K [0x0000000701800000, 0x0000000800000000)
  region size 2048K, 53 young (108544K), 2 survivors (4096K)
 Metaspace       used 69450K, committed 70976K, reserved 1114112K
  class space    used 6848K, committed 7488K, reserved 1048576K
}
Event: 47.165 GC heap after
{Heap after GC invocations=48 (full 0):
 garbage-first heap   total 681984K, used 466261K [0x0000000701800000, 0x0000000800000000)
  region size 2048K, 5 young (10240K), 5 survivors (10240K)
 Metaspace       used 69450K, committed 70976K, reserved 1114112K
  class space    used 6848K, committed 7488K, reserved 1048576K
}
Event: 49.323 GC heap before
{Heap before GC invocations=48 (full 0):
 garbage-first heap   total 681984K, used 570709K [0x0000000701800000, 0x0000000800000000)
  region size 2048K, 56 young (114688K), 5 survivors (10240K)
 Metaspace       used 69450K, committed 70976K, reserved 1114112K
  class space    used 6848K, committed 7488K, reserved 1048576K
}
Event: 49.328 GC heap after
{Heap after GC invocations=49 (full 0):
 garbage-first heap   total 681984K, used 465640K [0x0000000701800000, 0x0000000800000000)
  region size 2048K, 3 young (6144K), 3 survivors (6144K)
 Metaspace       used 69450K, committed 70976K, reserved 1114112K
  class space    used 6848K, committed 7488K, reserved 1048576K
}
Event: 52.179 GC heap before
{Heap before GC invocations=49 (full 0):
 garbage-first heap   total 681984K, used 574184K [0x0000000701800000, 0x0000000800000000)
  region size 2048K, 56 young (114688K), 3 survivors (6144K)
 Metaspace       used 69476K, committed 70976K, reserved 1114112K
  class space    used 6848K, committed 7488K, reserved 1048576K
}
Event: 52.181 GC heap after
{Heap after GC invocations=50 (full 0):
 garbage-first heap   total 681984K, used 462362K [0x0000000701800000, 0x0000000800000000)
  region size 2048K, 1 young (2048K), 1 survivors (2048K)
 Metaspace       used 69476K, committed 70976K, reserved 1114112K
  class space    used 6848K, committed 7488K, reserved 1048576K
}
Event: 55.566 GC heap before
{Heap before GC invocations=50 (full 0):
 garbage-first heap   total 681984K, used 579098K [0x0000000701800000, 0x0000000800000000)
  region size 2048K, 58 young (118784K), 1 survivors (2048K)
 Metaspace       used 69487K, committed 70976K, reserved 1114112K
  class space    used 6848K, committed 7488K, reserved 1048576K
}
Event: 55.569 GC heap after
{Heap after GC invocations=51 (full 0):
 garbage-first heap   total 681984K, used 465104K [0x0000000701800000, 0x0000000800000000)
  region size 2048K, 3 young (6144K), 3 survivors (6144K)
 Metaspace       used 69487K, committed 70976K, reserved 1114112K
  class space    used 6848K, committed 7488K, reserved 1048576K
}
Event: 56.680 GC heap before
{Heap before GC invocations=51 (full 0):
 garbage-first heap   total 681984K, used 581840K [0x0000000701800000, 0x0000000800000000)
  region size 2048K, 60 young (122880K), 3 survivors (6144K)
 Metaspace       used 69488K, committed 70976K, reserved 1114112K
  class space    used 6848K, committed 7488K, reserved 1048576K
}
Event: 56.682 GC heap after
{Heap after GC invocations=52 (full 0):
 garbage-first heap   total 681984K, used 463535K [0x0000000701800000, 0x0000000800000000)
  region size 2048K, 2 young (4096K), 2 survivors (4096K)
 Metaspace       used 69488K, committed 70976K, reserved 1114112K
  class space    used 6848K, committed 7488K, reserved 1048576K
}
Event: 60.218 GC heap before
{Heap before GC invocations=52 (full 0):
 garbage-first heap   total 681984K, used 586415K [0x0000000701800000, 0x0000000800000000)
  region size 2048K, 62 young (126976K), 2 survivors (4096K)
 Metaspace       used 69669K, committed 71168K, reserved 1114112K
  class space    used 6864K, committed 7488K, reserved 1048576K
}
Event: 60.222 GC heap after
{Heap after GC invocations=53 (full 0):
 garbage-first heap   total 681984K, used 466758K [0x0000000701800000, 0x0000000800000000)
  region size 2048K, 4 young (8192K), 4 survivors (8192K)
 Metaspace       used 69669K, committed 71168K, reserved 1114112K
  class space    used 6864K, committed 7488K, reserved 1048576K
}
Event: 73.422 GC heap before
{Heap before GC invocations=53 (full 0):
 garbage-first heap   total 681984K, used 585542K [0x0000000701800000, 0x0000000800000000)
  region size 2048K, 62 young (126976K), 4 survivors (8192K)
 Metaspace       used 71477K, committed 72960K, reserved 1114112K
  class space    used 7040K, committed 7680K, reserved 1048576K
}
Event: 73.430 GC heap after
{Heap after GC invocations=54 (full 0):
 garbage-first heap   total 681984K, used 474754K [0x0000000701800000, 0x0000000800000000)
  region size 2048K, 8 young (16384K), 8 survivors (16384K)
 Metaspace       used 71477K, committed 72960K, reserved 1114112K
  class space    used 7040K, committed 7680K, reserved 1048576K
}
Event: 81.176 GC heap before
{Heap before GC invocations=54 (full 0):
 garbage-first heap   total 681984K, used 585346K [0x0000000701800000, 0x0000000800000000)
  region size 2048K, 61 young (124928K), 8 survivors (16384K)
 Metaspace       used 74931K, committed 76544K, reserved 1179648K
  class space    used 7436K, committed 8128K, reserved 1048576K
}
Event: 81.184 GC heap after
{Heap after GC invocations=55 (full 0):
 garbage-first heap   total 681984K, used 477876K [0x0000000701800000, 0x0000000800000000)
  region size 2048K, 2 young (4096K), 2 survivors (4096K)
 Metaspace       used 74931K, committed 76544K, reserved 1179648K
  class space    used 7436K, committed 8128K, reserved 1048576K
}

