# JRE version: Java(TM) SE Runtime Environment (18.0.2.1+1) (build 18.0.2.1+1-1)
# Java VM: Java HotSpot(TM) 64-Bit Server VM (18.0.2.1+1-1, mixed mode, sharing, tiered, compressed oops, compressed class ptrs, g1 gc, windows-amd64)
GC Precious Log:
 CardTable entry size: 512
 Card Set container configuration: InlinePtr #cards 4 size 8 Array Of Cards #cards 16 size 48 Howl #buckets 8 coarsen threshold 3686 Howl Bitmap #cards 512 size 80 coarsen threshold 460 Card regions per heap region 1 cards per card region 4096
 CPUs: 8 total, 8 available
 Memory: 16283M
 Large Page Support: Disabled
 NUMA Support: Disabled
 Compressed Oops: Enabled (Zero based)
 Heap Region Size: 2M
 Heap Min Capacity: 8M
 Heap Initial Capacity: 256M
 Heap Max Capacity: 4072M
 Pre-touch: Disabled
 Parallel Workers: 8
 Concurrent Workers: 2
 Concurrent Refinement Workers: 8
 Periodic GC: Disabled
Heap:
 garbage-first heap   total 262144K, used 152731K [0x0000000701800000, 0x0000000800000000)
  region size 2048K, 4 young (8192K), 4 survivors (8192K)
 Metaspace       used 59897K, committed 61248K, reserved 1114112K
  class space    used 5938K, committed 6592K, reserved 1048576K
GC Heap History (20 events):
Event: 31.558 GC heap after
{Heap after GC invocations=42 (full 0):
 garbage-first heap   total 137216K, used 83095K [0x0000000701800000, 0x0000000800000000)
  region size 2048K, 3 young (6144K), 3 survivors (6144K)
 Metaspace       used 54867K, committed 56192K, reserved 1114112K
  class space    used 5521K, committed 6144K, reserved 1048576K
}
Event: 32.463 GC heap before
{Heap before GC invocations=42 (full 0):
 garbage-first heap   total 137216K, used 107671K [0x0000000701800000, 0x0000000800000000)
  region size 2048K, 15 young (30720K), 3 survivors (6144K)
 Metaspace       used 55703K, committed 57024K, reserved 1114112K
  class space    used 5611K, committed 6208K, reserved 1048576K
}
Event: 32.470 GC heap after
{Heap after GC invocations=43 (full 0):
 garbage-first heap   total 137216K, used 87616K [0x0000000701800000, 0x0000000800000000)
  region size 2048K, 2 young (4096K), 2 survivors (4096K)
 Metaspace       used 55703K, committed 57024K, reserved 1114112K
  class space    used 5611K, committed 6208K, reserved 1048576K
}
Event: 32.583 GC heap before
{Heap before GC invocations=43 (full 0):
 garbage-first heap   total 178176K, used 108096K [0x0000000701800000, 0x0000000800000000)
  region size 2048K, 13 young (26624K), 2 survivors (4096K)
 Metaspace       used 55990K, committed 57344K, reserved 1114112K
  class space    used 5648K, committed 6272K, reserved 1048576K
}
Event: 32.589 GC heap after
{Heap after GC invocations=44 (full 0):
 garbage-first heap   total 215040K, used 92907K [0x0000000701800000, 0x0000000800000000)
  region size 2048K, 2 young (4096K), 2 survivors (4096K)
 Metaspace       used 55990K, committed 57344K, reserved 1114112K
  class space    used 5648K, committed 6272K, reserved 1048576K
}
Event: 33.886 GC heap before
{Heap before GC invocations=45 (full 0):
 garbage-first heap   total 215040K, used 152299K [0x0000000701800000, 0x0000000800000000)
  region size 2048K, 32 young (65536K), 2 survivors (4096K)
 Metaspace       used 57076K, committed 58496K, reserved 1114112K
  class space    used 5758K, committed 6400K, reserved 1048576K
}
Event: 33.898 GC heap after
{Heap after GC invocations=46 (full 0):
 garbage-first heap   total 215040K, used 105298K [0x0000000701800000, 0x0000000800000000)
  region size 2048K, 4 young (8192K), 4 survivors (8192K)
 Metaspace       used 57076K, committed 58496K, reserved 1114112K
  class space    used 5758K, committed 6400K, reserved 1048576K
}
Event: 34.766 GC heap before
{Heap before GC invocations=46 (full 0):
 garbage-first heap   total 215040K, used 158546K [0x0000000701800000, 0x0000000800000000)
  region size 2048K, 30 young (61440K), 4 survivors (8192K)
 Metaspace       used 57439K, committed 58816K, reserved 1114112K
  class space    used 5790K, committed 6464K, reserved 1048576K
}
Event: 34.778 GC heap after
{Heap after GC invocations=47 (full 0):
 garbage-first heap   total 215040K, used 116899K [0x0000000701800000, 0x0000000800000000)
  region size 2048K, 4 young (8192K), 4 survivors (8192K)
 Metaspace       used 57439K, committed 58816K, reserved 1114112K
  class space    used 5790K, committed 6464K, reserved 1048576K
}
Event: 35.421 GC heap before
{Heap before GC invocations=48 (full 0):
 garbage-first heap   total 223232K, used 166051K [0x0000000701800000, 0x0000000800000000)
  region size 2048K, 27 young (55296K), 4 survivors (8192K)
 Metaspace       used 57778K, committed 59200K, reserved 1114112K
  class space    used 5797K, committed 6464K, reserved 1048576K
}
Event: 35.438 GC heap after
{Heap after GC invocations=49 (full 0):
 garbage-first heap   total 223232K, used 128880K [0x0000000701800000, 0x0000000800000000)
  region size 2048K, 4 young (8192K), 4 survivors (8192K)
 Metaspace       used 57778K, committed 59200K, reserved 1114112K
  class space    used 5797K, committed 6464K, reserved 1048576K
}
Event: 35.499 GC heap before
{Heap before GC invocations=49 (full 0):
 garbage-first heap   total 223232K, used 130928K [0x0000000701800000, 0x0000000800000000)
  region size 2048K, 5 young (10240K), 4 survivors (8192K)
 Metaspace       used 57778K, committed 59200K, reserved 1114112K
  class space    used 5797K, committed 6464K, reserved 1048576K
}
Event: 35.510 GC heap after
{Heap after GC invocations=50 (full 0):
 garbage-first heap   total 223232K, used 129957K [0x0000000701800000, 0x0000000800000000)
  region size 2048K, 1 young (2048K), 1 survivors (2048K)
 Metaspace       used 57778K, committed 59200K, reserved 1114112K
  class space    used 5797K, committed 6464K, reserved 1048576K
}
Event: 36.806 GC heap before
{Heap before GC invocations=50 (full 0):
 garbage-first heap   total 223232K, used 172965K [0x0000000701800000, 0x0000000800000000)
  region size 2048K, 23 young (47104K), 1 survivors (2048K)
 Metaspace       used 58384K, committed 59712K, reserved 1114112K
  class space    used 5811K, committed 6464K, reserved 1048576K
}
Event: 36.814 GC heap after
{Heap after GC invocations=51 (full 0):
 garbage-first heap   total 223232K, used 138926K [0x0000000701800000, 0x0000000800000000)
  region size 2048K, 3 young (6144K), 3 survivors (6144K)
 Metaspace       used 58384K, committed 59712K, reserved 1114112K
  class space    used 5811K, committed 6464K, reserved 1048576K
}
Event: 37.313 GC heap before
{Heap before GC invocations=52 (full 0):
 garbage-first heap   total 253952K, used 177838K [0x0000000701800000, 0x0000000800000000)
  region size 2048K, 22 young (45056K), 3 survivors (6144K)
 Metaspace       used 59003K, committed 60352K, reserved 1114112K
  class space    used 5868K, committed 6528K, reserved 1048576K
}
Event: 37.323 GC heap after
{Heap after GC invocations=53 (full 0):
 garbage-first heap   total 253952K, used 146752K [0x0000000701800000, 0x0000000800000000)
  region size 2048K, 3 young (6144K), 3 survivors (6144K)
 Metaspace       used 59003K, committed 60352K, reserved 1114112K
  class space    used 5868K, committed 6528K, reserved 1048576K
}
Event: 37.364 GC heap before
{Heap before GC invocations=53 (full 0):
 garbage-first heap   total 253952K, used 152896K [0x0000000701800000, 0x0000000800000000)
  region size 2048K, 6 young (12288K), 3 survivors (6144K)
 Metaspace       used 59130K, committed 60480K, reserved 1114112K
  class space    used 5879K, committed 6528K, reserved 1048576K
}
Event: 37.372 GC heap after
{Heap after GC invocations=54 (full 0):
 garbage-first heap   total 253952K, used 146964K [0x0000000701800000, 0x0000000800000000)
  region size 2048K, 1 young (2048K), 1 survivors (2048K)
 Metaspace       used 59130K, committed 60480K, reserved 1114112K
  class space    used 5879K, committed 6528K, reserved 1048576K
}
Event: 38.016 GC heap before
{Heap before GC invocations=54 (full 0):
 garbage-first heap   total 253952K, used 196116K [0x0000000701800000, 0x0000000800000000)
  region size 2048K, 26 young (53248K), 1 survivors (2048K)
 Metaspace       used 59897K, committed 61248K, reserved 1114112K
  class space    used 5938K, committed 6592K, reserved 1048576K
}

