# JRE version: Java(TM) SE Runtime Environment (18.0.2.1+1) (build 18.0.2.1+1-1)
# Java VM: Java HotSpot(TM) 64-Bit Server VM (18.0.2.1+1-1, mixed mode, sharing, tiered, compressed oops, compressed class ptrs, g1 gc, windows-amd64)
GC Precious Log:
 CardTable entry size: 512
 Card Set container configuration: InlinePtr #cards 4 size 8 Array Of Cards #cards 16 size 48 Howl #buckets 8 coarsen threshold 3686 Howl Bitmap #cards 512 size 80 coarsen threshold 460 Card regions per heap region 1 cards per card region 4096
 CPUs: 8 total, 8 available
 Memory: 16283M
 Large Page Support: Disabled
 NUMA Support: Disabled
 Compressed Oops: Enabled (Zero based)
 Heap Region Size: 2M
 Heap Min Capacity: 8M
 Heap Initial Capacity: 256M
 Heap Max Capacity: 4072M
 Pre-touch: Disabled
 Parallel Workers: 8
 Concurrent Workers: 2
 Concurrent Refinement Workers: 8
 Periodic GC: Disabled
Heap:
 garbage-first heap   total 526336K, used 386182K [0x0000000701800000, 0x0000000800000000)
  region size 2048K, 59 young (120832K), 11 survivors (22528K)
 Metaspace       used 67185K, committed 68736K, reserved 1114112K
  class space    used 6650K, committed 7360K, reserved 1048576K
GC Heap History (20 events):
Event: 26.549 GC heap before
{Heap before GC invocations=44 (full 0):
 garbage-first heap   total 278528K, used 227302K [0x0000000701800000, 0x0000000800000000)
  region size 2048K, 24 young (49152K), 4 survivors (8192K)
 Metaspace       used 63544K, committed 64896K, reserved 1114112K
  class space    used 6347K, committed 6912K, reserved 1048576K
}
Event: 26.557 GC heap after
{Heap after GC invocations=45 (full 0):
 garbage-first heap   total 335872K, used 197941K [0x0000000701800000, 0x0000000800000000)
  region size 2048K, 3 young (6144K), 3 survivors (6144K)
 Metaspace       used 63544K, committed 64896K, reserved 1114112K
  class space    used 6347K, committed 6912K, reserved 1048576K
}
Event: 27.370 GC heap before
{Heap before GC invocations=45 (full 0):
 garbage-first heap   total 335872K, used 267573K [0x0000000701800000, 0x0000000800000000)
  region size 2048K, 36 young (73728K), 3 survivors (6144K)
 Metaspace       used 64156K, committed 65536K, reserved 1114112K
  class space    used 6393K, committed 6976K, reserved 1048576K
}
Event: 27.380 GC heap after
{Heap after GC invocations=46 (full 0):
 garbage-first heap   total 335872K, used 215772K [0x0000000701800000, 0x0000000800000000)
  region size 2048K, 5 young (10240K), 5 survivors (10240K)
 Metaspace       used 64156K, committed 65536K, reserved 1114112K
  class space    used 6393K, committed 6976K, reserved 1048576K
}
Event: 27.641 GC heap before
{Heap before GC invocations=46 (full 0):
 garbage-first heap   total 335872K, used 269020K [0x0000000701800000, 0x0000000800000000)
  region size 2048K, 32 young (65536K), 5 survivors (10240K)
 Metaspace       used 64406K, committed 65856K, reserved 1114112K
  class space    used 6410K, committed 7040K, reserved 1048576K
}
Event: 27.652 GC heap after
{Heap after GC invocations=47 (full 0):
 garbage-first heap   total 335872K, used 222278K [0x0000000701800000, 0x0000000800000000)
  region size 2048K, 3 young (6144K), 3 survivors (6144K)
 Metaspace       used 64406K, committed 65856K, reserved 1114112K
  class space    used 6410K, committed 7040K, reserved 1048576K
}
Event: 27.787 GC heap before
{Heap before GC invocations=47 (full 0):
 garbage-first heap   total 335872K, used 275526K [0x0000000701800000, 0x0000000800000000)
  region size 2048K, 29 young (59392K), 3 survivors (6144K)
 Metaspace       used 64411K, committed 65856K, reserved 1114112K
  class space    used 6410K, committed 7040K, reserved 1048576K
}
Event: 27.791 GC heap after
{Heap after GC invocations=48 (full 0):
 garbage-first heap   total 335872K, used 223784K [0x0000000701800000, 0x0000000800000000)
  region size 2048K, 1 young (2048K), 1 survivors (2048K)
 Metaspace       used 64411K, committed 65856K, reserved 1114112K
  class space    used 6410K, committed 7040K, reserved 1048576K
}
Event: 27.862 GC heap before
{Heap before GC invocations=48 (full 0):
 garbage-first heap   total 335872K, used 279080K [0x0000000701800000, 0x0000000800000000)
  region size 2048K, 28 young (57344K), 1 survivors (2048K)
 Metaspace       used 64634K, committed 65984K, reserved 1114112K
  class space    used 6434K, committed 7040K, reserved 1048576K
}
Event: 27.865 GC heap after
{Heap after GC invocations=49 (full 0):
 garbage-first heap   total 403456K, used 225718K [0x0000000701800000, 0x0000000800000000)
  region size 2048K, 2 young (4096K), 2 survivors (4096K)
 Metaspace       used 64634K, committed 65984K, reserved 1114112K
  class space    used 6434K, committed 7040K, reserved 1048576K
}
Event: 28.074 GC heap before
{Heap before GC invocations=49 (full 0):
 garbage-first heap   total 403456K, used 328118K [0x0000000701800000, 0x0000000800000000)
  region size 2048K, 52 young (106496K), 2 survivors (4096K)
 Metaspace       used 64985K, committed 66432K, reserved 1114112K
  class space    used 6477K, committed 7104K, reserved 1048576K
}
Event: 28.081 GC heap after
{Heap after GC invocations=50 (full 0):
 garbage-first heap   total 403456K, used 229328K [0x0000000701800000, 0x0000000800000000)
  region size 2048K, 4 young (8192K), 4 survivors (8192K)
 Metaspace       used 64985K, committed 66432K, reserved 1114112K
  class space    used 6477K, committed 7104K, reserved 1048576K
}
Event: 28.217 GC heap before
{Heap before GC invocations=50 (full 0):
 garbage-first heap   total 403456K, used 331728K [0x0000000701800000, 0x0000000800000000)
  region size 2048K, 54 young (110592K), 4 survivors (8192K)
 Metaspace       used 65110K, committed 66496K, reserved 1114112K
  class space    used 6490K, committed 7104K, reserved 1048576K
}
Event: 28.224 GC heap after
{Heap after GC invocations=51 (full 0):
 garbage-first heap   total 403456K, used 234864K [0x0000000701800000, 0x0000000800000000)
  region size 2048K, 6 young (12288K), 6 survivors (12288K)
 Metaspace       used 65110K, committed 66496K, reserved 1114112K
  class space    used 6490K, committed 7104K, reserved 1048576K
}
Event: 28.720 GC heap before
{Heap before GC invocations=51 (full 0):
 garbage-first heap   total 403456K, used 333168K [0x0000000701800000, 0x0000000800000000)
  region size 2048K, 55 young (112640K), 6 survivors (12288K)
 Metaspace       used 66290K, committed 67712K, reserved 1114112K
  class space    used 6595K, committed 7232K, reserved 1048576K
}
Event: 28.731 GC heap after
{Heap after GC invocations=52 (full 0):
 garbage-first heap   total 403456K, used 245663K [0x0000000701800000, 0x0000000800000000)
  region size 2048K, 7 young (14336K), 7 survivors (14336K)
 Metaspace       used 66290K, committed 67712K, reserved 1114112K
  class space    used 6595K, committed 7232K, reserved 1048576K
}
Event: 29.574 GC heap before
{Heap before GC invocations=52 (full 0):
 garbage-first heap   total 403456K, used 335775K [0x0000000701800000, 0x0000000800000000)
  region size 2048K, 51 young (104448K), 7 survivors (14336K)
 Metaspace       used 66530K, committed 67968K, reserved 1114112K
  class space    used 6602K, committed 7232K, reserved 1048576K
}
Event: 29.587 GC heap after
{Heap after GC invocations=53 (full 0):
 garbage-first heap   total 526336K, used 259013K [0x0000000701800000, 0x0000000800000000)
  region size 2048K, 7 young (14336K), 7 survivors (14336K)
 Metaspace       used 66530K, committed 67968K, reserved 1114112K
  class space    used 6602K, committed 7232K, reserved 1048576K
}
Event: 30.655 GC heap before
{Heap before GC invocations=53 (full 0):
 garbage-first heap   total 526336K, used 420805K [0x0000000701800000, 0x0000000800000000)
  region size 2048K, 87 young (178176K), 7 survivors (14336K)
 Metaspace       used 66903K, committed 68352K, reserved 1114112K
  class space    used 6620K, committed 7296K, reserved 1048576K
}
Event: 30.676 GC heap after
{Heap after GC invocations=54 (full 0):
 garbage-first heap   total 526336K, used 283782K [0x0000000701800000, 0x0000000800000000)
  region size 2048K, 11 young (22528K), 11 survivors (22528K)
 Metaspace       used 66903K, committed 68352K, reserved 1114112K
  class space    used 6620K, committed 7296K, reserved 1048576K
}

