# JRE version: Java(TM) SE Runtime Environment (18.0.2.1+1) (build 18.0.2.1+1-1)
# Java VM: Java HotSpot(TM) 64-Bit Server VM (18.0.2.1+1-1, mixed mode, sharing, tiered, compressed oops, compressed class ptrs, g1 gc, windows-amd64)
GC Precious Log:
 CardTable entry size: 512
 Card Set container configuration: InlinePtr #cards 4 size 8 Array Of Cards #cards 16 size 48 Howl #buckets 8 coarsen threshold 3686 Howl Bitmap #cards 512 size 80 coarsen threshold 460 Card regions per heap region 1 cards per card region 4096
 CPUs: 8 total, 8 available
 Memory: 16283M
 Large Page Support: Disabled
 NUMA Support: Disabled
 Compressed Oops: Enabled (Zero based)
 Heap Region Size: 2M
 Heap Min Capacity: 8M
 Heap Initial Capacity: 256M
 Heap Max Capacity: 4072M
 Pre-touch: Disabled
 Parallel Workers: 8
 Concurrent Workers: 2
 Concurrent Refinement Workers: 8
 Periodic GC: Disabled
Heap:
 garbage-first heap   total 489472K, used 292864K [0x0000000701800000, 0x0000000800000000)
  region size 2048K, 8 young (16384K), 8 survivors (16384K)
 Metaspace       used 69307K, committed 70784K, reserved 1114112K
  class space    used 7097K, committed 7680K, reserved 1048576K
GC Heap History (20 events):
Event: 27.639 GC heap after
{Heap after GC invocations=37 (full 0):
 garbage-first heap   total 188416K, used 100549K [0x0000000701800000, 0x0000000800000000)
  region size 2048K, 3 young (6144K), 3 survivors (6144K)
 Metaspace       used 57019K, committed 58368K, reserved 1114112K
  class space    used 5894K, committed 6464K, reserved 1048576K
}
Event: 27.832 GC heap before
{Heap before GC invocations=38 (full 0):
 garbage-first heap   total 223232K, used 143557K [0x0000000701800000, 0x0000000800000000)
  region size 2048K, 24 young (49152K), 3 survivors (6144K)
 Metaspace       used 57044K, committed 58368K, reserved 1114112K
  class space    used 5895K, committed 6464K, reserved 1048576K
}
Event: 27.845 GC heap after
{Heap after GC invocations=39 (full 0):
 garbage-first heap   total 223232K, used 106831K [0x0000000701800000, 0x0000000800000000)
  region size 2048K, 3 young (6144K), 3 survivors (6144K)
 Metaspace       used 57044K, committed 58368K, reserved 1114112K
  class space    used 5895K, committed 6464K, reserved 1048576K
}
Event: 27.867 GC heap before
{Heap before GC invocations=39 (full 0):
 garbage-first heap   total 223232K, used 110927K [0x0000000701800000, 0x0000000800000000)
  region size 2048K, 5 young (10240K), 3 survivors (6144K)
 Metaspace       used 57057K, committed 58368K, reserved 1114112K
  class space    used 5895K, committed 6464K, reserved 1048576K
}
Event: 27.877 GC heap after
{Heap after GC invocations=40 (full 0):
 garbage-first heap   total 223232K, used 106891K [0x0000000701800000, 0x0000000800000000)
  region size 2048K, 1 young (2048K), 1 survivors (2048K)
 Metaspace       used 57057K, committed 58368K, reserved 1114112K
  class space    used 5895K, committed 6464K, reserved 1048576K
}
Event: 28.062 GC heap before
{Heap before GC invocations=40 (full 0):
 garbage-first heap   total 223232K, used 170379K [0x0000000701800000, 0x0000000800000000)
  region size 2048K, 32 young (65536K), 1 survivors (2048K)
 Metaspace       used 57108K, committed 58432K, reserved 1114112K
  class space    used 5896K, committed 6464K, reserved 1048576K
}
Event: 28.069 GC heap after
{Heap after GC invocations=41 (full 0):
 garbage-first heap   total 489472K, used 112920K [0x0000000701800000, 0x0000000800000000)
  region size 2048K, 4 young (8192K), 4 survivors (8192K)
 Metaspace       used 57108K, committed 58432K, reserved 1114112K
  class space    used 5896K, committed 6464K, reserved 1048576K
}
Event: 30.986 GC heap before
{Heap before GC invocations=42 (full 0):
 garbage-first heap   total 485376K, used 350488K [0x0000000701800000, 0x0000000800000000)
  region size 2048K, 119 young (243712K), 4 survivors (8192K)
 Metaspace       used 58772K, committed 60096K, reserved 1114112K
  class space    used 6083K, committed 6656K, reserved 1048576K
}
Event: 31.010 GC heap after
{Heap after GC invocations=43 (full 0):
 garbage-first heap   total 485376K, used 135239K [0x0000000701800000, 0x0000000800000000)
  region size 2048K, 14 young (28672K), 14 survivors (28672K)
 Metaspace       used 58772K, committed 60096K, reserved 1114112K
  class space    used 6083K, committed 6656K, reserved 1048576K
}
Event: 31.042 GC heap before
{Heap before GC invocations=43 (full 0):
 garbage-first heap   total 485376K, used 137287K [0x0000000701800000, 0x0000000800000000)
  region size 2048K, 15 young (30720K), 14 survivors (28672K)
 Metaspace       used 58903K, committed 60224K, reserved 1114112K
  class space    used 6092K, committed 6656K, reserved 1048576K
}
Event: 31.054 GC heap after
{Heap after GC invocations=44 (full 0):
 garbage-first heap   total 485376K, used 136520K [0x0000000701800000, 0x0000000800000000)
  region size 2048K, 2 young (4096K), 2 survivors (4096K)
 Metaspace       used 58903K, committed 60224K, reserved 1114112K
  class space    used 6092K, committed 6656K, reserved 1048576K
}
Event: 34.114 GC heap before
{Heap before GC invocations=44 (full 0):
 garbage-first heap   total 485376K, used 417096K [0x0000000701800000, 0x0000000800000000)
  region size 2048K, 109 young (223232K), 2 survivors (4096K)
 Metaspace       used 63891K, committed 65216K, reserved 1114112K
  class space    used 6613K, committed 7168K, reserved 1048576K
}
Event: 34.138 GC heap after
{Heap after GC invocations=45 (full 0):
 garbage-first heap   total 485376K, used 185063K [0x0000000701800000, 0x0000000800000000)
  region size 2048K, 14 young (28672K), 14 survivors (28672K)
 Metaspace       used 63891K, committed 65216K, reserved 1114112K
  class space    used 6613K, committed 7168K, reserved 1048576K
}
Event: 35.288 GC heap before
{Heap before GC invocations=45 (full 0):
 garbage-first heap   total 485376K, used 361191K [0x0000000701800000, 0x0000000800000000)
  region size 2048K, 100 young (204800K), 14 survivors (28672K)
 Metaspace       used 66514K, committed 67904K, reserved 1114112K
  class space    used 6862K, committed 7424K, reserved 1048576K
}
Event: 35.343 GC heap after
{Heap after GC invocations=46 (full 0):
 garbage-first heap   total 485376K, used 226705K [0x0000000701800000, 0x0000000800000000)
  region size 2048K, 13 young (26624K), 13 survivors (26624K)
 Metaspace       used 66514K, committed 67904K, reserved 1114112K
  class space    used 6862K, committed 7424K, reserved 1048576K
}
Event: 36.157 GC heap before
{Heap before GC invocations=46 (full 0):
 garbage-first heap   total 485376K, used 361873K [0x0000000701800000, 0x0000000800000000)
  region size 2048K, 80 young (163840K), 13 survivors (26624K)
 Metaspace       used 67041K, committed 68480K, reserved 1114112K
  class space    used 6892K, committed 7424K, reserved 1048576K
}
Event: 36.187 GC heap after
{Heap after GC invocations=47 (full 0):
 garbage-first heap   total 485376K, used 249856K [0x0000000701800000, 0x0000000800000000)
  region size 2048K, 10 young (20480K), 10 survivors (20480K)
 Metaspace       used 67041K, committed 68480K, reserved 1114112K
  class space    used 6892K, committed 7424K, reserved 1048576K
}
Event: 37.245 GC heap before
{Heap before GC invocations=47 (full 0):
 garbage-first heap   total 485376K, used 380928K [0x0000000701800000, 0x0000000800000000)
  region size 2048K, 72 young (147456K), 10 survivors (20480K)
 Metaspace       used 68969K, committed 70464K, reserved 1114112K
  class space    used 7087K, committed 7680K, reserved 1048576K
}
Event: 37.271 GC heap after
{Heap after GC invocations=48 (full 0):
 garbage-first heap   total 485376K, used 275180K [0x0000000701800000, 0x0000000800000000)
  region size 2048K, 9 young (18432K), 9 survivors (18432K)
 Metaspace       used 68969K, committed 70464K, reserved 1114112K
  class space    used 7087K, committed 7680K, reserved 1048576K
}
Event: 37.858 GC heap before
{Heap before GC invocations=48 (full 0):
 garbage-first heap   total 485376K, used 383724K [0x0000000701800000, 0x0000000800000000)
  region size 2048K, 63 young (129024K), 9 survivors (18432K)
 Metaspace       used 69307K, committed 70784K, reserved 1114112K
  class space    used 7097K, committed 7680K, reserved 1048576K
}

