# JRE version: Java(TM) SE Runtime Environment (18.0.2.1+1) (build 18.0.2.1+1-1)
# Java VM: Java HotSpot(TM) 64-Bit Server VM (18.0.2.1+1-1, mixed mode, sharing, tiered, compressed oops, compressed class ptrs, g1 gc, windows-amd64)
GC Precious Log:
 CardTable entry size: 512
 Card Set container configuration: InlinePtr #cards 4 size 8 Array Of Cards #cards 16 size 48 Howl #buckets 8 coarsen threshold 3686 Howl Bitmap #cards 512 size 80 coarsen threshold 460 Card regions per heap region 1 cards per card region 4096
 CPUs: 8 total, 8 available
 Memory: 16283M
 Large Page Support: Disabled
 NUMA Support: Disabled
 Compressed Oops: Enabled (Zero based)
 Heap Region Size: 2M
 Heap Min Capacity: 8M
 Heap Initial Capacity: 256M
 Heap Max Capacity: 4072M
 Pre-touch: Disabled
 Parallel Workers: 8
 Concurrent Workers: 2
 Concurrent Refinement Workers: 8
 Periodic GC: Disabled
Heap:
 garbage-first heap   total 782336K, used 476495K [0x0000000701800000, 0x0000000800000000)
  region size 2048K, 103 young (210944K), 22 survivors (45056K)
 Metaspace       used 70986K, committed 72512K, reserved 1114112K
  class space    used 7023K, committed 7680K, reserved 1048576K
GC Heap History (20 events):
Event: 22.851 GC heap before
{Heap before GC invocations=25 (full 0):
 garbage-first heap   total 202752K, used 125469K [0x0000000701800000, 0x0000000800000000)
  region size 2048K, 4 young (8192K), 3 survivors (6144K)
 Metaspace       used 57238K, committed 58560K, reserved 1114112K
  class space    used 5782K, committed 6400K, reserved 1048576K
}
Event: 22.859 GC heap after
{Heap after GC invocations=26 (full 0):
 garbage-first heap   total 202752K, used 124123K [0x0000000701800000, 0x0000000800000000)
  region size 2048K, 1 young (2048K), 1 survivors (2048K)
 Metaspace       used 57238K, committed 58560K, reserved 1114112K
  class space    used 5782K, committed 6400K, reserved 1048576K
}
Event: 23.210 GC heap before
{Heap before GC invocations=26 (full 0):
 garbage-first heap   total 202752K, used 156891K [0x0000000701800000, 0x0000000800000000)
  region size 2048K, 18 young (36864K), 1 survivors (2048K)
 Metaspace       used 57655K, committed 58944K, reserved 1114112K
  class space    used 5783K, committed 6400K, reserved 1048576K
}
Event: 23.217 GC heap after
{Heap after GC invocations=27 (full 0):
 garbage-first heap   total 405504K, used 131052K [0x0000000701800000, 0x0000000800000000)
  region size 2048K, 3 young (6144K), 3 survivors (6144K)
 Metaspace       used 57655K, committed 58944K, reserved 1114112K
  class space    used 5783K, committed 6400K, reserved 1048576K
}
Event: 24.603 GC heap before
{Heap before GC invocations=28 (full 0):
 garbage-first heap   total 405504K, used 288748K [0x0000000701800000, 0x0000000800000000)
  region size 2048K, 80 young (163840K), 3 survivors (6144K)
 Metaspace       used 59386K, committed 60736K, reserved 1114112K
  class space    used 5917K, committed 6528K, reserved 1048576K
}
Event: 24.633 GC heap after
{Heap after GC invocations=29 (full 0):
 garbage-first heap   total 405504K, used 157617K [0x0000000701800000, 0x0000000800000000)
  region size 2048K, 10 young (20480K), 10 survivors (20480K)
 Metaspace       used 59386K, committed 60736K, reserved 1114112K
  class space    used 5917K, committed 6528K, reserved 1048576K
}
Event: 24.665 GC heap before
{Heap before GC invocations=29 (full 0):
 garbage-first heap   total 405504K, used 159665K [0x0000000701800000, 0x0000000800000000)
  region size 2048K, 11 young (22528K), 10 survivors (20480K)
 Metaspace       used 59397K, committed 60736K, reserved 1114112K
  class space    used 5917K, committed 6528K, reserved 1048576K
}
Event: 24.677 GC heap after
{Heap after GC invocations=30 (full 0):
 garbage-first heap   total 405504K, used 160177K [0x0000000701800000, 0x0000000800000000)
  region size 2048K, 2 young (4096K), 2 survivors (4096K)
 Metaspace       used 59397K, committed 60736K, reserved 1114112K
  class space    used 5917K, committed 6528K, reserved 1048576K
}
Event: 25.885 GC heap before
{Heap before GC invocations=30 (full 0):
 garbage-first heap   total 405504K, used 291249K [0x0000000701800000, 0x0000000800000000)
  region size 2048K, 67 young (137216K), 2 survivors (4096K)
 Metaspace       used 61115K, committed 62528K, reserved 1114112K
  class space    used 6074K, committed 6720K, reserved 1048576K
}
Event: 25.897 GC heap after
{Heap after GC invocations=31 (full 0):
 garbage-first heap   total 405504K, used 178176K [0x0000000701800000, 0x0000000800000000)
  region size 2048K, 9 young (18432K), 9 survivors (18432K)
 Metaspace       used 61115K, committed 62528K, reserved 1114112K
  class space    used 6074K, committed 6720K, reserved 1048576K
}
Event: 27.287 GC heap before
{Heap before GC invocations=31 (full 0):
 garbage-first heap   total 405504K, used 309248K [0x0000000701800000, 0x0000000800000000)
  region size 2048K, 71 young (145408K), 9 survivors (18432K)
 Metaspace       used 61411K, committed 62784K, reserved 1114112K
  class space    used 6097K, committed 6720K, reserved 1048576K
}
Event: 27.310 GC heap after
{Heap after GC invocations=32 (full 0):
 garbage-first heap   total 405504K, used 207273K [0x0000000701800000, 0x0000000800000000)
  region size 2048K, 9 young (18432K), 9 survivors (18432K)
 Metaspace       used 61411K, committed 62784K, reserved 1114112K
  class space    used 6097K, committed 6720K, reserved 1048576K
}
Event: 28.317 GC heap before
{Heap before GC invocations=32 (full 0):
 garbage-first heap   total 405504K, used 313769K [0x0000000701800000, 0x0000000800000000)
  region size 2048K, 61 young (124928K), 9 survivors (18432K)
 Metaspace       used 62264K, committed 63616K, reserved 1114112K
  class space    used 6178K, committed 6784K, reserved 1048576K
}
Event: 28.351 GC heap after
{Heap after GC invocations=33 (full 0):
 garbage-first heap   total 405504K, used 229857K [0x0000000701800000, 0x0000000800000000)
  region size 2048K, 8 young (16384K), 8 survivors (16384K)
 Metaspace       used 62264K, committed 63616K, reserved 1114112K
  class space    used 6178K, committed 6784K, reserved 1048576K
}
Event: 29.138 GC heap before
{Heap before GC invocations=33 (full 0):
 garbage-first heap   total 405504K, used 317921K [0x0000000701800000, 0x0000000800000000)
  region size 2048K, 52 young (106496K), 8 survivors (16384K)
 Metaspace       used 63542K, committed 64960K, reserved 1114112K
  class space    used 6337K, committed 6976K, reserved 1048576K
}
Event: 29.163 GC heap after
{Heap after GC invocations=34 (full 0):
 garbage-first heap   total 782336K, used 248899K [0x0000000701800000, 0x0000000800000000)
  region size 2048K, 7 young (14336K), 7 survivors (14336K)
 Metaspace       used 63542K, committed 64960K, reserved 1114112K
  class space    used 6337K, committed 6976K, reserved 1048576K
}
Event: 30.895 GC heap before
{Heap before GC invocations=34 (full 0):
 garbage-first heap   total 782336K, used 576579K [0x0000000701800000, 0x0000000800000000)
  region size 2048K, 168 young (344064K), 7 survivors (14336K)
 Metaspace       used 65883K, committed 67392K, reserved 1114112K
  class space    used 6549K, committed 7232K, reserved 1048576K
}
Event: 30.944 GC heap after
{Heap after GC invocations=35 (full 0):
 garbage-first heap   total 782336K, used 270014K [0x0000000701800000, 0x0000000800000000)
  region size 2048K, 18 young (36864K), 18 survivors (36864K)
 Metaspace       used 65883K, committed 67392K, reserved 1114112K
  class space    used 6549K, committed 7232K, reserved 1048576K
}
Event: 33.495 GC heap before
{Heap before GC invocations=35 (full 0):
 garbage-first heap   total 782336K, used 579262K [0x0000000701800000, 0x0000000800000000)
  region size 2048K, 170 young (348160K), 18 survivors (36864K)
 Metaspace       used 69747K, committed 71296K, reserved 1114112K
  class space    used 6874K, committed 7552K, reserved 1048576K
}
Event: 33.545 GC heap after
{Heap after GC invocations=36 (full 0):
 garbage-first heap   total 782336K, used 310607K [0x0000000701800000, 0x0000000800000000)
  region size 2048K, 22 young (45056K), 22 survivors (45056K)
 Metaspace       used 69747K, committed 71296K, reserved 1114112K
  class space    used 6874K, committed 7552K, reserved 1048576K
}

