# JRE version: Java(TM) SE Runtime Environment (18.0.2.1+1) (build 18.0.2.1+1-1)
# Java VM: Java HotSpot(TM) 64-Bit Server VM (18.0.2.1+1-1, mixed mode, sharing, tiered, compressed oops, compressed class ptrs, g1 gc, windows-amd64)
GC Precious Log:
 CardTable entry size: 512
 Card Set container configuration: InlinePtr #cards 4 size 8 Array Of Cards #cards 16 size 48 Howl #buckets 8 coarsen threshold 3686 Howl Bitmap #cards 512 size 80 coarsen threshold 460 Card regions per heap region 1 cards per card region 4096
 CPUs: 8 total, 8 available
 Memory: 16283M
 Large Page Support: Disabled
 NUMA Support: Disabled
 Compressed Oops: Enabled (Zero based)
 Heap Region Size: 2M
 Heap Min Capacity: 8M
 Heap Initial Capacity: 256M
 Heap Max Capacity: 4072M
 Pre-touch: Disabled
 Parallel Workers: 8
 Concurrent Workers: 2
 Concurrent Refinement Workers: 8
 Periodic GC: Disabled
Heap:
 garbage-first heap   total 577536K, used 498948K [0x0000000701800000, 0x0000000800000000)
  region size 2048K, 75 young (153600K), 3 survivors (6144K)
 Metaspace       used 82024K, committed 83776K, reserved 1179648K
  class space    used 7784K, committed 8576K, reserved 1048576K
GC Heap History (20 events):
Event: 588.198 GC heap before
{Heap before GC invocations=61 (full 0):
 garbage-first heap   total 577536K, used 502120K [0x0000000701800000, 0x0000000800000000)
  region size 2048K, 75 young (153600K), 2 survivors (4096K)
 Metaspace       used 80850K, committed 82560K, reserved 1179648K
  class space    used 7722K, committed 8512K, reserved 1048576K
}
Event: 588.200 GC heap after
{Heap after GC invocations=62 (full 0):
 garbage-first heap   total 577536K, used 352563K [0x0000000701800000, 0x0000000800000000)
  region size 2048K, 1 young (2048K), 1 survivors (2048K)
 Metaspace       used 80850K, committed 82560K, reserved 1179648K
  class space    used 7722K, committed 8512K, reserved 1048576K
}
Event: 616.342 GC heap before
{Heap before GC invocations=62 (full 0):
 garbage-first heap   total 577536K, used 504115K [0x0000000701800000, 0x0000000800000000)
  region size 2048K, 76 young (155648K), 1 survivors (2048K)
 Metaspace       used 80956K, committed 82688K, reserved 1179648K
  class space    used 7723K, committed 8512K, reserved 1048576K
}
Event: 616.345 GC heap after
{Heap after GC invocations=63 (full 0):
 garbage-first heap   total 577536K, used 352707K [0x0000000701800000, 0x0000000800000000)
  region size 2048K, 2 young (4096K), 2 survivors (4096K)
 Metaspace       used 80956K, committed 82688K, reserved 1179648K
  class space    used 7723K, committed 8512K, reserved 1048576K
}
Event: 655.109 GC heap before
{Heap before GC invocations=63 (full 0):
 garbage-first heap   total 577536K, used 502211K [0x0000000701800000, 0x0000000800000000)
  region size 2048K, 76 young (155648K), 2 survivors (4096K)
 Metaspace       used 81013K, committed 82752K, reserved 1179648K
  class space    used 7726K, committed 8512K, reserved 1048576K
}
Event: 655.111 GC heap after
{Heap after GC invocations=64 (full 0):
 garbage-first heap   total 577536K, used 352238K [0x0000000701800000, 0x0000000800000000)
  region size 2048K, 1 young (2048K), 1 survivors (2048K)
 Metaspace       used 81013K, committed 82752K, reserved 1179648K
  class space    used 7726K, committed 8512K, reserved 1048576K
}
Event: 667.248 GC heap before
{Heap before GC invocations=64 (full 0):
 garbage-first heap   total 577536K, used 505838K [0x0000000701800000, 0x0000000800000000)
  region size 2048K, 77 young (157696K), 1 survivors (2048K)
 Metaspace       used 81225K, committed 82944K, reserved 1179648K
  class space    used 7726K, committed 8512K, reserved 1048576K
}
Event: 667.251 GC heap after
{Heap after GC invocations=65 (full 0):
 garbage-first heap   total 577536K, used 353970K [0x0000000701800000, 0x0000000800000000)
  region size 2048K, 2 young (4096K), 2 survivors (4096K)
 Metaspace       used 81225K, committed 82944K, reserved 1179648K
  class space    used 7726K, committed 8512K, reserved 1048576K
}
Event: 675.610 GC heap before
{Heap before GC invocations=65 (full 0):
 garbage-first heap   total 577536K, used 505522K [0x0000000701800000, 0x0000000800000000)
  region size 2048K, 77 young (157696K), 2 survivors (4096K)
 Metaspace       used 81300K, committed 83008K, reserved 1179648K
  class space    used 7726K, committed 8512K, reserved 1048576K
}
Event: 675.612 GC heap after
{Heap after GC invocations=66 (full 0):
 garbage-first heap   total 577536K, used 352512K [0x0000000701800000, 0x0000000800000000)
  region size 2048K, 1 young (2048K), 1 survivors (2048K)
 Metaspace       used 81300K, committed 83008K, reserved 1179648K
  class space    used 7726K, committed 8512K, reserved 1048576K
}
Event: 693.805 GC heap before
{Heap before GC invocations=66 (full 0):
 garbage-first heap   total 577536K, used 506112K [0x0000000701800000, 0x0000000800000000)
  region size 2048K, 77 young (157696K), 1 survivors (2048K)
 Metaspace       used 81524K, committed 83200K, reserved 1179648K
  class space    used 7748K, committed 8512K, reserved 1048576K
}
Event: 693.808 GC heap after
{Heap after GC invocations=67 (full 0):
 garbage-first heap   total 577536K, used 353871K [0x0000000701800000, 0x0000000800000000)
  region size 2048K, 2 young (4096K), 2 survivors (4096K)
 Metaspace       used 81524K, committed 83200K, reserved 1179648K
  class space    used 7748K, committed 8512K, reserved 1048576K
}
Event: 710.652 GC heap before
{Heap before GC invocations=67 (full 0):
 garbage-first heap   total 577536K, used 505423K [0x0000000701800000, 0x0000000800000000)
  region size 2048K, 77 young (157696K), 2 survivors (4096K)
 Metaspace       used 81647K, committed 83264K, reserved 1179648K
  class space    used 7751K, committed 8512K, reserved 1048576K
}
Event: 710.654 GC heap after
{Heap after GC invocations=68 (full 0):
 garbage-first heap   total 577536K, used 353713K [0x0000000701800000, 0x0000000800000000)
  region size 2048K, 2 young (4096K), 2 survivors (4096K)
 Metaspace       used 81647K, committed 83264K, reserved 1179648K
  class space    used 7751K, committed 8512K, reserved 1048576K
}
Event: 722.204 GC heap before
{Heap before GC invocations=68 (full 0):
 garbage-first heap   total 577536K, used 513457K [0x0000000701800000, 0x0000000800000000)
  region size 2048K, 77 young (157696K), 2 survivors (4096K)
 Metaspace       used 81807K, committed 83520K, reserved 1179648K
  class space    used 7775K, committed 8576K, reserved 1048576K
}
Event: 722.210 GC heap after
{Heap after GC invocations=69 (full 0):
 garbage-first heap   total 577536K, used 360882K [0x0000000701800000, 0x0000000800000000)
  region size 2048K, 5 young (10240K), 5 survivors (10240K)
 Metaspace       used 81807K, committed 83520K, reserved 1179648K
  class space    used 7775K, committed 8576K, reserved 1048576K
}
Event: 730.832 GC heap before
{Heap before GC invocations=69 (full 0):
 garbage-first heap   total 577536K, used 498098K [0x0000000701800000, 0x0000000800000000)
  region size 2048K, 73 young (149504K), 5 survivors (10240K)
 Metaspace       used 81870K, committed 83584K, reserved 1179648K
  class space    used 7776K, committed 8576K, reserved 1048576K
}
Event: 730.835 GC heap after
{Heap after GC invocations=70 (full 0):
 garbage-first heap   total 577536K, used 353944K [0x0000000701800000, 0x0000000800000000)
  region size 2048K, 2 young (4096K), 2 survivors (4096K)
 Metaspace       used 81870K, committed 83584K, reserved 1179648K
  class space    used 7776K, committed 8576K, reserved 1048576K
}
Event: 748.056 GC heap before
{Heap before GC invocations=70 (full 0):
 garbage-first heap   total 577536K, used 501400K [0x0000000701800000, 0x0000000800000000)
  region size 2048K, 75 young (153600K), 2 survivors (4096K)
 Metaspace       used 81954K, committed 83712K, reserved 1179648K
  class space    used 7777K, committed 8576K, reserved 1048576K
}
Event: 748.061 GC heap after
{Heap after GC invocations=71 (full 0):
 garbage-first heap   total 577536K, used 355588K [0x0000000701800000, 0x0000000800000000)
  region size 2048K, 3 young (6144K), 3 survivors (6144K)
 Metaspace       used 81954K, committed 83712K, reserved 1179648K
  class space    used 7777K, committed 8576K, reserved 1048576K
}

