# JRE version: Java(TM) SE Runtime Environment (18.0.2.1+1) (build 18.0.2.1+1-1)
# Java VM: Java HotSpot(TM) 64-Bit Server VM (18.0.2.1+1-1, mixed mode, sharing, tiered, compressed oops, compressed class ptrs, g1 gc, windows-amd64)
GC Precious Log:
 CardTable entry size: 512
 Card Set container configuration: InlinePtr #cards 4 size 8 Array Of Cards #cards 16 size 48 Howl #buckets 8 coarsen threshold 3686 Howl Bitmap #cards 512 size 80 coarsen threshold 460 Card regions per heap region 1 cards per card region 4096
 CPUs: 8 total, 8 available
 Memory: 16283M
 Large Page Support: Disabled
 NUMA Support: Disabled
 Compressed Oops: Enabled (Zero based)
 Heap Region Size: 2M
 Heap Min Capacity: 8M
 Heap Initial Capacity: 256M
 Heap Max Capacity: 4072M
 Pre-touch: Disabled
 Parallel Workers: 8
 Concurrent Workers: 2
 Concurrent Refinement Workers: 8
 Periodic GC: Disabled
Heap:
 garbage-first heap   total 497664K, used 341874K [0x0000000701800000, 0x0000000800000000)
  region size 2048K, 44 young (90112K), 10 survivors (20480K)
 Metaspace       used 69365K, committed 70848K, reserved 1114112K
  class space    used 6914K, committed 7552K, reserved 1048576K
GC Heap History (20 events):
Event: 21.895 GC heap before
{Heap before GC invocations=25 (full 0):
 garbage-first heap   total 223232K, used 137534K [0x0000000701800000, 0x0000000800000000)
  region size 2048K, 18 young (36864K), 3 survivors (6144K)
 Metaspace       used 59233K, committed 60544K, reserved 1114112K
  class space    used 5925K, committed 6528K, reserved 1048576K
}
Event: 21.904 GC heap after
{Heap after GC invocations=26 (full 0):
 garbage-first heap   total 223232K, used 113241K [0x0000000701800000, 0x0000000800000000)
  region size 2048K, 3 young (6144K), 3 survivors (6144K)
 Metaspace       used 59233K, committed 60544K, reserved 1114112K
  class space    used 5925K, committed 6528K, reserved 1048576K
}
Event: 22.049 GC heap before
{Heap before GC invocations=26 (full 0):
 garbage-first heap   total 223232K, used 117337K [0x0000000701800000, 0x0000000800000000)
  region size 2048K, 5 young (10240K), 3 survivors (6144K)
 Metaspace       used 59268K, committed 60608K, reserved 1114112K
  class space    used 5926K, committed 6528K, reserved 1048576K
}
Event: 22.055 GC heap after
{Heap after GC invocations=27 (full 0):
 garbage-first heap   total 372736K, used 113165K [0x0000000701800000, 0x0000000800000000)
  region size 2048K, 1 young (2048K), 1 survivors (2048K)
 Metaspace       used 59268K, committed 60608K, reserved 1114112K
  class space    used 5926K, committed 6528K, reserved 1048576K
}
Event: 24.284 GC heap before
{Heap before GC invocations=27 (full 0):
 garbage-first heap   total 372736K, used 268813K [0x0000000701800000, 0x0000000800000000)
  region size 2048K, 77 young (157696K), 1 survivors (2048K)
 Metaspace       used 61255K, committed 62656K, reserved 1114112K
  class space    used 6090K, committed 6720K, reserved 1048576K
}
Event: 24.299 GC heap after
{Heap after GC invocations=28 (full 0):
 garbage-first heap   total 372736K, used 137085K [0x0000000701800000, 0x0000000800000000)
  region size 2048K, 10 young (20480K), 10 survivors (20480K)
 Metaspace       used 61255K, committed 62656K, reserved 1114112K
  class space    used 6090K, committed 6720K, reserved 1048576K
}
Event: 25.792 GC heap before
{Heap before GC invocations=28 (full 0):
 garbage-first heap   total 372736K, used 266109K [0x0000000701800000, 0x0000000800000000)
  region size 2048K, 74 young (151552K), 10 survivors (20480K)
 Metaspace       used 62452K, committed 63808K, reserved 1114112K
  class space    used 6215K, committed 6784K, reserved 1048576K
}
Event: 25.815 GC heap after
{Heap after GC invocations=29 (full 0):
 garbage-first heap   total 372736K, used 160485K [0x0000000701800000, 0x0000000800000000)
  region size 2048K, 10 young (20480K), 10 survivors (20480K)
 Metaspace       used 62452K, committed 63808K, reserved 1114112K
  class space    used 6215K, committed 6784K, reserved 1048576K
}
Event: 26.239 GC heap before
{Heap before GC invocations=29 (full 0):
 garbage-first heap   total 372736K, used 277221K [0x0000000701800000, 0x0000000800000000)
  region size 2048K, 68 young (139264K), 10 survivors (20480K)
 Metaspace       used 63181K, committed 64576K, reserved 1114112K
  class space    used 6287K, committed 6912K, reserved 1048576K
}
Event: 26.266 GC heap after
{Heap after GC invocations=30 (full 0):
 garbage-first heap   total 372736K, used 173865K [0x0000000701800000, 0x0000000800000000)
  region size 2048K, 6 young (12288K), 6 survivors (12288K)
 Metaspace       used 63181K, committed 64576K, reserved 1114112K
  class space    used 6287K, committed 6912K, reserved 1048576K
}
Event: 26.584 GC heap before
{Heap before GC invocations=30 (full 0):
 garbage-first heap   total 372736K, used 286505K [0x0000000701800000, 0x0000000800000000)
  region size 2048K, 62 young (126976K), 6 survivors (12288K)
 Metaspace       used 63549K, committed 64896K, reserved 1114112K
  class space    used 6324K, committed 6912K, reserved 1048576K
}
Event: 26.597 GC heap after
{Heap after GC invocations=31 (full 0):
 garbage-first heap   total 372736K, used 184123K [0x0000000701800000, 0x0000000800000000)
  region size 2048K, 6 young (12288K), 6 survivors (12288K)
 Metaspace       used 63549K, committed 64896K, reserved 1114112K
  class space    used 6324K, committed 6912K, reserved 1048576K
}
Event: 26.902 GC heap before
{Heap before GC invocations=31 (full 0):
 garbage-first heap   total 372736K, used 290619K [0x0000000701800000, 0x0000000800000000)
  region size 2048K, 59 young (120832K), 6 survivors (12288K)
 Metaspace       used 63586K, committed 64960K, reserved 1114112K
  class space    used 6324K, committed 6912K, reserved 1048576K
}
Event: 26.913 GC heap after
{Heap after GC invocations=32 (full 0):
 garbage-first heap   total 497664K, used 191833K [0x0000000701800000, 0x0000000800000000)
  region size 2048K, 5 young (10240K), 5 survivors (10240K)
 Metaspace       used 63586K, committed 64960K, reserved 1114112K
  class space    used 6324K, committed 6912K, reserved 1048576K
}
Event: 29.868 GC heap before
{Heap before GC invocations=32 (full 0):
 garbage-first heap   total 497664K, used 388441K [0x0000000701800000, 0x0000000800000000)
  region size 2048K, 100 young (204800K), 5 survivors (10240K)
 Metaspace       used 65846K, committed 67200K, reserved 1114112K
  class space    used 6614K, committed 7232K, reserved 1048576K
}
Event: 29.890 GC heap after
{Heap after GC invocations=33 (full 0):
 garbage-first heap   total 497664K, used 227804K [0x0000000701800000, 0x0000000800000000)
  region size 2048K, 13 young (26624K), 13 survivors (26624K)
 Metaspace       used 65846K, committed 67200K, reserved 1114112K
  class space    used 6614K, committed 7232K, reserved 1048576K
}
Event: 30.897 GC heap before
{Heap before GC invocations=33 (full 0):
 garbage-first heap   total 497664K, used 383452K [0x0000000701800000, 0x0000000800000000)
  region size 2048K, 90 young (184320K), 13 survivors (26624K)
 Metaspace       used 67532K, committed 68928K, reserved 1114112K
  class space    used 6745K, committed 7360K, reserved 1048576K
}
Event: 30.927 GC heap after
{Heap after GC invocations=34 (full 0):
 garbage-first heap   total 497664K, used 253611K [0x0000000701800000, 0x0000000800000000)
  region size 2048K, 12 young (24576K), 12 survivors (24576K)
 Metaspace       used 67532K, committed 68928K, reserved 1114112K
  class space    used 6745K, committed 7360K, reserved 1048576K
}
Event: 32.078 GC heap before
{Heap before GC invocations=34 (full 0):
 garbage-first heap   total 497664K, used 390827K [0x0000000701800000, 0x0000000800000000)
  region size 2048K, 80 young (163840K), 12 survivors (24576K)
 Metaspace       used 68983K, committed 70336K, reserved 1114112K
  class space    used 6878K, committed 7488K, reserved 1048576K
}
Event: 32.096 GC heap after
{Heap after GC invocations=35 (full 0):
 garbage-first heap   total 497664K, used 274290K [0x0000000701800000, 0x0000000800000000)
  region size 2048K, 10 young (20480K), 10 survivors (20480K)
 Metaspace       used 68983K, committed 70336K, reserved 1114112K
  class space    used 6878K, committed 7488K, reserved 1048576K
}

