# JRE version: Java(TM) SE Runtime Environment (18.0.2.1+1) (build 18.0.2.1+1-1)
# Java VM: Java HotSpot(TM) 64-Bit Server VM (18.0.2.1+1-1, mixed mode, sharing, tiered, compressed oops, compressed class ptrs, g1 gc, windows-amd64)
GC Precious Log:
 CardTable entry size: 512
 Card Set container configuration: InlinePtr #cards 4 size 8 Array Of Cards #cards 16 size 48 Howl #buckets 8 coarsen threshold 3686 Howl Bitmap #cards 512 size 80 coarsen threshold 460 Card regions per heap region 1 cards per card region 4096
 CPUs: 8 total, 8 available
 Memory: 16283M
 Large Page Support: Disabled
 NUMA Support: Disabled
 Compressed Oops: Enabled (Zero based)
 Heap Region Size: 2M
 Heap Min Capacity: 8M
 Heap Initial Capacity: 256M
 Heap Max Capacity: 4072M
 Pre-touch: Disabled
 Parallel Workers: 8
 Concurrent Workers: 2
 Concurrent Refinement Workers: 8
 Periodic GC: Disabled
Heap:
 garbage-first heap   total 579584K, used 502911K [0x0000000701800000, 0x0000000800000000)
  region size 2048K, 2 young (4096K), 2 survivors (4096K)
 Metaspace       used 80019K, committed 81536K, reserved 1179648K
  class space    used 7755K, committed 8448K, reserved 1048576K
GC Heap History (20 events):
Event: 503.651 GC heap after
{Heap after GC invocations=80 (full 0):
 garbage-first heap   total 579584K, used 455440K [0x0000000701800000, 0x0000000800000000)
  region size 2048K, 1 young (2048K), 1 survivors (2048K)
 Metaspace       used 79379K, committed 80960K, reserved 1179648K
  class space    used 7725K, committed 8448K, reserved 1048576K
}
Event: 504.548 GC heap before
{Heap before GC invocations=80 (full 0):
 garbage-first heap   total 579584K, used 506640K [0x0000000701800000, 0x0000000800000000)
  region size 2048K, 27 young (55296K), 1 survivors (2048K)
 Metaspace       used 79638K, committed 81152K, reserved 1179648K
  class space    used 7740K, committed 8448K, reserved 1048576K
}
Event: 504.556 GC heap after
{Heap after GC invocations=81 (full 0):
 garbage-first heap   total 579584K, used 466770K [0x0000000701800000, 0x0000000800000000)
  region size 2048K, 4 young (8192K), 4 survivors (8192K)
 Metaspace       used 79638K, committed 81152K, reserved 1179648K
  class space    used 7740K, committed 8448K, reserved 1048576K
}
Event: 504.824 GC heap before
{Heap before GC invocations=81 (full 0):
 garbage-first heap   total 579584K, used 501586K [0x0000000701800000, 0x0000000800000000)
  region size 2048K, 22 young (45056K), 4 survivors (8192K)
 Metaspace       used 79638K, committed 81216K, reserved 1179648K
  class space    used 7740K, committed 8448K, reserved 1048576K
}
Event: 504.840 GC heap after
{Heap after GC invocations=82 (full 0):
 garbage-first heap   total 579584K, used 481779K [0x0000000701800000, 0x0000000800000000)
  region size 2048K, 3 young (6144K), 3 survivors (6144K)
 Metaspace       used 79638K, committed 81216K, reserved 1179648K
  class space    used 7740K, committed 8448K, reserved 1048576K
}
Event: 505.092 GC heap before
{Heap before GC invocations=82 (full 0):
 garbage-first heap   total 579584K, used 504307K [0x0000000701800000, 0x0000000800000000)
  region size 2048K, 14 young (28672K), 3 survivors (6144K)
 Metaspace       used 79736K, committed 81280K, reserved 1179648K
  class space    used 7744K, committed 8448K, reserved 1048576K
}
Event: 505.102 GC heap after
{Heap after GC invocations=83 (full 0):
 garbage-first heap   total 579584K, used 486871K [0x0000000701800000, 0x0000000800000000)
  region size 2048K, 2 young (4096K), 2 survivors (4096K)
 Metaspace       used 79736K, committed 81280K, reserved 1179648K
  class space    used 7744K, committed 8448K, reserved 1048576K
}
Event: 505.925 GC heap before
{Heap before GC invocations=83 (full 0):
 garbage-first heap   total 579584K, used 509399K [0x0000000701800000, 0x0000000800000000)
  region size 2048K, 14 young (28672K), 2 survivors (4096K)
 Metaspace       used 79760K, committed 81280K, reserved 1179648K
  class space    used 7745K, committed 8448K, reserved 1048576K
}
Event: 505.929 GC heap after
{Heap after GC invocations=84 (full 0):
 garbage-first heap   total 579584K, used 488091K [0x0000000701800000, 0x0000000800000000)
  region size 2048K, 2 young (4096K), 2 survivors (4096K)
 Metaspace       used 79760K, committed 81280K, reserved 1179648K
  class space    used 7745K, committed 8448K, reserved 1048576K
}
Event: 513.250 GC heap before
{Heap before GC invocations=84 (full 0):
 garbage-first heap   total 579584K, used 512667K [0x0000000701800000, 0x0000000800000000)
  region size 2048K, 14 young (28672K), 2 survivors (4096K)
 Metaspace       used 79802K, committed 81344K, reserved 1179648K
  class space    used 7745K, committed 8448K, reserved 1048576K
}
Event: 513.253 GC heap after
{Heap after GC invocations=85 (full 0):
 garbage-first heap   total 579584K, used 489088K [0x0000000701800000, 0x0000000800000000)
  region size 2048K, 1 young (2048K), 1 survivors (2048K)
 Metaspace       used 79802K, committed 81344K, reserved 1179648K
  class space    used 7745K, committed 8448K, reserved 1048576K
}
Event: 520.684 GC heap before
{Heap before GC invocations=85 (full 0):
 garbage-first heap   total 579584K, used 515712K [0x0000000701800000, 0x0000000800000000)
  region size 2048K, 14 young (28672K), 1 survivors (2048K)
 Metaspace       used 79933K, committed 81472K, reserved 1179648K
  class space    used 7751K, committed 8448K, reserved 1048576K
}
Event: 520.686 GC heap after
{Heap after GC invocations=86 (full 0):
 garbage-first heap   total 579584K, used 489070K [0x0000000701800000, 0x0000000800000000)
  region size 2048K, 1 young (2048K), 1 survivors (2048K)
 Metaspace       used 79933K, committed 81472K, reserved 1179648K
  class space    used 7751K, committed 8448K, reserved 1048576K
}
Event: 521.961 GC heap before
{Heap before GC invocations=86 (full 0):
 garbage-first heap   total 579584K, used 515694K [0x0000000701800000, 0x0000000800000000)
  region size 2048K, 14 young (28672K), 1 survivors (2048K)
 Metaspace       used 80002K, committed 81536K, reserved 1179648K
  class space    used 7755K, committed 8448K, reserved 1048576K
}
Event: 521.964 GC heap after
{Heap after GC invocations=87 (full 0):
 garbage-first heap   total 579584K, used 489293K [0x0000000701800000, 0x0000000800000000)
  region size 2048K, 1 young (2048K), 1 survivors (2048K)
 Metaspace       used 80002K, committed 81536K, reserved 1179648K
  class space    used 7755K, committed 8448K, reserved 1048576K
}
Event: 522.058 GC heap before
{Heap before GC invocations=87 (full 0):
 garbage-first heap   total 579584K, used 515917K [0x0000000701800000, 0x0000000800000000)
  region size 2048K, 14 young (28672K), 1 survivors (2048K)
 Metaspace       used 80006K, committed 81536K, reserved 1179648K
  class space    used 7755K, committed 8448K, reserved 1048576K
}
Event: 522.065 GC heap after
{Heap after GC invocations=88 (full 0):
 garbage-first heap   total 579584K, used 494588K [0x0000000701800000, 0x0000000800000000)
  region size 2048K, 2 young (4096K), 2 survivors (4096K)
 Metaspace       used 80006K, committed 81536K, reserved 1179648K
  class space    used 7755K, committed 8448K, reserved 1048576K
}
Event: 522.135 GC heap before
{Heap before GC invocations=88 (full 0):
 garbage-first heap   total 579584K, used 519164K [0x0000000701800000, 0x0000000800000000)
  region size 2048K, 14 young (28672K), 2 survivors (4096K)
 Metaspace       used 80019K, committed 81536K, reserved 1179648K
  class space    used 7755K, committed 8448K, reserved 1048576K
}
Event: 522.143 GC heap after
{Heap after GC invocations=89 (full 0):
 garbage-first heap   total 579584K, used 498876K [0x0000000701800000, 0x0000000800000000)
  region size 2048K, 2 young (4096K), 2 survivors (4096K)
 Metaspace       used 80019K, committed 81536K, reserved 1179648K
  class space    used 7755K, committed 8448K, reserved 1048576K
}
Event: 522.326 GC heap before
{Heap before GC invocations=89 (full 0):
 garbage-first heap   total 579584K, used 523452K [0x0000000701800000, 0x0000000800000000)
  region size 2048K, 14 young (28672K), 2 survivors (4096K)
 Metaspace       used 80019K, committed 81536K, reserved 1179648K
  class space    used 7755K, committed 8448K, reserved 1048576K
}

