# JRE version: Java(TM) SE Runtime Environment (18.0.2.1+1) (build 18.0.2.1+1-1)
# Java VM: Java HotSpot(TM) 64-Bit Server VM (18.0.2.1+1-1, mixed mode, sharing, tiered, compressed oops, compressed class ptrs, g1 gc, windows-amd64)
GC Precious Log:
 CardTable entry size: 512
 Card Set container configuration: InlinePtr #cards 4 size 8 Array Of Cards #cards 16 size 48 Howl #buckets 8 coarsen threshold 3686 Howl Bitmap #cards 512 size 80 coarsen threshold 460 Card regions per heap region 1 cards per card region 4096
 CPUs: 8 total, 8 available
 Memory: 16283M
 Large Page Support: Disabled
 NUMA Support: Disabled
 Compressed Oops: Enabled (Zero based)
 Heap Region Size: 2M
 Heap Min Capacity: 8M
 Heap Initial Capacity: 256M
 Heap Max Capacity: 4072M
 Pre-touch: Disabled
 Parallel Workers: 8
 Concurrent Workers: 2
 Concurrent Refinement Workers: 8
 Periodic GC: Disabled
Heap:
 garbage-first heap   total 262144K, used 152617K [0x0000000701800000, 0x0000000800000000)
  region size 2048K, 4 young (8192K), 4 survivors (8192K)
 Metaspace       used 43652K, committed 44928K, reserved 1114112K
  class space    used 4461K, committed 4992K, reserved 1048576K
GC Heap History (20 events):
Event: 9.292 GC heap after
{Heap after GC invocations=17 (full 0):
 garbage-first heap   total 94208K, used 47104K [0x0000000701800000, 0x0000000800000000)
  region size 2048K, 3 young (6144K), 3 survivors (6144K)
 Metaspace       used 43623K, committed 44864K, reserved 1114112K
  class space    used 4471K, committed 4992K, reserved 1048576K
}
Event: 9.555 GC heap before
{Heap before GC invocations=17 (full 0):
 garbage-first heap   total 94208K, used 69632K [0x0000000701800000, 0x0000000800000000)
  region size 2048K, 15 young (30720K), 3 survivors (6144K)
 Metaspace       used 43637K, committed 44864K, reserved 1114112K
  class space    used 4472K, committed 4992K, reserved 1048576K
}
Event: 9.560 GC heap after
{Heap after GC invocations=18 (full 0):
 garbage-first heap   total 188416K, used 52910K [0x0000000701800000, 0x0000000800000000)
  region size 2048K, 2 young (4096K), 2 survivors (4096K)
 Metaspace       used 43637K, committed 44864K, reserved 1114112K
  class space    used 4472K, committed 4992K, reserved 1048576K
}
Event: 10.100 GC heap before
{Heap before GC invocations=18 (full 0):
 garbage-first heap   total 188416K, used 128686K [0x0000000701800000, 0x0000000800000000)
  region size 2048K, 40 young (81920K), 2 survivors (4096K)
 Metaspace       used 43645K, committed 44864K, reserved 1114112K
  class space    used 4472K, committed 4992K, reserved 1048576K
}
Event: 10.111 GC heap after
{Heap after GC invocations=19 (full 0):
 garbage-first heap   total 188416K, used 69947K [0x0000000701800000, 0x0000000800000000)
  region size 2048K, 5 young (10240K), 5 survivors (10240K)
 Metaspace       used 43645K, committed 44864K, reserved 1114112K
  class space    used 4472K, committed 4992K, reserved 1048576K
}
Event: 10.600 GC heap before
{Heap before GC invocations=19 (full 0):
 garbage-first heap   total 188416K, used 133435K [0x0000000701800000, 0x0000000800000000)
  region size 2048K, 36 young (73728K), 5 survivors (10240K)
 Metaspace       used 43666K, committed 44864K, reserved 1114112K
  class space    used 4475K, committed 4992K, reserved 1048576K
}
Event: 10.610 GC heap after
{Heap after GC invocations=20 (full 0):
 garbage-first heap   total 188416K, used 85099K [0x0000000701800000, 0x0000000800000000)
  region size 2048K, 5 young (10240K), 5 survivors (10240K)
 Metaspace       used 43666K, committed 44864K, reserved 1114112K
  class space    used 4475K, committed 4992K, reserved 1048576K
}
Event: 10.982 GC heap before
{Heap before GC invocations=20 (full 0):
 garbage-first heap   total 188416K, used 138347K [0x0000000701800000, 0x0000000800000000)
  region size 2048K, 31 young (63488K), 5 survivors (10240K)
 Metaspace       used 43667K, committed 44864K, reserved 1114112K
  class space    used 4475K, committed 4992K, reserved 1048576K
}
Event: 10.991 GC heap after
{Heap after GC invocations=21 (full 0):
 garbage-first heap   total 188416K, used 97566K [0x0000000701800000, 0x0000000800000000)
  region size 2048K, 4 young (8192K), 4 survivors (8192K)
 Metaspace       used 43667K, committed 44864K, reserved 1114112K
  class space    used 4475K, committed 4992K, reserved 1048576K
}
Event: 11.062 GC heap before
{Heap before GC invocations=21 (full 0):
 garbage-first heap   total 188416K, used 107806K [0x0000000701800000, 0x0000000800000000)
  region size 2048K, 10 young (20480K), 4 survivors (8192K)
 Metaspace       used 43667K, committed 44864K, reserved 1114112K
  class space    used 4475K, committed 4992K, reserved 1048576K
}
Event: 11.070 GC heap after
{Heap after GC invocations=22 (full 0):
 garbage-first heap   total 227328K, used 100995K [0x0000000701800000, 0x0000000800000000)
  region size 2048K, 2 young (4096K), 2 survivors (4096K)
 Metaspace       used 43667K, committed 44864K, reserved 1114112K
  class space    used 4475K, committed 4992K, reserved 1048576K
}
Event: 11.539 GC heap before
{Heap before GC invocations=22 (full 0):
 garbage-first heap   total 227328K, used 168579K [0x0000000701800000, 0x0000000800000000)
  region size 2048K, 34 young (69632K), 2 survivors (4096K)
 Metaspace       used 43667K, committed 44864K, reserved 1114112K
  class space    used 4475K, committed 4992K, reserved 1048576K
}
Event: 11.546 GC heap after
{Heap after GC invocations=23 (full 0):
 garbage-first heap   total 227328K, used 116736K [0x0000000701800000, 0x0000000800000000)
  region size 2048K, 5 young (10240K), 5 survivors (10240K)
 Metaspace       used 43667K, committed 44864K, reserved 1114112K
  class space    used 4475K, committed 4992K, reserved 1048576K
}
Event: 12.220 GC heap before
{Heap before GC invocations=23 (full 0):
 garbage-first heap   total 227328K, used 172032K [0x0000000701800000, 0x0000000800000000)
  region size 2048K, 32 young (65536K), 5 survivors (10240K)
 Metaspace       used 43675K, committed 44928K, reserved 1114112K
  class space    used 4475K, committed 4992K, reserved 1048576K
}
Event: 12.229 GC heap after
{Heap after GC invocations=24 (full 0):
 garbage-first heap   total 227328K, used 129024K [0x0000000701800000, 0x0000000800000000)
  region size 2048K, 4 young (8192K), 4 survivors (8192K)
 Metaspace       used 43675K, committed 44928K, reserved 1114112K
  class space    used 4475K, committed 4992K, reserved 1048576K
}
Event: 12.525 GC heap before
{Heap before GC invocations=25 (full 0):
 garbage-first heap   total 249856K, used 176128K [0x0000000701800000, 0x0000000800000000)
  region size 2048K, 27 young (55296K), 4 survivors (8192K)
 Metaspace       used 43652K, committed 44928K, reserved 1114112K
  class space    used 4461K, committed 4992K, reserved 1048576K
}
Event: 12.532 GC heap after
{Heap after GC invocations=26 (full 0):
 garbage-first heap   total 249856K, used 140386K [0x0000000701800000, 0x0000000800000000)
  region size 2048K, 4 young (8192K), 4 survivors (8192K)
 Metaspace       used 43652K, committed 44928K, reserved 1114112K
  class space    used 4461K, committed 4992K, reserved 1048576K
}
Event: 12.551 GC heap before
{Heap before GC invocations=26 (full 0):
 garbage-first heap   total 249856K, used 144482K [0x0000000701800000, 0x0000000800000000)
  region size 2048K, 6 young (12288K), 4 survivors (8192K)
 Metaspace       used 43652K, committed 44928K, reserved 1114112K
  class space    used 4461K, committed 4992K, reserved 1048576K
}
Event: 12.555 GC heap after
{Heap after GC invocations=27 (full 0):
 garbage-first heap   total 249856K, used 140862K [0x0000000701800000, 0x0000000800000000)
  region size 2048K, 1 young (2048K), 1 survivors (2048K)
 Metaspace       used 43652K, committed 44928K, reserved 1114112K
  class space    used 4461K, committed 4992K, reserved 1048576K
}
Event: 12.808 GC heap before
{Heap before GC invocations=27 (full 0):
 garbage-first heap   total 249856K, used 194110K [0x0000000701800000, 0x0000000800000000)
  region size 2048K, 27 young (55296K), 1 survivors (2048K)
 Metaspace       used 43652K, committed 44928K, reserved 1114112K
  class space    used 4461K, committed 4992K, reserved 1048576K
}

