# JRE version: Java(TM) SE Runtime Environment (18.0.2.1+1) (build 18.0.2.1+1-1)
# Java VM: Java HotSpot(TM) 64-Bit Server VM (18.0.2.1+1-1, mixed mode, sharing, tiered, compressed oops, compressed class ptrs, g1 gc, windows-amd64)
GC Precious Log:
 CardTable entry size: 512
 Card Set container configuration: InlinePtr #cards 4 size 8 Array Of Cards #cards 16 size 48 Howl #buckets 8 coarsen threshold 3686 Howl Bitmap #cards 512 size 80 coarsen threshold 460 Card regions per heap region 1 cards per card region 4096
 CPUs: 8 total, 8 available
 Memory: 16283M
 Large Page Support: Disabled
 NUMA Support: Disabled
 Compressed Oops: Enabled (Zero based)
 Heap Region Size: 2M
 Heap Min Capacity: 8M
 Heap Initial Capacity: 256M
 Heap Max Capacity: 4072M
 Pre-touch: Disabled
 Parallel Workers: 8
 Concurrent Workers: 2
 Concurrent Refinement Workers: 8
 Periodic GC: Disabled
Heap:
 garbage-first heap   total 552960K, used 342872K [0x0000000701800000, 0x0000000800000000)
  region size 2048K, 9 young (18432K), 9 survivors (18432K)
 Metaspace       used 67922K, committed 69312K, reserved 1114112K
  class space    used 6715K, committed 7360K, reserved 1048576K
GC Heap History (20 events):
Event: 21.122 GC heap after
{Heap after GC invocations=41 (full 0):
 garbage-first heap   total 362496K, used 73338K [0x0000000701800000, 0x0000000800000000)
  region size 2048K, 5 young (10240K), 5 survivors (10240K)
 Metaspace       used 65598K, committed 67008K, reserved 1114112K
  class space    used 6500K, committed 7168K, reserved 1048576K
}
Event: 24.349 GC heap before
{Heap before GC invocations=41 (full 0):
 garbage-first heap   total 362496K, used 284282K [0x0000000701800000, 0x0000000800000000)
  region size 2048K, 106 young (217088K), 5 survivors (10240K)
 Metaspace       used 66977K, committed 68352K, reserved 1114112K
  class space    used 6597K, committed 7232K, reserved 1048576K
}
Event: 24.356 GC heap after
{Heap after GC invocations=42 (full 0):
 garbage-first heap   total 362496K, used 74013K [0x0000000701800000, 0x0000000800000000)
  region size 2048K, 5 young (10240K), 5 survivors (10240K)
 Metaspace       used 66977K, committed 68352K, reserved 1114112K
  class space    used 6597K, committed 7232K, reserved 1048576K
}
Event: 25.581 GC heap before
{Heap before GC invocations=42 (full 0):
 garbage-first heap   total 362496K, used 280861K [0x0000000701800000, 0x0000000800000000)
  region size 2048K, 106 young (217088K), 5 survivors (10240K)
 Metaspace       used 66985K, committed 68352K, reserved 1114112K
  class space    used 6597K, committed 7232K, reserved 1048576K
}
Event: 25.588 GC heap after
{Heap after GC invocations=43 (full 0):
 garbage-first heap   total 362496K, used 76810K [0x0000000701800000, 0x0000000800000000)
  region size 2048K, 6 young (12288K), 6 survivors (12288K)
 Metaspace       used 66985K, committed 68352K, reserved 1114112K
  class space    used 6597K, committed 7232K, reserved 1048576K
}
Event: 27.516 GC heap before
{Heap before GC invocations=43 (full 0):
 garbage-first heap   total 362496K, used 279562K [0x0000000701800000, 0x0000000800000000)
  region size 2048K, 106 young (217088K), 6 survivors (12288K)
 Metaspace       used 67844K, committed 69184K, reserved 1114112K
  class space    used 6707K, committed 7296K, reserved 1048576K
}
Event: 27.552 GC heap after
{Heap after GC invocations=44 (full 0):
 garbage-first heap   total 362496K, used 103390K [0x0000000701800000, 0x0000000800000000)
  region size 2048K, 14 young (28672K), 14 survivors (28672K)
 Metaspace       used 67844K, committed 69184K, reserved 1114112K
  class space    used 6707K, committed 7296K, reserved 1048576K
}
Event: 28.410 GC heap before
{Heap before GC invocations=44 (full 0):
 garbage-first heap   total 362496K, used 283614K [0x0000000701800000, 0x0000000800000000)
  region size 2048K, 101 young (206848K), 14 survivors (28672K)
 Metaspace       used 67894K, committed 69312K, reserved 1114112K
  class space    used 6714K, committed 7360K, reserved 1048576K
}
Event: 28.457 GC heap after
{Heap after GC invocations=45 (full 0):
 garbage-first heap   total 362496K, used 147793K [0x0000000701800000, 0x0000000800000000)
  region size 2048K, 13 young (26624K), 13 survivors (26624K)
 Metaspace       used 67894K, committed 69312K, reserved 1114112K
  class space    used 6714K, committed 7360K, reserved 1048576K
}
Event: 28.782 GC heap before
{Heap before GC invocations=45 (full 0):
 garbage-first heap   total 362496K, used 268625K [0x0000000701800000, 0x0000000800000000)
  region size 2048K, 72 young (147456K), 13 survivors (26624K)
 Metaspace       used 67916K, committed 69312K, reserved 1114112K
  class space    used 6715K, committed 7360K, reserved 1048576K
}
Event: 28.819 GC heap after
{Heap after GC invocations=46 (full 0):
 garbage-first heap   total 362496K, used 174897K [0x0000000701800000, 0x0000000800000000)
  region size 2048K, 9 young (18432K), 9 survivors (18432K)
 Metaspace       used 67916K, committed 69312K, reserved 1114112K
  class space    used 6715K, committed 7360K, reserved 1048576K
}
Event: 29.058 GC heap before
{Heap before GC invocations=46 (full 0):
 garbage-first heap   total 362496K, used 275249K [0x0000000701800000, 0x0000000800000000)
  region size 2048K, 58 young (118784K), 9 survivors (18432K)
 Metaspace       used 67916K, committed 69312K, reserved 1114112K
  class space    used 6715K, committed 7360K, reserved 1048576K
}
Event: 29.088 GC heap after
{Heap after GC invocations=47 (full 0):
 garbage-first heap   total 552960K, used 200325K [0x0000000701800000, 0x0000000800000000)
  region size 2048K, 8 young (16384K), 8 survivors (16384K)
 Metaspace       used 67916K, committed 69312K, reserved 1114112K
  class space    used 6715K, committed 7360K, reserved 1048576K
}
Event: 29.719 GC heap before
{Heap before GC invocations=47 (full 0):
 garbage-first heap   total 552960K, used 401029K [0x0000000701800000, 0x0000000800000000)
  region size 2048K, 104 young (212992K), 8 survivors (16384K)
 Metaspace       used 67917K, committed 69312K, reserved 1114112K
  class space    used 6715K, committed 7360K, reserved 1048576K
}
Event: 29.757 GC heap after
{Heap after GC invocations=48 (full 0):
 garbage-first heap   total 552960K, used 249855K [0x0000000701800000, 0x0000000800000000)
  region size 2048K, 13 young (26624K), 13 survivors (26624K)
 Metaspace       used 67917K, committed 69312K, reserved 1114112K
  class space    used 6715K, committed 7360K, reserved 1048576K
}
Event: 30.217 GC heap before
{Heap before GC invocations=48 (full 0):
 garbage-first heap   total 552960K, used 411647K [0x0000000701800000, 0x0000000800000000)
  region size 2048K, 92 young (188416K), 13 survivors (26624K)
 Metaspace       used 67917K, committed 69312K, reserved 1114112K
  class space    used 6715K, committed 7360K, reserved 1048576K
}
Event: 30.264 GC heap after
{Heap after GC invocations=49 (full 0):
 garbage-first heap   total 552960K, used 286719K [0x0000000701800000, 0x0000000800000000)
  region size 2048K, 12 young (24576K), 12 survivors (24576K)
 Metaspace       used 67917K, committed 69312K, reserved 1114112K
  class space    used 6715K, committed 7360K, reserved 1048576K
}
Event: 30.654 GC heap before
{Heap before GC invocations=49 (full 0):
 garbage-first heap   total 552960K, used 425983K [0x0000000701800000, 0x0000000800000000)
  region size 2048K, 79 young (161792K), 12 survivors (24576K)
 Metaspace       used 67917K, committed 69312K, reserved 1114112K
  class space    used 6715K, committed 7360K, reserved 1048576K
}
Event: 30.694 GC heap after
{Heap after GC invocations=50 (full 0):
 garbage-first heap   total 552960K, used 321253K [0x0000000701800000, 0x0000000800000000)
  region size 2048K, 10 young (20480K), 10 survivors (20480K)
 Metaspace       used 67917K, committed 69312K, reserved 1114112K
  class space    used 6715K, committed 7360K, reserved 1048576K
}
Event: 31.113 GC heap before
{Heap before GC invocations=50 (full 0):
 garbage-first heap   total 552960K, used 435941K [0x0000000701800000, 0x0000000800000000)
  region size 2048K, 66 young (135168K), 10 survivors (20480K)
 Metaspace       used 67922K, committed 69312K, reserved 1114112K
  class space    used 6715K, committed 7360K, reserved 1048576K
}

