# JRE version: Java(TM) SE Runtime Environment (18.0.2.1+1) (build 18.0.2.1+1-1)
# Java VM: Java HotSpot(TM) 64-Bit Server VM (18.0.2.1+1-1, mixed mode, sharing, tiered, compressed oops, compressed class ptrs, g1 gc, windows-amd64)
GC Precious Log:
 CardTable entry size: 512
 Card Set container configuration: InlinePtr #cards 4 size 8 Array Of Cards #cards 16 size 48 Howl #buckets 8 coarsen threshold 3686 Howl Bitmap #cards 512 size 80 coarsen threshold 460 Card regions per heap region 1 cards per card region 4096
 CPUs: 8 total, 8 available
 Memory: 16283M
 Large Page Support: Disabled
 NUMA Support: Disabled
 Compressed Oops: Enabled (Zero based)
 Heap Region Size: 2M
 Heap Min Capacity: 8M
 Heap Initial Capacity: 256M
 Heap Max Capacity: 4072M
 Pre-touch: Disabled
 Parallel Workers: 8
 Concurrent Workers: 2
 Concurrent Refinement Workers: 8
 Periodic GC: Disabled
Heap:
 garbage-first heap   total 720896K, used 339968K [0x0000000701800000, 0x0000000800000000)
  region size 2048K, 0 young (0K), 0 survivors (0K)
 Metaspace       used 65872K, committed 67328K, reserved 1114112K
  class space    used 6475K, committed 7168K, reserved 1048576K
GC Heap History (20 events):
Event: 74.890 GC heap before
{Heap before GC invocations=41 (full 0):
 garbage-first heap   total 294912K, used 243225K [0x0000000701800000, 0x0000000800000000)
  region size 2048K, 20 young (40960K), 4 survivors (8192K)
 Metaspace       used 65255K, committed 66752K, reserved 1114112K
  class space    used 6442K, committed 7168K, reserved 1048576K
}
Event: 74.899 GC heap after
{Heap after GC invocations=42 (full 0):
 garbage-first heap   total 294912K, used 217657K [0x0000000701800000, 0x0000000800000000)
  region size 2048K, 3 young (6144K), 3 survivors (6144K)
 Metaspace       used 65255K, committed 66752K, reserved 1114112K
  class space    used 6442K, committed 7168K, reserved 1048576K
}
Event: 75.010 GC heap before
{Heap before GC invocations=42 (full 0):
 garbage-first heap   total 294912K, used 246329K [0x0000000701800000, 0x0000000800000000)
  region size 2048K, 17 young (34816K), 3 survivors (6144K)
 Metaspace       used 65255K, committed 66752K, reserved 1114112K
  class space    used 6442K, committed 7168K, reserved 1048576K
}
Event: 75.017 GC heap after
{Heap after GC invocations=43 (full 0):
 garbage-first heap   total 382976K, used 224722K [0x0000000701800000, 0x0000000800000000)
  region size 2048K, 3 young (6144K), 3 survivors (6144K)
 Metaspace       used 65255K, committed 66752K, reserved 1114112K
  class space    used 6442K, committed 7168K, reserved 1048576K
}
Event: 75.815 GC heap before
{Heap before GC invocations=44 (full 0):
 garbage-first heap   total 387072K, used 298450K [0x0000000701800000, 0x0000000800000000)
  region size 2048K, 41 young (83968K), 3 survivors (6144K)
 Metaspace       used 65258K, committed 66752K, reserved 1114112K
  class space    used 6442K, committed 7168K, reserved 1048576K
}
Event: 75.828 GC heap after
{Heap after GC invocations=45 (full 0):
 garbage-first heap   total 387072K, used 239564K [0x0000000701800000, 0x0000000800000000)
  region size 2048K, 6 young (12288K), 6 survivors (12288K)
 Metaspace       used 65258K, committed 66752K, reserved 1114112K
  class space    used 6442K, committed 7168K, reserved 1048576K
}
Event: 75.860 GC heap before
{Heap before GC invocations=45 (full 0):
 garbage-first heap   total 387072K, used 245708K [0x0000000701800000, 0x0000000800000000)
  region size 2048K, 9 young (18432K), 6 survivors (12288K)
 Metaspace       used 65263K, committed 66752K, reserved 1114112K
  class space    used 6442K, committed 7168K, reserved 1048576K
}
Event: 75.871 GC heap after
{Heap after GC invocations=46 (full 0):
 garbage-first heap   total 387072K, used 235732K [0x0000000701800000, 0x0000000800000000)
  region size 2048K, 1 young (2048K), 1 survivors (2048K)
 Metaspace       used 65263K, committed 66752K, reserved 1114112K
  class space    used 6442K, committed 7168K, reserved 1048576K
}
Event: 76.522 GC heap before
{Heap before GC invocations=46 (full 0):
 garbage-first heap   total 387072K, used 307412K [0x0000000701800000, 0x0000000800000000)
  region size 2048K, 36 young (73728K), 1 survivors (2048K)
 Metaspace       used 65263K, committed 66752K, reserved 1114112K
  class space    used 6442K, committed 7168K, reserved 1048576K
}
Event: 76.535 GC heap after
{Heap after GC invocations=47 (full 0):
 garbage-first heap   total 387072K, used 250770K [0x0000000701800000, 0x0000000800000000)
  region size 2048K, 5 young (10240K), 5 survivors (10240K)
 Metaspace       used 65263K, committed 66752K, reserved 1114112K
  class space    used 6442K, committed 7168K, reserved 1048576K
}
Event: 76.830 GC heap before
{Heap before GC invocations=47 (full 0):
 garbage-first heap   total 387072K, used 314258K [0x0000000701800000, 0x0000000800000000)
  region size 2048K, 36 young (73728K), 5 survivors (10240K)
 Metaspace       used 65263K, committed 66752K, reserved 1114112K
  class space    used 6442K, committed 7168K, reserved 1048576K
}
Event: 76.842 GC heap after
{Heap after GC invocations=48 (full 0):
 garbage-first heap   total 387072K, used 263933K [0x0000000701800000, 0x0000000800000000)
  region size 2048K, 5 young (10240K), 5 survivors (10240K)
 Metaspace       used 65263K, committed 66752K, reserved 1114112K
  class space    used 6442K, committed 7168K, reserved 1048576K
}
Event: 77.369 GC heap before
{Heap before GC invocations=48 (full 0):
 garbage-first heap   total 387072K, used 319229K [0x0000000701800000, 0x0000000800000000)
  region size 2048K, 32 young (65536K), 5 survivors (10240K)
 Metaspace       used 65263K, committed 66752K, reserved 1114112K
  class space    used 6442K, committed 7168K, reserved 1048576K
}
Event: 77.381 GC heap after
{Heap after GC invocations=49 (full 0):
 garbage-first heap   total 720896K, used 276101K [0x0000000701800000, 0x0000000800000000)
  region size 2048K, 4 young (8192K), 4 survivors (8192K)
 Metaspace       used 65263K, committed 66752K, reserved 1114112K
  class space    used 6442K, committed 7168K, reserved 1048576K
}
Event: 89.351 GC heap before
{Heap before GC invocations=49 (full 0):
 garbage-first heap   total 720896K, used 525957K [0x0000000701800000, 0x0000000800000000)
  region size 2048K, 125 young (256000K), 4 survivors (8192K)
 Metaspace       used 65463K, committed 66944K, reserved 1114112K
  class space    used 6458K, committed 7168K, reserved 1048576K
}
Event: 89.382 GC heap after
{Heap after GC invocations=50 (full 0):
 garbage-first heap   total 720896K, used 321536K [0x0000000701800000, 0x0000000800000000)
  region size 2048K, 16 young (32768K), 16 survivors (32768K)
 Metaspace       used 65463K, committed 66944K, reserved 1114112K
  class space    used 6458K, committed 7168K, reserved 1048576K
}
Event: 91.831 GC heap before
{Heap before GC invocations=50 (full 0):
 garbage-first heap   total 720896K, used 477184K [0x0000000701800000, 0x0000000800000000)
  region size 2048K, 93 young (190464K), 16 survivors (32768K)
 Metaspace       used 65872K, committed 67328K, reserved 1114112K
  class space    used 6475K, committed 7168K, reserved 1048576K
}
Event: 91.852 GC heap after
{Heap after GC invocations=51 (full 0):
 garbage-first heap   total 720896K, used 339084K [0x0000000701800000, 0x0000000800000000)
  region size 2048K, 9 young (18432K), 9 survivors (18432K)
 Metaspace       used 65872K, committed 67328K, reserved 1114112K
  class space    used 6475K, committed 7168K, reserved 1048576K
}
Event: 91.853 GC heap before
{Heap before GC invocations=51 (full 0):
 garbage-first heap   total 720896K, used 339084K [0x0000000701800000, 0x0000000800000000)
  region size 2048K, 9 young (18432K), 9 survivors (18432K)
 Metaspace       used 65872K, committed 67328K, reserved 1114112K
  class space    used 6475K, committed 7168K, reserved 1048576K
}
Event: 91.861 GC heap after
{Heap after GC invocations=52 (full 0):
 garbage-first heap   total 720896K, used 339968K [0x0000000701800000, 0x0000000800000000)
  region size 2048K, 0 young (0K), 0 survivors (0K)
 Metaspace       used 65872K, committed 67328K, reserved 1114112K
  class space    used 6475K, committed 7168K, reserved 1048576K
}

