# JRE version: Java(TM) SE Runtime Environment (18.0.2.1+1) (build 18.0.2.1+1-1)
# Java VM: Java HotSpot(TM) 64-Bit Server VM (18.0.2.1+1-1, mixed mode, sharing, tiered, compressed oops, compressed class ptrs, g1 gc, windows-amd64)
GC Precious Log:
 CardTable entry size: 512
 Card Set container configuration: InlinePtr #cards 4 size 8 Array Of Cards #cards 16 size 48 Howl #buckets 8 coarsen threshold 3686 Howl Bitmap #cards 512 size 80 coarsen threshold 460 Card regions per heap region 1 cards per card region 4096
 CPUs: 8 total, 8 available
 Memory: 16283M
 Large Page Support: Disabled
 NUMA Support: Disabled
 Compressed Oops: Enabled (Zero based)
 Heap Region Size: 2M
 Heap Min Capacity: 8M
 Heap Initial Capacity: 256M
 Heap Max Capacity: 4072M
 Pre-touch: Disabled
 Parallel Workers: 8
 Concurrent Workers: 2
 Concurrent Refinement Workers: 8
 Periodic GC: Disabled
Heap:
 garbage-first heap   total 874496K, used 767578K [0x0000000701800000, 0x0000000800000000)
  region size 2048K, 1 young (2048K), 1 survivors (2048K)
 Metaspace       used 93347K, committed 95040K, reserved 1179648K
  class space    used 8675K, committed 9536K, reserved 1048576K
GC Heap History (20 events):
Event: 3617.368 GC heap after
{Heap after GC invocations=495 (full 0):
 garbage-first heap   total 874496K, used 746741K [0x0000000701800000, 0x0000000800000000)
  region size 2048K, 3 young (6144K), 3 survivors (6144K)
 Metaspace       used 93305K, committed 95040K, reserved 1179648K
  class space    used 8673K, committed 9536K, reserved 1048576K
}
Event: 3930.175 GC heap before
{Heap before GC invocations=495 (full 0):
 garbage-first heap   total 874496K, used 783605K [0x0000000701800000, 0x0000000800000000)
  region size 2048K, 21 young (43008K), 3 survivors (6144K)
 Metaspace       used 93305K, committed 95040K, reserved 1179648K
  class space    used 8673K, committed 9536K, reserved 1048576K
}
Event: 3930.177 GC heap after
{Heap after GC invocations=496 (full 0):
 garbage-first heap   total 874496K, used 744105K [0x0000000701800000, 0x0000000800000000)
  region size 2048K, 1 young (2048K), 1 survivors (2048K)
 Metaspace       used 93305K, committed 95040K, reserved 1179648K
  class space    used 8673K, committed 9536K, reserved 1048576K
}
Event: 4085.903 GC heap before
{Heap before GC invocations=496 (full 0):
 garbage-first heap   total 874496K, used 783017K [0x0000000701800000, 0x0000000800000000)
  region size 2048K, 21 young (43008K), 1 survivors (2048K)
 Metaspace       used 93305K, committed 95040K, reserved 1179648K
  class space    used 8673K, committed 9536K, reserved 1048576K
}
Event: 4085.905 GC heap after
{Heap after GC invocations=497 (full 0):
 garbage-first heap   total 874496K, used 747279K [0x0000000701800000, 0x0000000800000000)
  region size 2048K, 2 young (4096K), 2 survivors (4096K)
 Metaspace       used 93305K, committed 95040K, reserved 1179648K
  class space    used 8673K, committed 9536K, reserved 1048576K
}
Event: 4089.767 GC heap before
{Heap before GC invocations=497 (full 0):
 garbage-first heap   total 874496K, used 786191K [0x0000000701800000, 0x0000000800000000)
  region size 2048K, 21 young (43008K), 2 survivors (4096K)
 Metaspace       used 93326K, committed 95040K, reserved 1179648K
  class space    used 8673K, committed 9536K, reserved 1048576K
}
Event: 4089.769 GC heap after
{Heap after GC invocations=498 (full 0):
 garbage-first heap   total 874496K, used 744564K [0x0000000701800000, 0x0000000800000000)
  region size 2048K, 1 young (2048K), 1 survivors (2048K)
 Metaspace       used 93326K, committed 95040K, reserved 1179648K
  class space    used 8673K, committed 9536K, reserved 1048576K
}
Event: 4121.908 GC heap before
{Heap before GC invocations=498 (full 0):
 garbage-first heap   total 874496K, used 783476K [0x0000000701800000, 0x0000000800000000)
  region size 2048K, 21 young (43008K), 1 survivors (2048K)
 Metaspace       used 93347K, committed 95040K, reserved 1179648K
  class space    used 8675K, committed 9536K, reserved 1048576K
}
Event: 4121.915 GC heap after
{Heap after GC invocations=499 (full 0):
 garbage-first heap   total 874496K, used 755411K [0x0000000701800000, 0x0000000800000000)
  region size 2048K, 3 young (6144K), 3 survivors (6144K)
 Metaspace       used 93347K, committed 95040K, reserved 1179648K
  class space    used 8675K, committed 9536K, reserved 1048576K
}
Event: 4121.946 GC heap before
{Heap before GC invocations=499 (full 0):
 garbage-first heap   total 874496K, used 792275K [0x0000000701800000, 0x0000000800000000)
  region size 2048K, 21 young (43008K), 3 survivors (6144K)
 Metaspace       used 93347K, committed 95040K, reserved 1179648K
  class space    used 8675K, committed 9536K, reserved 1048576K
}
Event: 4121.952 GC heap after
{Heap after GC invocations=500 (full 0):
 garbage-first heap   total 874496K, used 760168K [0x0000000701800000, 0x0000000800000000)
  region size 2048K, 3 young (6144K), 3 survivors (6144K)
 Metaspace       used 93347K, committed 95040K, reserved 1179648K
  class space    used 8675K, committed 9536K, reserved 1048576K
}
Event: 4121.994 GC heap before
{Heap before GC invocations=500 (full 0):
 garbage-first heap   total 874496K, used 797032K [0x0000000701800000, 0x0000000800000000)
  region size 2048K, 21 young (43008K), 3 survivors (6144K)
 Metaspace       used 93347K, committed 95040K, reserved 1179648K
  class space    used 8675K, committed 9536K, reserved 1048576K
}
Event: 4121.996 GC heap after
{Heap after GC invocations=501 (full 0):
 garbage-first heap   total 874496K, used 757875K [0x0000000701800000, 0x0000000800000000)
  region size 2048K, 1 young (2048K), 1 survivors (2048K)
 Metaspace       used 93347K, committed 95040K, reserved 1179648K
  class space    used 8675K, committed 9536K, reserved 1048576K
}
Event: 4122.067 GC heap before
{Heap before GC invocations=501 (full 0):
 garbage-first heap   total 874496K, used 796787K [0x0000000701800000, 0x0000000800000000)
  region size 2048K, 21 young (43008K), 1 survivors (2048K)
 Metaspace       used 93347K, committed 95040K, reserved 1179648K
  class space    used 8675K, committed 9536K, reserved 1048576K
}
Event: 4122.069 GC heap after
{Heap after GC invocations=502 (full 0):
 garbage-first heap   total 874496K, used 762310K [0x0000000701800000, 0x0000000800000000)
  region size 2048K, 3 young (6144K), 3 survivors (6144K)
 Metaspace       used 93347K, committed 95040K, reserved 1179648K
  class space    used 8675K, committed 9536K, reserved 1048576K
}
Event: 4122.096 GC heap before
{Heap before GC invocations=502 (full 0):
 garbage-first heap   total 874496K, used 797126K [0x0000000701800000, 0x0000000800000000)
  region size 2048K, 21 young (43008K), 3 survivors (6144K)
 Metaspace       used 93347K, committed 95040K, reserved 1179648K
  class space    used 8675K, committed 9536K, reserved 1048576K
}
Event: 4122.103 GC heap after
{Heap after GC invocations=503 (full 0):
 garbage-first heap   total 874496K, used 769334K [0x0000000701800000, 0x0000000800000000)
  region size 2048K, 3 young (6144K), 3 survivors (6144K)
 Metaspace       used 93347K, committed 95040K, reserved 1179648K
  class space    used 8675K, committed 9536K, reserved 1048576K
}
Event: 4122.139 GC heap before
{Heap before GC invocations=503 (full 0):
 garbage-first heap   total 874496K, used 804150K [0x0000000701800000, 0x0000000800000000)
  region size 2048K, 21 young (43008K), 3 survivors (6144K)
 Metaspace       used 93347K, committed 95040K, reserved 1179648K
  class space    used 8675K, committed 9536K, reserved 1048576K
}
Event: 4122.142 GC heap after
{Heap after GC invocations=504 (full 0):
 garbage-first heap   total 874496K, used 769811K [0x0000000701800000, 0x0000000800000000)
  region size 2048K, 2 young (4096K), 2 survivors (4096K)
 Metaspace       used 93347K, committed 95040K, reserved 1179648K
  class space    used 8675K, committed 9536K, reserved 1048576K
}
Event: 4122.165 GC heap before
{Heap before GC invocations=504 (full 0):
 garbage-first heap   total 874496K, used 808723K [0x0000000701800000, 0x0000000800000000)
  region size 2048K, 21 young (43008K), 2 survivors (4096K)
 Metaspace       used 93347K, committed 95040K, reserved 1179648K
  class space    used 8675K, committed 9536K, reserved 1048576K
}

