# JRE version: Java(TM) SE Runtime Environment (18.0.2.1+1) (build 18.0.2.1+1-1)
# Java VM: Java HotSpot(TM) 64-Bit Server VM (18.0.2.1+1-1, mixed mode, sharing, tiered, compressed oops, compressed class ptrs, g1 gc, windows-amd64)
GC Precious Log:
 CardTable entry size: 512
 Card Set container configuration: InlinePtr #cards 4 size 8 Array Of Cards #cards 16 size 48 Howl #buckets 8 coarsen threshold 3686 Howl Bitmap #cards 512 size 80 coarsen threshold 460 Card regions per heap region 1 cards per card region 4096
 CPUs: 8 total, 8 available
 Memory: 16283M
 Large Page Support: Disabled
 NUMA Support: Disabled
 Compressed Oops: Enabled (Zero based)
 Heap Region Size: 2M
 Heap Min Capacity: 8M
 Heap Initial Capacity: 256M
 Heap Max Capacity: 4072M
 Pre-touch: Disabled
 Parallel Workers: 8
 Concurrent Workers: 2
 Concurrent Refinement Workers: 8
 Periodic GC: Disabled
Heap:
 garbage-first heap   total 161792K, used 111370K [0x0000000701800000, 0x0000000800000000)
  region size 2048K, 44 young (90112K), 6 survivors (12288K)
 Metaspace       used 56193K, committed 57536K, reserved 1114112K
  class space    used 5706K, committed 6272K, reserved 1048576K
GC Heap History (20 events):
Event: 17.031 GC heap before
{Heap before GC invocations=5 (full 0):
 garbage-first heap   total 61440K, used 18301K [0x0000000701800000, 0x0000000800000000)
  region size 2048K, 3 young (6144K), 2 survivors (4096K)
 Metaspace       used 22508K, committed 23488K, reserved 1114112K
  class space    used 2192K, committed 2624K, reserved 1048576K
}
Event: 17.034 GC heap after
{Heap after GC invocations=6 (full 0):
 garbage-first heap   total 61440K, used 15134K [0x0000000701800000, 0x0000000800000000)
  region size 2048K, 1 young (2048K), 1 survivors (2048K)
 Metaspace       used 22508K, committed 23488K, reserved 1114112K
  class space    used 2192K, committed 2624K, reserved 1048576K
}
Event: 17.548 GC heap before
{Heap before GC invocations=6 (full 0):
 garbage-first heap   total 61440K, used 39710K [0x0000000701800000, 0x0000000800000000)
  region size 2048K, 14 young (28672K), 1 survivors (2048K)
 Metaspace       used 26538K, committed 27456K, reserved 1114112K
  class space    used 2493K, committed 2880K, reserved 1048576K
}
Event: 17.549 GC heap after
{Heap after GC invocations=7 (full 0):
 garbage-first heap   total 61440K, used 15123K [0x0000000701800000, 0x0000000800000000)
  region size 2048K, 1 young (2048K), 1 survivors (2048K)
 Metaspace       used 26538K, committed 27456K, reserved 1114112K
  class space    used 2493K, committed 2880K, reserved 1048576K
}
Event: 17.886 GC heap before
{Heap before GC invocations=7 (full 0):
 garbage-first heap   total 61440K, used 41747K [0x0000000701800000, 0x0000000800000000)
  region size 2048K, 15 young (30720K), 1 survivors (2048K)
 Metaspace       used 28538K, committed 29504K, reserved 1114112K
  class space    used 2675K, committed 3136K, reserved 1048576K
}
Event: 17.889 GC heap after
{Heap after GC invocations=8 (full 0):
 garbage-first heap   total 61440K, used 17614K [0x0000000701800000, 0x0000000800000000)
  region size 2048K, 2 young (4096K), 2 survivors (4096K)
 Metaspace       used 28538K, committed 29504K, reserved 1114112K
  class space    used 2675K, committed 3136K, reserved 1048576K
}
Event: 18.400 GC heap before
{Heap before GC invocations=8 (full 0):
 garbage-first heap   total 61440K, used 40142K [0x0000000701800000, 0x0000000800000000)
  region size 2048K, 14 young (28672K), 2 survivors (4096K)
 Metaspace       used 31497K, committed 32512K, reserved 1114112K
  class space    used 3046K, committed 3520K, reserved 1048576K
}
Event: 18.405 GC heap after
{Heap after GC invocations=9 (full 0):
 garbage-first heap   total 61440K, used 18692K [0x0000000701800000, 0x0000000800000000)
  region size 2048K, 1 young (2048K), 1 survivors (2048K)
 Metaspace       used 31497K, committed 32512K, reserved 1114112K
  class space    used 3046K, committed 3520K, reserved 1048576K
}
Event: 19.077 GC heap before
{Heap before GC invocations=9 (full 0):
 garbage-first heap   total 61440K, used 45316K [0x0000000701800000, 0x0000000800000000)
  region size 2048K, 14 young (28672K), 1 survivors (2048K)
 Metaspace       used 34360K, committed 35456K, reserved 1114112K
  class space    used 3378K, committed 3840K, reserved 1048576K
}
Event: 19.080 GC heap after
{Heap after GC invocations=10 (full 0):
 garbage-first heap   total 61440K, used 19713K [0x0000000701800000, 0x0000000800000000)
  region size 2048K, 2 young (4096K), 2 survivors (4096K)
 Metaspace       used 34360K, committed 35456K, reserved 1114112K
  class space    used 3378K, committed 3840K, reserved 1048576K
}
Event: 19.194 GC heap before
{Heap before GC invocations=10 (full 0):
 garbage-first heap   total 61440K, used 27905K [0x0000000701800000, 0x0000000800000000)
  region size 2048K, 7 young (14336K), 2 survivors (4096K)
 Metaspace       used 35028K, committed 36096K, reserved 1114112K
  class space    used 3466K, committed 3904K, reserved 1048576K
}
Event: 19.197 GC heap after
{Heap after GC invocations=11 (full 0):
 garbage-first heap   total 61440K, used 19962K [0x0000000701800000, 0x0000000800000000)
  region size 2048K, 1 young (2048K), 1 survivors (2048K)
 Metaspace       used 35028K, committed 36096K, reserved 1114112K
  class space    used 3466K, committed 3904K, reserved 1048576K
}
Event: 19.706 GC heap before
{Heap before GC invocations=12 (full 0):
 garbage-first heap   total 61440K, used 46586K [0x0000000701800000, 0x0000000800000000)
  region size 2048K, 15 young (30720K), 1 survivors (2048K)
 Metaspace       used 37918K, committed 39040K, reserved 1114112K
  class space    used 3800K, committed 4288K, reserved 1048576K
}
Event: 19.711 GC heap after
{Heap after GC invocations=13 (full 0):
 garbage-first heap   total 61440K, used 21662K [0x0000000701800000, 0x0000000800000000)
  region size 2048K, 2 young (4096K), 2 survivors (4096K)
 Metaspace       used 37918K, committed 39040K, reserved 1114112K
  class space    used 3800K, committed 4288K, reserved 1048576K
}
Event: 19.900 GC heap before
{Heap before GC invocations=13 (full 0):
 garbage-first heap   total 61440K, used 48286K [0x0000000701800000, 0x0000000800000000)
  region size 2048K, 15 young (30720K), 2 survivors (4096K)
 Metaspace       used 38419K, committed 39616K, reserved 1114112K
  class space    used 3859K, committed 4416K, reserved 1048576K
}
Event: 19.906 GC heap after
{Heap after GC invocations=14 (full 0):
 garbage-first heap   total 161792K, used 23871K [0x0000000701800000, 0x0000000800000000)
  region size 2048K, 2 young (4096K), 2 survivors (4096K)
 Metaspace       used 38419K, committed 39616K, reserved 1114112K
  class space    used 3859K, committed 4416K, reserved 1048576K
}
Event: 22.201 GC heap before
{Heap before GC invocations=14 (full 0):
 garbage-first heap   total 161792K, used 113983K [0x0000000701800000, 0x0000000800000000)
  region size 2048K, 47 young (96256K), 2 survivors (4096K)
 Metaspace       used 46157K, committed 47360K, reserved 1114112K
  class space    used 4759K, committed 5248K, reserved 1048576K
}
Event: 22.222 GC heap after
{Heap after GC invocations=15 (full 0):
 garbage-first heap   total 161792K, used 29714K [0x0000000701800000, 0x0000000800000000)
  region size 2048K, 5 young (10240K), 5 survivors (10240K)
 Metaspace       used 46157K, committed 47360K, reserved 1114112K
  class space    used 4759K, committed 5248K, reserved 1048576K
}
Event: 24.232 GC heap before
{Heap before GC invocations=15 (full 0):
 garbage-first heap   total 161792K, used 113682K [0x0000000701800000, 0x0000000800000000)
  region size 2048K, 47 young (96256K), 5 survivors (10240K)
 Metaspace       used 50778K, committed 51968K, reserved 1114112K
  class space    used 5203K, committed 5696K, reserved 1048576K
}
Event: 24.247 GC heap after
{Heap after GC invocations=16 (full 0):
 garbage-first heap   total 161792K, used 35594K [0x0000000701800000, 0x0000000800000000)
  region size 2048K, 6 young (12288K), 6 survivors (12288K)
 Metaspace       used 50778K, committed 51968K, reserved 1114112K
  class space    used 5203K, committed 5696K, reserved 1048576K
}

