# JRE version: Java(TM) SE Runtime Environment (18.0.2.1+1) (build 18.0.2.1+1-1)
# Java VM: Java HotSpot(TM) 64-Bit Server VM (18.0.2.1+1-1, mixed mode, sharing, tiered, compressed oops, compressed class ptrs, g1 gc, windows-amd64)
GC Precious Log:
 CardTable entry size: 512
 Card Set container configuration: InlinePtr #cards 4 size 8 Array Of Cards #cards 16 size 48 Howl #buckets 8 coarsen threshold 3686 Howl Bitmap #cards 512 size 80 coarsen threshold 460 Card regions per heap region 1 cards per card region 4096
 CPUs: 8 total, 8 available
 Memory: 16283M
 Large Page Support: Disabled
 NUMA Support: Disabled
 Compressed Oops: Enabled (Zero based)
 Heap Region Size: 2M
 Heap Min Capacity: 8M
 Heap Initial Capacity: 256M
 Heap Max Capacity: 4072M
 Pre-touch: Disabled
 Parallel Workers: 8
 Concurrent Workers: 2
 Concurrent Refinement Workers: 8
 Periodic GC: Disabled
Heap:
 garbage-first heap   total 581632K, used 527363K [0x0000000701800000, 0x0000000800000000)
  region size 2048K, 8 young (16384K), 1 survivors (2048K)
 Metaspace       used 84340K, committed 85952K, reserved 1179648K
  class space    used 8532K, committed 9216K, reserved 1048576K
GC Heap History (20 events):
Event: 237.222 GC heap before
{Heap before GC invocations=109 (full 0):
 garbage-first heap   total 581632K, used 534891K [0x0000000701800000, 0x0000000800000000)
  region size 2048K, 14 young (28672K), 1 survivors (2048K)
 Metaspace       used 82408K, committed 83904K, reserved 1179648K
  class space    used 8311K, committed 8960K, reserved 1048576K
}
Event: 237.224 GC heap after
{Heap after GC invocations=110 (full 0):
 garbage-first heap   total 581632K, used 508835K [0x0000000701800000, 0x0000000800000000)
  region size 2048K, 2 young (4096K), 2 survivors (4096K)
 Metaspace       used 82408K, committed 83904K, reserved 1179648K
  class space    used 8311K, committed 8960K, reserved 1048576K
}
Event: 251.961 GC heap before
{Heap before GC invocations=110 (full 0):
 garbage-first heap   total 581632K, used 533411K [0x0000000701800000, 0x0000000800000000)
  region size 2048K, 14 young (28672K), 2 survivors (4096K)
 Metaspace       used 82494K, committed 84096K, reserved 1179648K
  class space    used 8312K, committed 8960K, reserved 1048576K
}
Event: 251.963 GC heap after
{Heap after GC invocations=111 (full 0):
 garbage-first heap   total 581632K, used 507912K [0x0000000701800000, 0x0000000800000000)
  region size 2048K, 1 young (2048K), 1 survivors (2048K)
 Metaspace       used 82494K, committed 84096K, reserved 1179648K
  class space    used 8312K, committed 8960K, reserved 1048576K
}
Event: 252.258 GC heap before
{Heap before GC invocations=111 (full 0):
 garbage-first heap   total 581632K, used 532488K [0x0000000701800000, 0x0000000800000000)
  region size 2048K, 14 young (28672K), 1 survivors (2048K)
 Metaspace       used 82592K, committed 84224K, reserved 1179648K
  class space    used 8324K, committed 9024K, reserved 1048576K
}
Event: 252.262 GC heap after
{Heap after GC invocations=112 (full 0):
 garbage-first heap   total 581632K, used 514745K [0x0000000701800000, 0x0000000800000000)
  region size 2048K, 2 young (4096K), 2 survivors (4096K)
 Metaspace       used 82592K, committed 84224K, reserved 1179648K
  class space    used 8324K, committed 9024K, reserved 1048576K
}
Event: 258.031 GC heap before
{Heap before GC invocations=112 (full 0):
 garbage-first heap   total 581632K, used 539321K [0x0000000701800000, 0x0000000800000000)
  region size 2048K, 14 young (28672K), 2 survivors (4096K)
 Metaspace       used 82696K, committed 84352K, reserved 1179648K
  class space    used 8333K, committed 9024K, reserved 1048576K
}
Event: 258.034 GC heap after
{Heap after GC invocations=113 (full 0):
 garbage-first heap   total 581632K, used 514425K [0x0000000701800000, 0x0000000800000000)
  region size 2048K, 1 young (2048K), 1 survivors (2048K)
 Metaspace       used 82696K, committed 84352K, reserved 1179648K
  class space    used 8333K, committed 9024K, reserved 1048576K
}
Event: 269.631 GC heap before
{Heap before GC invocations=113 (full 0):
 garbage-first heap   total 581632K, used 541049K [0x0000000701800000, 0x0000000800000000)
  region size 2048K, 14 young (28672K), 1 survivors (2048K)
 Metaspace       used 82974K, committed 84608K, reserved 1179648K
  class space    used 8347K, committed 9024K, reserved 1048576K
}
Event: 269.633 GC heap after
{Heap after GC invocations=114 (full 0):
 garbage-first heap   total 581632K, used 516618K [0x0000000701800000, 0x0000000800000000)
  region size 2048K, 2 young (4096K), 2 survivors (4096K)
 Metaspace       used 82974K, committed 84608K, reserved 1179648K
  class space    used 8347K, committed 9024K, reserved 1048576K
}
Event: 273.527 GC heap before
{Heap before GC invocations=114 (full 0):
 garbage-first heap   total 581632K, used 541194K [0x0000000701800000, 0x0000000800000000)
  region size 2048K, 14 young (28672K), 2 survivors (4096K)
 Metaspace       used 83016K, committed 84672K, reserved 1179648K
  class space    used 8348K, committed 9024K, reserved 1048576K
}
Event: 273.530 GC heap after
{Heap after GC invocations=115 (full 0):
 garbage-first heap   total 581632K, used 514869K [0x0000000701800000, 0x0000000800000000)
  region size 2048K, 1 young (2048K), 1 survivors (2048K)
 Metaspace       used 83016K, committed 84672K, reserved 1179648K
  class space    used 8348K, committed 9024K, reserved 1048576K
}
Event: 303.100 GC heap before
{Heap before GC invocations=115 (full 0):
 garbage-first heap   total 581632K, used 541493K [0x0000000701800000, 0x0000000800000000)
  region size 2048K, 14 young (28672K), 1 survivors (2048K)
 Metaspace       used 83078K, committed 84672K, reserved 1179648K
  class space    used 8353K, committed 9024K, reserved 1048576K
}
Event: 303.102 GC heap after
{Heap after GC invocations=116 (full 0):
 garbage-first heap   total 581632K, used 518852K [0x0000000701800000, 0x0000000800000000)
  region size 2048K, 2 young (4096K), 2 survivors (4096K)
 Metaspace       used 83078K, committed 84672K, reserved 1179648K
  class space    used 8353K, committed 9024K, reserved 1048576K
}
Event: 303.613 GC heap before
{Heap before GC invocations=116 (full 0):
 garbage-first heap   total 581632K, used 541380K [0x0000000701800000, 0x0000000800000000)
  region size 2048K, 14 young (28672K), 2 survivors (4096K)
 Metaspace       used 83126K, committed 84800K, reserved 1179648K
  class space    used 8356K, committed 9088K, reserved 1048576K
}
Event: 303.615 GC heap after
{Heap after GC invocations=117 (full 0):
 garbage-first heap   total 581632K, used 516598K [0x0000000701800000, 0x0000000800000000)
  region size 2048K, 1 young (2048K), 1 survivors (2048K)
 Metaspace       used 83126K, committed 84800K, reserved 1179648K
  class space    used 8356K, committed 9088K, reserved 1048576K
}
Event: 305.545 GC heap before
{Heap before GC invocations=117 (full 0):
 garbage-first heap   total 581632K, used 541174K [0x0000000701800000, 0x0000000800000000)
  region size 2048K, 14 young (28672K), 1 survivors (2048K)
 Metaspace       used 83198K, committed 84864K, reserved 1179648K
  class space    used 8356K, committed 9088K, reserved 1048576K
}
Event: 305.546 GC heap after
{Heap after GC invocations=118 (full 0):
 garbage-first heap   total 581632K, used 517004K [0x0000000701800000, 0x0000000800000000)
  region size 2048K, 1 young (2048K), 1 survivors (2048K)
 Metaspace       used 83198K, committed 84864K, reserved 1179648K
  class space    used 8356K, committed 9088K, reserved 1048576K
}
Event: 306.417 GC heap before
{Heap before GC invocations=118 (full 0):
 garbage-first heap   total 581632K, used 541580K [0x0000000701800000, 0x0000000800000000)
  region size 2048K, 14 young (28672K), 1 survivors (2048K)
 Metaspace       used 84087K, committed 85760K, reserved 1179648K
  class space    used 8504K, committed 9216K, reserved 1048576K
}
Event: 306.420 GC heap after
{Heap after GC invocations=119 (full 0):
 garbage-first heap   total 581632K, used 517123K [0x0000000701800000, 0x0000000800000000)
  region size 2048K, 1 young (2048K), 1 survivors (2048K)
 Metaspace       used 84087K, committed 85760K, reserved 1179648K
  class space    used 8504K, committed 9216K, reserved 1048576K
}

