# JRE version: Java(TM) SE Runtime Environment (18.0.2.1+1) (build 18.0.2.1+1-1)
# Java VM: Java HotSpot(TM) 64-Bit Server VM (18.0.2.1+1-1, mixed mode, sharing, tiered, compressed oops, compressed class ptrs, g1 gc, windows-amd64)
GC Precious Log:
 CardTable entry size: 512
 Card Set container configuration: InlinePtr #cards 4 size 8 Array Of Cards #cards 16 size 48 Howl #buckets 8 coarsen threshold 3686 Howl Bitmap #cards 512 size 80 coarsen threshold 460 Card regions per heap region 1 cards per card region 4096
 CPUs: 8 total, 8 available
 Memory: 16283M
 Large Page Support: Disabled
 NUMA Support: Disabled
 Compressed Oops: Enabled (Zero based)
 Heap Region Size: 2M
 Heap Min Capacity: 8M
 Heap Initial Capacity: 256M
 Heap Max Capacity: 4072M
 Pre-touch: Disabled
 Parallel Workers: 8
 Concurrent Workers: 2
 Concurrent Refinement Workers: 8
 Periodic GC: Disabled
Heap:
 garbage-first heap   total 591872K, used 433152K [0x0000000701800000, 0x0000000800000000)
  region size 2048K, 23 young (47104K), 7 survivors (14336K)
 Metaspace       used 72982K, committed 74560K, reserved 1179648K
  class space    used 7180K, committed 7872K, reserved 1048576K
GC Heap History (20 events):
Event: 28.994 GC heap before
{Heap before GC invocations=43 (full 0):
 garbage-first heap   total 344064K, used 278461K [0x0000000701800000, 0x0000000800000000)
  region size 2048K, 47 young (96256K), 4 survivors (8192K)
 Metaspace       used 64780K, committed 66240K, reserved 1114112K
  class space    used 6439K, committed 7104K, reserved 1048576K
}
Event: 29.000 GC heap after
{Heap after GC invocations=44 (full 0):
 garbage-first heap   total 344064K, used 192051K [0x0000000701800000, 0x0000000800000000)
  region size 2048K, 5 young (10240K), 5 survivors (10240K)
 Metaspace       used 64780K, committed 66240K, reserved 1114112K
  class space    used 6439K, committed 7104K, reserved 1048576K
}
Event: 29.128 GC heap before
{Heap before GC invocations=44 (full 0):
 garbage-first heap   total 344064K, used 282163K [0x0000000701800000, 0x0000000800000000)
  region size 2048K, 49 young (100352K), 5 survivors (10240K)
 Metaspace       used 64870K, committed 66368K, reserved 1114112K
  class space    used 6448K, committed 7104K, reserved 1048576K
}
Event: 29.138 GC heap after
{Heap after GC invocations=45 (full 0):
 garbage-first heap   total 442368K, used 193172K [0x0000000701800000, 0x0000000800000000)
  region size 2048K, 2 young (4096K), 2 survivors (4096K)
 Metaspace       used 64870K, committed 66368K, reserved 1114112K
  class space    used 6448K, committed 7104K, reserved 1048576K
}
Event: 30.778 GC heap before
{Heap before GC invocations=45 (full 0):
 garbage-first heap   total 442368K, used 365204K [0x0000000701800000, 0x0000000800000000)
  region size 2048K, 84 young (172032K), 2 survivors (4096K)
 Metaspace       used 67093K, committed 68608K, reserved 1114112K
  class space    used 6692K, committed 7360K, reserved 1048576K
}
Event: 30.803 GC heap after
{Heap after GC invocations=46 (full 0):
 garbage-first heap   total 442368K, used 226960K [0x0000000701800000, 0x0000000800000000)
  region size 2048K, 11 young (22528K), 11 survivors (22528K)
 Metaspace       used 67093K, committed 68608K, reserved 1114112K
  class space    used 6692K, committed 7360K, reserved 1048576K
}
Event: 31.515 GC heap before
{Heap before GC invocations=46 (full 0):
 garbage-first heap   total 442368K, used 347792K [0x0000000701800000, 0x0000000800000000)
  region size 2048K, 71 young (145408K), 11 survivors (22528K)
 Metaspace       used 68053K, committed 69504K, reserved 1114112K
  class space    used 6774K, committed 7424K, reserved 1048576K
}
Event: 31.547 GC heap after
{Heap after GC invocations=47 (full 0):
 garbage-first heap   total 442368K, used 245760K [0x0000000701800000, 0x0000000800000000)
  region size 2048K, 9 young (18432K), 9 survivors (18432K)
 Metaspace       used 68053K, committed 69504K, reserved 1114112K
  class space    used 6774K, committed 7424K, reserved 1048576K
}
Event: 32.184 GC heap before
{Heap before GC invocations=47 (full 0):
 garbage-first heap   total 442368K, used 356352K [0x0000000701800000, 0x0000000800000000)
  region size 2048K, 64 young (131072K), 9 survivors (18432K)
 Metaspace       used 70725K, committed 72192K, reserved 1114112K
  class space    used 7064K, committed 7744K, reserved 1048576K
}
Event: 32.197 GC heap after
{Heap after GC invocations=48 (full 0):
 garbage-first heap   total 442368K, used 257245K [0x0000000701800000, 0x0000000800000000)
  region size 2048K, 7 young (14336K), 7 survivors (14336K)
 Metaspace       used 70725K, committed 72192K, reserved 1114112K
  class space    used 7064K, committed 7744K, reserved 1048576K
}
Event: 32.703 GC heap before
{Heap before GC invocations=48 (full 0):
 garbage-first heap   total 442368K, used 357597K [0x0000000701800000, 0x0000000800000000)
  region size 2048K, 57 young (116736K), 7 survivors (14336K)
 Metaspace       used 71194K, committed 72640K, reserved 1114112K
  class space    used 7099K, committed 7744K, reserved 1048576K
}
Event: 32.720 GC heap after
{Heap after GC invocations=49 (full 0):
 garbage-first heap   total 442368K, used 268953K [0x0000000701800000, 0x0000000800000000)
  region size 2048K, 7 young (14336K), 7 survivors (14336K)
 Metaspace       used 71194K, committed 72640K, reserved 1114112K
  class space    used 7099K, committed 7744K, reserved 1048576K
}
Event: 33.115 GC heap before
{Heap before GC invocations=49 (full 0):
 garbage-first heap   total 442368K, used 361113K [0x0000000701800000, 0x0000000800000000)
  region size 2048K, 53 young (108544K), 7 survivors (14336K)
 Metaspace       used 71333K, committed 72832K, reserved 1114112K
  class space    used 7106K, committed 7744K, reserved 1048576K
}
Event: 33.133 GC heap after
{Heap after GC invocations=50 (full 0):
 garbage-first heap   total 591872K, used 286457K [0x0000000701800000, 0x0000000800000000)
  region size 2048K, 7 young (14336K), 7 survivors (14336K)
 Metaspace       used 71333K, committed 72832K, reserved 1114112K
  class space    used 7106K, committed 7744K, reserved 1048576K
}
Event: 34.295 GC heap before
{Heap before GC invocations=50 (full 0):
 garbage-first heap   total 591872K, used 462585K [0x0000000701800000, 0x0000000800000000)
  region size 2048K, 94 young (192512K), 7 survivors (14336K)
 Metaspace       used 71981K, committed 73472K, reserved 1179648K
  class space    used 7155K, committed 7808K, reserved 1048576K
}
Event: 34.314 GC heap after
{Heap after GC invocations=51 (full 0):
 garbage-first heap   total 591872K, used 323941K [0x0000000701800000, 0x0000000800000000)
  region size 2048K, 12 young (24576K), 12 survivors (24576K)
 Metaspace       used 71981K, committed 73472K, reserved 1179648K
  class space    used 7155K, committed 7808K, reserved 1048576K
}
Event: 36.474 GC heap before
{Heap before GC invocations=51 (full 0):
 garbage-first heap   total 591872K, used 469349K [0x0000000701800000, 0x0000000800000000)
  region size 2048K, 82 young (167936K), 12 survivors (24576K)
 Metaspace       used 72098K, committed 73536K, reserved 1179648K
  class space    used 7158K, committed 7808K, reserved 1048576K
}
Event: 36.510 GC heap after
{Heap after GC invocations=52 (full 0):
 garbage-first heap   total 591872K, used 388202K [0x0000000701800000, 0x0000000800000000)
  region size 2048K, 11 young (22528K), 11 survivors (22528K)
 Metaspace       used 72098K, committed 73536K, reserved 1179648K
  class space    used 7158K, committed 7808K, reserved 1048576K
}
Event: 38.537 GC heap before
{Heap before GC invocations=52 (full 0):
 garbage-first heap   total 591872K, used 463978K [0x0000000701800000, 0x0000000800000000)
  region size 2048K, 49 young (100352K), 11 survivors (22528K)
 Metaspace       used 72881K, committed 74432K, reserved 1179648K
  class space    used 7179K, committed 7872K, reserved 1048576K
}
Event: 38.565 GC heap after
{Heap after GC invocations=53 (full 0):
 garbage-first heap   total 591872K, used 410624K [0x0000000701800000, 0x0000000800000000)
  region size 2048K, 7 young (14336K), 7 survivors (14336K)
 Metaspace       used 72881K, committed 74432K, reserved 1179648K
  class space    used 7179K, committed 7872K, reserved 1048576K
}

