# JRE version: Java(TM) SE Runtime Environment (18.0.2.1+1) (build 18.0.2.1+1-1)
# Java VM: Java HotSpot(TM) 64-Bit Server VM (18.0.2.1+1-1, mixed mode, sharing, tiered, compressed oops, compressed class ptrs, g1 gc, windows-amd64)
GC Precious Log:
 CardTable entry size: 512
 Card Set container configuration: InlinePtr #cards 4 size 8 Array Of Cards #cards 16 size 48 Howl #buckets 8 coarsen threshold 3686 Howl Bitmap #cards 512 size 80 coarsen threshold 460 Card regions per heap region 1 cards per card region 4096
 CPUs: 8 total, 8 available
 Memory: 16283M
 Large Page Support: Disabled
 NUMA Support: Disabled
 Compressed Oops: Enabled (Zero based)
 Heap Region Size: 2M
 Heap Min Capacity: 8M
 Heap Initial Capacity: 256M
 Heap Max Capacity: 4072M
 Pre-touch: Disabled
 Parallel Workers: 8
 Concurrent Workers: 2
 Concurrent Refinement Workers: 8
 Periodic GC: Disabled
Heap:
 garbage-first heap   total 647168K, used 268754K [0x0000000701800000, 0x0000000800000000)
  region size 2048K, 43 young (88064K), 10 survivors (20480K)
 Metaspace       used 65852K, committed 67200K, reserved 1114112K
  class space    used 6530K, committed 7168K, reserved 1048576K
GC Heap History (20 events):
Event: 14.928 GC heap before
{Heap before GC invocations=30 (full 0):
 garbage-first heap   total 153600K, used 95172K [0x0000000701800000, 0x0000000800000000)
  region size 2048K, 4 young (8192K), 3 survivors (6144K)
 Metaspace       used 57863K, committed 59200K, reserved 1114112K
  class space    used 5785K, committed 6400K, reserved 1048576K
}
Event: 14.933 GC heap after
{Heap after GC invocations=31 (full 0):
 garbage-first heap   total 153600K, used 93729K [0x0000000701800000, 0x0000000800000000)
  region size 2048K, 1 young (2048K), 1 survivors (2048K)
 Metaspace       used 57863K, committed 59200K, reserved 1114112K
  class space    used 5785K, committed 6400K, reserved 1048576K
}
Event: 15.372 GC heap before
{Heap before GC invocations=31 (full 0):
 garbage-first heap   total 153600K, used 120353K [0x0000000701800000, 0x0000000800000000)
  region size 2048K, 14 young (28672K), 1 survivors (2048K)
 Metaspace       used 57941K, committed 59264K, reserved 1114112K
  class space    used 5790K, committed 6400K, reserved 1048576K
}
Event: 15.377 GC heap after
{Heap after GC invocations=32 (full 0):
 garbage-first heap   total 323584K, used 99755K [0x0000000701800000, 0x0000000800000000)
  region size 2048K, 2 young (4096K), 2 survivors (4096K)
 Metaspace       used 57941K, committed 59264K, reserved 1114112K
  class space    used 5790K, committed 6400K, reserved 1048576K
}
Event: 16.762 GC heap before
{Heap before GC invocations=33 (full 0):
 garbage-first heap   total 323584K, used 226731K [0x0000000701800000, 0x0000000800000000)
  region size 2048K, 65 young (133120K), 2 survivors (4096K)
 Metaspace       used 60014K, committed 61312K, reserved 1114112K
  class space    used 5952K, committed 6528K, reserved 1048576K
}
Event: 16.774 GC heap after
{Heap after GC invocations=34 (full 0):
 garbage-first heap   total 323584K, used 110680K [0x0000000701800000, 0x0000000800000000)
  region size 2048K, 8 young (16384K), 8 survivors (16384K)
 Metaspace       used 60014K, committed 61312K, reserved 1114112K
  class space    used 5952K, committed 6528K, reserved 1048576K
}
Event: 16.785 GC heap before
{Heap before GC invocations=34 (full 0):
 garbage-first heap   total 323584K, used 112728K [0x0000000701800000, 0x0000000800000000)
  region size 2048K, 9 young (18432K), 8 survivors (16384K)
 Metaspace       used 60036K, committed 61312K, reserved 1114112K
  class space    used 5958K, committed 6528K, reserved 1048576K
}
Event: 16.793 GC heap after
{Heap after GC invocations=35 (full 0):
 garbage-first heap   total 323584K, used 109984K [0x0000000701800000, 0x0000000800000000)
  region size 2048K, 1 young (2048K), 1 survivors (2048K)
 Metaspace       used 60036K, committed 61312K, reserved 1114112K
  class space    used 5958K, committed 6528K, reserved 1048576K
}
Event: 18.971 GC heap before
{Heap before GC invocations=35 (full 0):
 garbage-first heap   total 323584K, used 232864K [0x0000000701800000, 0x0000000800000000)
  region size 2048K, 61 young (124928K), 1 survivors (2048K)
 Metaspace       used 61978K, committed 63232K, reserved 1114112K
  class space    used 6140K, committed 6720K, reserved 1048576K
}
Event: 18.985 GC heap after
{Heap after GC invocations=36 (full 0):
 garbage-first heap   total 323584K, used 131072K [0x0000000701800000, 0x0000000800000000)
  region size 2048K, 8 young (16384K), 8 survivors (16384K)
 Metaspace       used 61978K, committed 63232K, reserved 1114112K
  class space    used 6140K, committed 6720K, reserved 1048576K
}
Event: 20.649 GC heap before
{Heap before GC invocations=36 (full 0):
 garbage-first heap   total 323584K, used 239616K [0x0000000701800000, 0x0000000800000000)
  region size 2048K, 62 young (126976K), 8 survivors (16384K)
 Metaspace       used 63684K, committed 65024K, reserved 1114112K
  class space    used 6352K, committed 6976K, reserved 1048576K
}
Event: 20.682 GC heap after
{Heap after GC invocations=37 (full 0):
 garbage-first heap   total 323584K, used 152196K [0x0000000701800000, 0x0000000800000000)
  region size 2048K, 8 young (16384K), 8 survivors (16384K)
 Metaspace       used 63684K, committed 65024K, reserved 1114112K
  class space    used 6352K, committed 6976K, reserved 1048576K
}
Event: 21.719 GC heap before
{Heap before GC invocations=37 (full 0):
 garbage-first heap   total 323584K, used 246404K [0x0000000701800000, 0x0000000800000000)
  region size 2048K, 54 young (110592K), 8 survivors (16384K)
 Metaspace       used 64290K, committed 65664K, reserved 1114112K
  class space    used 6391K, committed 7040K, reserved 1048576K
}
Event: 21.733 GC heap after
{Heap after GC invocations=38 (full 0):
 garbage-first heap   total 323584K, used 168592K [0x0000000701800000, 0x0000000800000000)
  region size 2048K, 7 young (14336K), 7 survivors (14336K)
 Metaspace       used 64290K, committed 65664K, reserved 1114112K
  class space    used 6391K, committed 7040K, reserved 1048576K
}
Event: 22.077 GC heap before
{Heap before GC invocations=38 (full 0):
 garbage-first heap   total 323584K, used 250512K [0x0000000701800000, 0x0000000800000000)
  region size 2048K, 47 young (96256K), 7 survivors (14336K)
 Metaspace       used 64370K, committed 65792K, reserved 1114112K
  class space    used 6395K, committed 7040K, reserved 1048576K
}
Event: 22.091 GC heap after
{Heap after GC invocations=39 (full 0):
 garbage-first heap   total 323584K, used 179435K [0x0000000701800000, 0x0000000800000000)
  region size 2048K, 5 young (10240K), 5 survivors (10240K)
 Metaspace       used 64370K, committed 65792K, reserved 1114112K
  class space    used 6395K, committed 7040K, reserved 1048576K
}
Event: 22.492 GC heap before
{Heap before GC invocations=39 (full 0):
 garbage-first heap   total 323584K, used 257259K [0x0000000701800000, 0x0000000800000000)
  region size 2048K, 43 young (88064K), 5 survivors (10240K)
 Metaspace       used 64517K, committed 65920K, reserved 1114112K
  class space    used 6404K, committed 7040K, reserved 1048576K
}
Event: 22.507 GC heap after
{Heap after GC invocations=40 (full 0):
 garbage-first heap   total 647168K, used 188289K [0x0000000701800000, 0x0000000800000000)
  region size 2048K, 5 young (10240K), 5 survivors (10240K)
 Metaspace       used 64517K, committed 65920K, reserved 1114112K
  class space    used 6404K, committed 7040K, reserved 1048576K
}
Event: 23.260 GC heap before
{Heap before GC invocations=40 (full 0):
 garbage-first heap   total 647168K, used 466817K [0x0000000701800000, 0x0000000800000000)
  region size 2048K, 141 young (288768K), 5 survivors (10240K)
 Metaspace       used 64718K, committed 66048K, reserved 1114112K
  class space    used 6425K, committed 7040K, reserved 1048576K
}
Event: 23.271 GC heap after
{Heap after GC invocations=41 (full 0):
 garbage-first heap   total 647168K, used 199122K [0x0000000701800000, 0x0000000800000000)
  region size 2048K, 10 young (20480K), 10 survivors (20480K)
 Metaspace       used 64718K, committed 66048K, reserved 1114112K
  class space    used 6425K, committed 7040K, reserved 1048576K
}

