# JRE version: Java(TM) SE Runtime Environment (18.0.2.1+1) (build 18.0.2.1+1-1)
# Java VM: Java HotSpot(TM) 64-Bit Server VM (18.0.2.1+1-1, mixed mode, sharing, tiered, compressed oops, compressed class ptrs, g1 gc, windows-amd64)
GC Precious Log:
 CardTable entry size: 512
 Card Set container configuration: InlinePtr #cards 4 size 8 Array Of Cards #cards 16 size 48 Howl #buckets 8 coarsen threshold 3686 Howl Bitmap #cards 512 size 80 coarsen threshold 460 Card regions per heap region 1 cards per card region 4096
 CPUs: 8 total, 8 available
 Memory: 16283M
 Large Page Support: Disabled
 NUMA Support: Disabled
 Compressed Oops: Enabled (Zero based)
 Heap Region Size: 2M
 Heap Min Capacity: 8M
 Heap Initial Capacity: 256M
 Heap Max Capacity: 4072M
 Pre-touch: Disabled
 Parallel Workers: 8
 Concurrent Workers: 2
 Concurrent Refinement Workers: 8
 Periodic GC: Disabled
Heap:
 garbage-first heap   total 673792K, used 508607K [0x0000000701800000, 0x0000000800000000)
  region size 2048K, 49 young (100352K), 6 survivors (12288K)
 Metaspace       used 72529K, committed 74048K, reserved 1179648K
  class space    used 7150K, committed 7808K, reserved 1048576K
GC Heap History (20 events):
Event: 31.008 GC heap before
{Heap before GC invocations=41 (full 0):
 garbage-first heap   total 561152K, used 416542K [0x0000000701800000, 0x0000000800000000)
  region size 2048K, 92 young (188416K), 9 survivors (18432K)
 Metaspace       used 67551K, committed 69120K, reserved 1114112K
  class space    used 6677K, committed 7360K, reserved 1048576K
}
Event: 31.031 GC heap after
{Heap after GC invocations=42 (full 0):
 garbage-first heap   total 561152K, used 282624K [0x0000000701800000, 0x0000000800000000)
  region size 2048K, 12 young (24576K), 12 survivors (24576K)
 Metaspace       used 67551K, committed 69120K, reserved 1114112K
  class space    used 6677K, committed 7360K, reserved 1048576K
}
Event: 31.747 GC heap before
{Heap before GC invocations=42 (full 0):
 garbage-first heap   total 561152K, used 430080K [0x0000000701800000, 0x0000000800000000)
  region size 2048K, 84 young (172032K), 12 survivors (24576K)
 Metaspace       used 67566K, committed 69120K, reserved 1114112K
  class space    used 6677K, committed 7360K, reserved 1048576K
}
Event: 31.769 GC heap after
{Heap after GC invocations=43 (full 0):
 garbage-first heap   total 561152K, used 314037K [0x0000000701800000, 0x0000000800000000)
  region size 2048K, 11 young (22528K), 11 survivors (22528K)
 Metaspace       used 67566K, committed 69120K, reserved 1114112K
  class space    used 6677K, committed 7360K, reserved 1048576K
}
Event: 32.326 GC heap before
{Heap before GC invocations=43 (full 0):
 garbage-first heap   total 561152K, used 438965K [0x0000000701800000, 0x0000000800000000)
  region size 2048K, 72 young (147456K), 11 survivors (22528K)
 Metaspace       used 67784K, committed 69248K, reserved 1114112K
  class space    used 6688K, committed 7360K, reserved 1048576K
}
Event: 32.344 GC heap after
{Heap after GC invocations=44 (full 0):
 garbage-first heap   total 561152K, used 353012K [0x0000000701800000, 0x0000000800000000)
  region size 2048K, 9 young (18432K), 9 survivors (18432K)
 Metaspace       used 67784K, committed 69248K, reserved 1114112K
  class space    used 6688K, committed 7360K, reserved 1048576K
}
Event: 34.268 GC heap before
{Heap before GC invocations=44 (full 0):
 garbage-first heap   total 561152K, used 449268K [0x0000000701800000, 0x0000000800000000)
  region size 2048K, 55 young (112640K), 9 survivors (18432K)
 Metaspace       used 69908K, committed 71424K, reserved 1114112K
  class space    used 6867K, committed 7552K, reserved 1048576K
}
Event: 34.298 GC heap after
{Heap after GC invocations=45 (full 0):
 garbage-first heap   total 673792K, used 399840K [0x0000000701800000, 0x0000000800000000)
  region size 2048K, 7 young (14336K), 7 survivors (14336K)
 Metaspace       used 69908K, committed 71424K, reserved 1114112K
  class space    used 6867K, committed 7552K, reserved 1048576K
}
Event: 38.337 GC heap before
{Heap before GC invocations=45 (full 0):
 garbage-first heap   total 673792K, used 514528K [0x0000000701800000, 0x0000000800000000)
  region size 2048K, 63 young (129024K), 7 survivors (14336K)
 Metaspace       used 69982K, committed 71488K, reserved 1114112K
  class space    used 6874K, committed 7552K, reserved 1048576K
}
Event: 38.349 GC heap after
{Heap after GC invocations=46 (full 0):
 garbage-first heap   total 673792K, used 414659K [0x0000000701800000, 0x0000000800000000)
  region size 2048K, 8 young (16384K), 8 survivors (16384K)
 Metaspace       used 69982K, committed 71488K, reserved 1114112K
  class space    used 6874K, committed 7552K, reserved 1048576K
}
Event: 41.391 GC heap before
{Heap before GC invocations=46 (full 0):
 garbage-first heap   total 673792K, used 525251K [0x0000000701800000, 0x0000000800000000)
  region size 2048K, 62 young (126976K), 8 survivors (16384K)
 Metaspace       used 70521K, committed 72064K, reserved 1114112K
  class space    used 6919K, committed 7616K, reserved 1048576K
}
Event: 41.399 GC heap after
{Heap after GC invocations=47 (full 0):
 garbage-first heap   total 673792K, used 418462K [0x0000000701800000, 0x0000000800000000)
  region size 2048K, 3 young (6144K), 3 survivors (6144K)
 Metaspace       used 70521K, committed 72064K, reserved 1114112K
  class space    used 6919K, committed 7616K, reserved 1048576K
}
Event: 48.246 GC heap before
{Heap before GC invocations=47 (full 0):
 garbage-first heap   total 673792K, used 535198K [0x0000000701800000, 0x0000000800000000)
  region size 2048K, 60 young (122880K), 3 survivors (6144K)
 Metaspace       used 70572K, committed 72064K, reserved 1114112K
  class space    used 6927K, committed 7616K, reserved 1048576K
}
Event: 48.252 GC heap after
{Heap after GC invocations=48 (full 0):
 garbage-first heap   total 673792K, used 417548K [0x0000000701800000, 0x0000000800000000)
  region size 2048K, 2 young (4096K), 2 survivors (4096K)
 Metaspace       used 70572K, committed 72064K, reserved 1114112K
  class space    used 6927K, committed 7616K, reserved 1048576K
}
Event: 49.555 GC heap before
{Heap before GC invocations=48 (full 0):
 garbage-first heap   total 673792K, used 544524K [0x0000000701800000, 0x0000000800000000)
  region size 2048K, 64 young (131072K), 2 survivors (4096K)
 Metaspace       used 70577K, committed 72064K, reserved 1114112K
  class space    used 6927K, committed 7616K, reserved 1048576K
}
Event: 49.560 GC heap after
{Heap after GC invocations=49 (full 0):
 garbage-first heap   total 673792K, used 422696K [0x0000000701800000, 0x0000000800000000)
  region size 2048K, 5 young (10240K), 5 survivors (10240K)
 Metaspace       used 70577K, committed 72064K, reserved 1114112K
  class space    used 6927K, committed 7616K, reserved 1048576K
}
Event: 50.781 GC heap before
{Heap before GC invocations=49 (full 0):
 garbage-first heap   total 673792K, used 549672K [0x0000000701800000, 0x0000000800000000)
  region size 2048K, 67 young (137216K), 5 survivors (10240K)
 Metaspace       used 70818K, committed 72256K, reserved 1114112K
  class space    used 6946K, committed 7616K, reserved 1048576K
}
Event: 50.785 GC heap after
{Heap after GC invocations=50 (full 0):
 garbage-first heap   total 673792K, used 420134K [0x0000000701800000, 0x0000000800000000)
  region size 2048K, 4 young (8192K), 4 survivors (8192K)
 Metaspace       used 70818K, committed 72256K, reserved 1114112K
  class space    used 6946K, committed 7616K, reserved 1048576K
}
Event: 55.009 GC heap before
{Heap before GC invocations=50 (full 0):
 garbage-first heap   total 673792K, used 555302K [0x0000000701800000, 0x0000000800000000)
  region size 2048K, 70 young (143360K), 4 survivors (8192K)
 Metaspace       used 71511K, committed 73024K, reserved 1114112K
  class space    used 7045K, committed 7744K, reserved 1048576K
}
Event: 55.014 GC heap after
{Heap after GC invocations=51 (full 0):
 garbage-first heap   total 673792K, used 424639K [0x0000000701800000, 0x0000000800000000)
  region size 2048K, 6 young (12288K), 6 survivors (12288K)
 Metaspace       used 71511K, committed 73024K, reserved 1114112K
  class space    used 7045K, committed 7744K, reserved 1048576K
}

