# JRE version: Java(TM) SE Runtime Environment (18.0.2.1+1) (build 18.0.2.1+1-1)
# Java VM: Java HotSpot(TM) 64-Bit Server VM (18.0.2.1+1-1, mixed mode, sharing, tiered, compressed oops, compressed class ptrs, g1 gc, windows-amd64)
GC Precious Log:
 CardTable entry size: 512
 Card Set container configuration: InlinePtr #cards 4 size 8 Array Of Cards #cards 16 size 48 Howl #buckets 8 coarsen threshold 3686 Howl Bitmap #cards 512 size 80 coarsen threshold 460 Card regions per heap region 1 cards per card region 4096
 CPUs: 8 total, 8 available
 Memory: 16283M
 Large Page Support: Disabled
 NUMA Support: Disabled
 Compressed Oops: Enabled (Zero based)
 Heap Region Size: 2M
 Heap Min Capacity: 8M
 Heap Initial Capacity: 256M
 Heap Max Capacity: 4072M
 Pre-touch: Disabled
 Parallel Workers: 8
 Concurrent Workers: 2
 Concurrent Refinement Workers: 8
 Periodic GC: Disabled
Heap:
 garbage-first heap   total 262144K, used 104895K [0x0000000701800000, 0x0000000800000000)
  region size 2048K, 1 young (2048K), 1 survivors (2048K)
 Metaspace       used 54115K, committed 55360K, reserved 1114112K
  class space    used 5563K, committed 6080K, reserved 1048576K
GC Heap History (20 events):
Event: 19.163 GC heap after
{Heap after GC invocations=27 (full 0):
 garbage-first heap   total 112640K, used 64340K [0x0000000701800000, 0x0000000800000000)
  region size 2048K, 2 young (4096K), 2 survivors (4096K)
 Metaspace       used 50960K, committed 52160K, reserved 1114112K
  class space    used 5311K, committed 5824K, reserved 1048576K
}
Event: 19.428 GC heap before
{Heap before GC invocations=28 (full 0):
 garbage-first heap   total 122880K, used 84820K [0x0000000701800000, 0x0000000800000000)
  region size 2048K, 13 young (26624K), 2 survivors (4096K)
 Metaspace       used 51067K, committed 52288K, reserved 1114112K
  class space    used 5321K, committed 5824K, reserved 1048576K
}
Event: 19.433 GC heap after
{Heap after GC invocations=29 (full 0):
 garbage-first heap   total 122880K, used 69345K [0x0000000701800000, 0x0000000800000000)
  region size 2048K, 2 young (4096K), 2 survivors (4096K)
 Metaspace       used 51067K, committed 52288K, reserved 1114112K
  class space    used 5321K, committed 5824K, reserved 1048576K
}
Event: 19.654 GC heap before
{Heap before GC invocations=29 (full 0):
 garbage-first heap   total 122880K, used 91873K [0x0000000701800000, 0x0000000800000000)
  region size 2048K, 14 young (28672K), 2 survivors (4096K)
 Metaspace       used 51778K, committed 53056K, reserved 1114112K
  class space    used 5388K, committed 5952K, reserved 1048576K
}
Event: 19.660 GC heap after
{Heap after GC invocations=30 (full 0):
 garbage-first heap   total 122880K, used 73773K [0x0000000701800000, 0x0000000800000000)
  region size 2048K, 2 young (4096K), 2 survivors (4096K)
 Metaspace       used 51778K, committed 53056K, reserved 1114112K
  class space    used 5388K, committed 5952K, reserved 1048576K
}
Event: 19.945 GC heap before
{Heap before GC invocations=31 (full 0):
 garbage-first heap   total 131072K, used 96301K [0x0000000701800000, 0x0000000800000000)
  region size 2048K, 13 young (26624K), 2 survivors (4096K)
 Metaspace       used 51890K, committed 53120K, reserved 1114112K
  class space    used 5409K, committed 5952K, reserved 1048576K
}
Event: 19.949 GC heap after
{Heap after GC invocations=32 (full 0):
 garbage-first heap   total 131072K, used 78676K [0x0000000701800000, 0x0000000800000000)
  region size 2048K, 2 young (4096K), 2 survivors (4096K)
 Metaspace       used 51890K, committed 53120K, reserved 1114112K
  class space    used 5409K, committed 5952K, reserved 1048576K
}
Event: 19.964 GC heap before
{Heap before GC invocations=32 (full 0):
 garbage-first heap   total 131072K, used 80724K [0x0000000701800000, 0x0000000800000000)
  region size 2048K, 3 young (6144K), 2 survivors (4096K)
 Metaspace       used 51890K, committed 53120K, reserved 1114112K
  class space    used 5409K, committed 5952K, reserved 1048576K
}
Event: 19.967 GC heap after
{Heap after GC invocations=33 (full 0):
 garbage-first heap   total 161792K, used 78726K [0x0000000701800000, 0x0000000800000000)
  region size 2048K, 1 young (2048K), 1 survivors (2048K)
 Metaspace       used 51890K, committed 53120K, reserved 1114112K
  class space    used 5409K, committed 5952K, reserved 1048576K
}
Event: 20.512 GC heap before
{Heap before GC invocations=33 (full 0):
 garbage-first heap   total 161792K, used 119686K [0x0000000701800000, 0x0000000800000000)
  region size 2048K, 22 young (45056K), 1 survivors (2048K)
 Metaspace       used 52826K, committed 54080K, reserved 1114112K
  class space    used 5461K, committed 5952K, reserved 1048576K
}
Event: 20.516 GC heap after
{Heap after GC invocations=34 (full 0):
 garbage-first heap   total 161792K, used 87495K [0x0000000701800000, 0x0000000800000000)
  region size 2048K, 3 young (6144K), 3 survivors (6144K)
 Metaspace       used 52826K, committed 54080K, reserved 1114112K
  class space    used 5461K, committed 5952K, reserved 1048576K
}
Event: 20.757 GC heap before
{Heap before GC invocations=35 (full 0):
 garbage-first heap   total 161792K, used 122311K [0x0000000701800000, 0x0000000800000000)
  region size 2048K, 21 young (43008K), 3 survivors (6144K)
 Metaspace       used 52842K, committed 54080K, reserved 1114112K
  class space    used 5461K, committed 5952K, reserved 1048576K
}
Event: 20.763 GC heap after
{Heap after GC invocations=36 (full 0):
 garbage-first heap   total 161792K, used 92292K [0x0000000701800000, 0x0000000800000000)
  region size 2048K, 3 young (6144K), 3 survivors (6144K)
 Metaspace       used 52842K, committed 54080K, reserved 1114112K
  class space    used 5461K, committed 5952K, reserved 1048576K
}
Event: 20.772 GC heap before
{Heap before GC invocations=36 (full 0):
 garbage-first heap   total 161792K, used 94340K [0x0000000701800000, 0x0000000800000000)
  region size 2048K, 4 young (8192K), 3 survivors (6144K)
 Metaspace       used 52844K, committed 54080K, reserved 1114112K
  class space    used 5461K, committed 5952K, reserved 1048576K
}
Event: 20.775 GC heap after
{Heap after GC invocations=37 (full 0):
 garbage-first heap   total 161792K, used 92159K [0x0000000701800000, 0x0000000800000000)
  region size 2048K, 1 young (2048K), 1 survivors (2048K)
 Metaspace       used 52844K, committed 54080K, reserved 1114112K
  class space    used 5461K, committed 5952K, reserved 1048576K
}
Event: 21.047 GC heap before
{Heap before GC invocations=37 (full 0):
 garbage-first heap   total 161792K, used 124927K [0x0000000701800000, 0x0000000800000000)
  region size 2048K, 18 young (36864K), 1 survivors (2048K)
 Metaspace       used 54038K, committed 55296K, reserved 1114112K
  class space    used 5561K, committed 6080K, reserved 1048576K
}
Event: 21.051 GC heap after
{Heap after GC invocations=38 (full 0):
 garbage-first heap   total 161792K, used 98265K [0x0000000701800000, 0x0000000800000000)
  region size 2048K, 3 young (6144K), 3 survivors (6144K)
 Metaspace       used 54038K, committed 55296K, reserved 1114112K
  class space    used 5561K, committed 6080K, reserved 1048576K
}
Event: 21.381 GC heap before
{Heap before GC invocations=39 (full 0):
 garbage-first heap   total 174080K, used 124889K [0x0000000701800000, 0x0000000800000000)
  region size 2048K, 17 young (34816K), 3 survivors (6144K)
 Metaspace       used 54077K, committed 55296K, reserved 1114112K
  class space    used 5563K, committed 6080K, reserved 1048576K
}
Event: 21.390 GC heap after
{Heap after GC invocations=40 (full 0):
 garbage-first heap   total 174080K, used 104821K [0x0000000701800000, 0x0000000800000000)
  region size 2048K, 3 young (6144K), 3 survivors (6144K)
 Metaspace       used 54077K, committed 55296K, reserved 1114112K
  class space    used 5563K, committed 6080K, reserved 1048576K
}
Event: 21.438 GC heap before
{Heap before GC invocations=40 (full 0):
 garbage-first heap   total 174080K, used 106869K [0x0000000701800000, 0x0000000800000000)
  region size 2048K, 4 young (8192K), 3 survivors (6144K)
 Metaspace       used 54115K, committed 55360K, reserved 1114112K
  class space    used 5563K, committed 6080K, reserved 1048576K
}

