# JRE version: Java(TM) SE Runtime Environment (18.0.2.1+1) (build 18.0.2.1+1-1)
# Java VM: Java HotSpot(TM) 64-Bit Server VM (18.0.2.1+1-1, mixed mode, sharing, tiered, compressed oops, compressed class ptrs, g1 gc, windows-amd64)
GC Precious Log:
 CardTable entry size: 512
 Card Set container configuration: InlinePtr #cards 4 size 8 Array Of Cards #cards 16 size 48 Howl #buckets 8 coarsen threshold 3686 Howl Bitmap #cards 512 size 80 coarsen threshold 460 Card regions per heap region 1 cards per card region 4096
 CPUs: 8 total, 8 available
 Memory: 16283M
 Large Page Support: Disabled
 NUMA Support: Disabled
 Compressed Oops: Enabled (Zero based)
 Heap Region Size: 2M
 Heap Min Capacity: 8M
 Heap Initial Capacity: 256M
 Heap Max Capacity: 4072M
 Pre-touch: Disabled
 Parallel Workers: 8
 Concurrent Workers: 2
 Concurrent Refinement Workers: 8
 Periodic GC: Disabled
Heap:
 garbage-first heap   total 159744K, used 73437K [0x0000000701800000, 0x0000000800000000)
  region size 2048K, 21 young (43008K), 4 survivors (8192K)
 Metaspace       used 48206K, committed 49408K, reserved 1114112K
  class space    used 4971K, committed 5504K, reserved 1048576K
GC Heap History (20 events):
Event: 7.126 GC heap before
{Heap before GC invocations=7 (full 0):
 garbage-first heap   total 55296K, used 36114K [0x0000000701800000, 0x0000000800000000)
  region size 2048K, 12 young (24576K), 1 survivors (2048K)
 Metaspace       used 27067K, committed 28096K, reserved 1114112K
  class space    used 2528K, committed 3008K, reserved 1048576K
}
Event: 7.128 GC heap after
{Heap after GC invocations=8 (full 0):
 garbage-first heap   total 55296K, used 17474K [0x0000000701800000, 0x0000000800000000)
  region size 2048K, 2 young (4096K), 2 survivors (4096K)
 Metaspace       used 27067K, committed 28096K, reserved 1114112K
  class space    used 2528K, committed 3008K, reserved 1048576K
}
Event: 7.379 GC heap before
{Heap before GC invocations=8 (full 0):
 garbage-first heap   total 55296K, used 35906K [0x0000000701800000, 0x0000000800000000)
  region size 2048K, 12 young (24576K), 2 survivors (4096K)
 Metaspace       used 28928K, committed 29952K, reserved 1114112K
  class space    used 2745K, committed 3200K, reserved 1048576K
}
Event: 7.381 GC heap after
{Heap after GC invocations=9 (full 0):
 garbage-first heap   total 55296K, used 18381K [0x0000000701800000, 0x0000000800000000)
  region size 2048K, 2 young (4096K), 2 survivors (4096K)
 Metaspace       used 28928K, committed 29952K, reserved 1114112K
  class space    used 2745K, committed 3200K, reserved 1048576K
}
Event: 7.890 GC heap before
{Heap before GC invocations=9 (full 0):
 garbage-first heap   total 55296K, used 36813K [0x0000000701800000, 0x0000000800000000)
  region size 2048K, 12 young (24576K), 2 survivors (4096K)
 Metaspace       used 31890K, committed 32960K, reserved 1114112K
  class space    used 3078K, committed 3584K, reserved 1048576K
}
Event: 7.894 GC heap after
{Heap after GC invocations=10 (full 0):
 garbage-first heap   total 55296K, used 19920K [0x0000000701800000, 0x0000000800000000)
  region size 2048K, 1 young (2048K), 1 survivors (2048K)
 Metaspace       used 31890K, committed 32960K, reserved 1114112K
  class space    used 3078K, committed 3584K, reserved 1048576K
}
Event: 8.151 GC heap before
{Heap before GC invocations=10 (full 0):
 garbage-first heap   total 55296K, used 40400K [0x0000000701800000, 0x0000000800000000)
  region size 2048K, 12 young (24576K), 1 survivors (2048K)
 Metaspace       used 33771K, committed 34880K, reserved 1114112K
  class space    used 3315K, committed 3776K, reserved 1048576K
}
Event: 8.154 GC heap after
{Heap after GC invocations=11 (full 0):
 garbage-first heap   total 55296K, used 20532K [0x0000000701800000, 0x0000000800000000)
  region size 2048K, 2 young (4096K), 2 survivors (4096K)
 Metaspace       used 33771K, committed 34880K, reserved 1114112K
  class space    used 3315K, committed 3776K, reserved 1048576K
}
Event: 8.303 GC heap before
{Heap before GC invocations=11 (full 0):
 garbage-first heap   total 55296K, used 26676K [0x0000000701800000, 0x0000000800000000)
  region size 2048K, 7 young (14336K), 2 survivors (4096K)
 Metaspace       used 34912K, committed 35968K, reserved 1114112K
  class space    used 3440K, committed 3904K, reserved 1048576K
}
Event: 8.308 GC heap after
{Heap after GC invocations=12 (full 0):
 garbage-first heap   total 55296K, used 21126K [0x0000000701800000, 0x0000000800000000)
  region size 2048K, 2 young (4096K), 2 survivors (4096K)
 Metaspace       used 34912K, committed 35968K, reserved 1114112K
  class space    used 3440K, committed 3904K, reserved 1048576K
}
Event: 8.791 GC heap before
{Heap before GC invocations=13 (full 0):
 garbage-first heap   total 55296K, used 37510K [0x0000000701800000, 0x0000000800000000)
  region size 2048K, 11 young (22528K), 2 survivors (4096K)
 Metaspace       used 36396K, committed 37568K, reserved 1114112K
  class space    used 3602K, committed 4096K, reserved 1048576K
}
Event: 8.795 GC heap after
{Heap after GC invocations=14 (full 0):
 garbage-first heap   total 55296K, used 22040K [0x0000000701800000, 0x0000000800000000)
  region size 2048K, 2 young (4096K), 2 survivors (4096K)
 Metaspace       used 36396K, committed 37568K, reserved 1114112K
  class space    used 3602K, committed 4096K, reserved 1048576K
}
Event: 8.965 GC heap before
{Heap before GC invocations=14 (full 0):
 garbage-first heap   total 55296K, used 42520K [0x0000000701800000, 0x0000000800000000)
  region size 2048K, 12 young (24576K), 2 survivors (4096K)
 Metaspace       used 37055K, committed 38208K, reserved 1114112K
  class space    used 3695K, committed 4224K, reserved 1048576K
}
Event: 8.968 GC heap after
{Heap after GC invocations=15 (full 0):
 garbage-first heap   total 55296K, used 23811K [0x0000000701800000, 0x0000000800000000)
  region size 2048K, 2 young (4096K), 2 survivors (4096K)
 Metaspace       used 37055K, committed 38208K, reserved 1114112K
  class space    used 3695K, committed 4224K, reserved 1048576K
}
Event: 9.176 GC heap before
{Heap before GC invocations=15 (full 0):
 garbage-first heap   total 55296K, used 42243K [0x0000000701800000, 0x0000000800000000)
  region size 2048K, 11 young (22528K), 2 survivors (4096K)
 Metaspace       used 37813K, committed 38976K, reserved 1114112K
  class space    used 3778K, committed 4352K, reserved 1048576K
}
Event: 9.180 GC heap after
{Heap after GC invocations=16 (full 0):
 garbage-first heap   total 159744K, used 25223K [0x0000000701800000, 0x0000000800000000)
  region size 2048K, 2 young (4096K), 2 survivors (4096K)
 Metaspace       used 37813K, committed 38976K, reserved 1114112K
  class space    used 3778K, committed 4352K, reserved 1048576K
}
Event: 10.368 GC heap before
{Heap before GC invocations=16 (full 0):
 garbage-first heap   total 159744K, used 113287K [0x0000000701800000, 0x0000000800000000)
  region size 2048K, 46 young (94208K), 2 survivors (4096K)
 Metaspace       used 42282K, committed 43520K, reserved 1114112K
  class space    used 4336K, committed 4864K, reserved 1048576K
}
Event: 10.383 GC heap after
{Heap after GC invocations=17 (full 0):
 garbage-first heap   total 159744K, used 34687K [0x0000000701800000, 0x0000000800000000)
  region size 2048K, 6 young (12288K), 6 survivors (12288K)
 Metaspace       used 42282K, committed 43520K, reserved 1114112K
  class space    used 4336K, committed 4864K, reserved 1048576K
}
Event: 12.785 GC heap before
{Heap before GC invocations=17 (full 0):
 garbage-first heap   total 159744K, used 114559K [0x0000000701800000, 0x0000000800000000)
  region size 2048K, 46 young (94208K), 6 survivors (12288K)
 Metaspace       used 44428K, committed 45632K, reserved 1114112K
  class space    used 4609K, committed 5120K, reserved 1048576K
}
Event: 12.797 GC heap after
{Heap after GC invocations=18 (full 0):
 garbage-first heap   total 159744K, used 40669K [0x0000000701800000, 0x0000000800000000)
  region size 2048K, 4 young (8192K), 4 survivors (8192K)
 Metaspace       used 44428K, committed 45632K, reserved 1114112K
  class space    used 4609K, committed 5120K, reserved 1048576K
}

