# JRE version: Java(TM) SE Runtime Environment (18.0.2.1+1) (build 18.0.2.1+1-1)
# Java VM: Java HotSpot(TM) 64-Bit Server VM (18.0.2.1+1-1, mixed mode, sharing, tiered, compressed oops, compressed class ptrs, g1 gc, windows-amd64)
GC Precious Log:
 CardTable entry size: 512
 Card Set container configuration: InlinePtr #cards 4 size 8 Array Of Cards #cards 16 size 48 Howl #buckets 8 coarsen threshold 3686 Howl Bitmap #cards 512 size 80 coarsen threshold 460 Card regions per heap region 1 cards per card region 4096
 CPUs: 8 total, 8 available
 Memory: 16283M
 Large Page Support: Disabled
 NUMA Support: Disabled
 Compressed Oops: Enabled (Zero based)
 Heap Region Size: 2M
 Heap Min Capacity: 8M
 Heap Initial Capacity: 256M
 Heap Max Capacity: 4072M
 Pre-touch: Disabled
 Parallel Workers: 8
 Concurrent Workers: 2
 Concurrent Refinement Workers: 8
 Periodic GC: Disabled
Heap:
 garbage-first heap   total 716800K, used 466402K [0x0000000701800000, 0x0000000800000000)
  region size 2048K, 106 young (217088K), 11 survivors (22528K)
 Metaspace       used 69533K, committed 71040K, reserved 1114112K
  class space    used 6914K, committed 7552K, reserved 1048576K
GC Heap History (20 events):
Event: 30.250 GC heap before
{Heap before GC invocations=38 (full 0):
 garbage-first heap   total 362496K, used 276310K [0x0000000701800000, 0x0000000800000000)
  region size 2048K, 60 young (122880K), 5 survivors (10240K)
 Metaspace       used 63422K, committed 64768K, reserved 1114112K
  class space    used 6365K, committed 6976K, reserved 1048576K
}
Event: 30.269 GC heap after
{Heap after GC invocations=39 (full 0):
 garbage-first heap   total 362496K, used 185652K [0x0000000701800000, 0x0000000800000000)
  region size 2048K, 8 young (16384K), 8 survivors (16384K)
 Metaspace       used 63422K, committed 64768K, reserved 1114112K
  class space    used 6365K, committed 6976K, reserved 1048576K
}
Event: 31.829 GC heap before
{Heap before GC invocations=39 (full 0):
 garbage-first heap   total 362496K, used 279860K [0x0000000701800000, 0x0000000800000000)
  region size 2048K, 55 young (112640K), 8 survivors (16384K)
 Metaspace       used 65412K, committed 66944K, reserved 1114112K
  class space    used 6547K, committed 7232K, reserved 1048576K
}
Event: 31.842 GC heap after
{Heap after GC invocations=40 (full 0):
 garbage-first heap   total 362496K, used 198550K [0x0000000701800000, 0x0000000800000000)
  region size 2048K, 7 young (14336K), 7 survivors (14336K)
 Metaspace       used 65412K, committed 66944K, reserved 1114112K
  class space    used 6547K, committed 7232K, reserved 1048576K
}
Event: 32.235 GC heap before
{Heap before GC invocations=40 (full 0):
 garbage-first heap   total 362496K, used 284566K [0x0000000701800000, 0x0000000800000000)
  region size 2048K, 50 young (102400K), 7 survivors (14336K)
 Metaspace       used 65550K, committed 67072K, reserved 1114112K
  class space    used 6550K, committed 7232K, reserved 1048576K
}
Event: 32.244 GC heap after
{Heap after GC invocations=41 (full 0):
 garbage-first heap   total 362496K, used 204086K [0x0000000701800000, 0x0000000800000000)
  region size 2048K, 3 young (6144K), 3 survivors (6144K)
 Metaspace       used 65550K, committed 67072K, reserved 1114112K
  class space    used 6550K, committed 7232K, reserved 1048576K
}
Event: 32.388 GC heap before
{Heap before GC invocations=41 (full 0):
 garbage-first heap   total 362496K, used 290102K [0x0000000701800000, 0x0000000800000000)
  region size 2048K, 45 young (92160K), 3 survivors (6144K)
 Metaspace       used 65663K, committed 67200K, reserved 1114112K
  class space    used 6557K, committed 7232K, reserved 1048576K
}
Event: 32.398 GC heap after
{Heap after GC invocations=42 (full 0):
 garbage-first heap   total 362496K, used 203840K [0x0000000701800000, 0x0000000800000000)
  region size 2048K, 3 young (6144K), 3 survivors (6144K)
 Metaspace       used 65663K, committed 67200K, reserved 1114112K
  class space    used 6557K, committed 7232K, reserved 1048576K
}
Event: 32.515 GC heap before
{Heap before GC invocations=42 (full 0):
 garbage-first heap   total 362496K, used 293952K [0x0000000701800000, 0x0000000800000000)
  region size 2048K, 47 young (96256K), 3 survivors (6144K)
 Metaspace       used 65778K, committed 67264K, reserved 1114112K
  class space    used 6560K, committed 7232K, reserved 1048576K
}
Event: 32.520 GC heap after
{Heap after GC invocations=43 (full 0):
 garbage-first heap   total 362496K, used 204620K [0x0000000701800000, 0x0000000800000000)
  region size 2048K, 3 young (6144K), 3 survivors (6144K)
 Metaspace       used 65778K, committed 67264K, reserved 1114112K
  class space    used 6560K, committed 7232K, reserved 1048576K
}
Event: 32.589 GC heap before
{Heap before GC invocations=43 (full 0):
 garbage-first heap   total 362496K, used 298828K [0x0000000701800000, 0x0000000800000000)
  region size 2048K, 49 young (100352K), 3 survivors (6144K)
 Metaspace       used 65843K, committed 67328K, reserved 1114112K
  class space    used 6561K, committed 7232K, reserved 1048576K
}
Event: 32.596 GC heap after
{Heap after GC invocations=44 (full 0):
 garbage-first heap   total 485376K, used 206236K [0x0000000701800000, 0x0000000800000000)
  region size 2048K, 4 young (8192K), 4 survivors (8192K)
 Metaspace       used 65843K, committed 67328K, reserved 1114112K
  class space    used 6561K, committed 7232K, reserved 1048576K
}
Event: 32.824 GC heap before
{Heap before GC invocations=44 (full 0):
 garbage-first heap   total 485376K, used 396700K [0x0000000701800000, 0x0000000800000000)
  region size 2048K, 98 young (200704K), 4 survivors (8192K)
 Metaspace       used 66176K, committed 67648K, reserved 1114112K
  class space    used 6594K, committed 7232K, reserved 1048576K
}
Event: 32.835 GC heap after
{Heap after GC invocations=45 (full 0):
 garbage-first heap   total 485376K, used 209230K [0x0000000701800000, 0x0000000800000000)
  region size 2048K, 5 young (10240K), 5 survivors (10240K)
 Metaspace       used 66176K, committed 67648K, reserved 1114112K
  class space    used 6594K, committed 7232K, reserved 1048576K
}
Event: 33.040 GC heap before
{Heap before GC invocations=45 (full 0):
 garbage-first heap   total 485376K, used 409934K [0x0000000701800000, 0x0000000800000000)
  region size 2048K, 103 young (210944K), 5 survivors (10240K)
 Metaspace       used 66396K, committed 67840K, reserved 1114112K
  class space    used 6612K, committed 7232K, reserved 1048576K
}
Event: 33.051 GC heap after
{Heap after GC invocations=46 (full 0):
 garbage-first heap   total 485376K, used 214599K [0x0000000701800000, 0x0000000800000000)
  region size 2048K, 8 young (16384K), 8 survivors (16384K)
 Metaspace       used 66396K, committed 67840K, reserved 1114112K
  class space    used 6612K, committed 7232K, reserved 1048576K
}
Event: 34.197 GC heap before
{Heap before GC invocations=46 (full 0):
 garbage-first heap   total 485376K, used 415303K [0x0000000701800000, 0x0000000800000000)
  region size 2048K, 104 young (212992K), 8 survivors (16384K)
 Metaspace       used 69345K, committed 70848K, reserved 1114112K
  class space    used 6903K, committed 7552K, reserved 1048576K
}
Event: 34.221 GC heap after
{Heap after GC invocations=47 (full 0):
 garbage-first heap   total 485376K, used 242238K [0x0000000701800000, 0x0000000800000000)
  region size 2048K, 13 young (26624K), 13 survivors (26624K)
 Metaspace       used 69345K, committed 70848K, reserved 1114112K
  class space    used 6903K, committed 7552K, reserved 1048576K
}
Event: 34.971 GC heap before
{Heap before GC invocations=47 (full 0):
 garbage-first heap   total 485376K, used 393790K [0x0000000701800000, 0x0000000800000000)
  region size 2048K, 87 young (178176K), 13 survivors (26624K)
 Metaspace       used 69533K, committed 71040K, reserved 1114112K
  class space    used 6914K, committed 7552K, reserved 1048576K
}
Event: 34.996 GC heap after
{Heap after GC invocations=48 (full 0):
 garbage-first heap   total 716800K, used 273890K [0x0000000701800000, 0x0000000800000000)
  region size 2048K, 11 young (22528K), 11 survivors (22528K)
 Metaspace       used 69533K, committed 71040K, reserved 1114112K
  class space    used 6914K, committed 7552K, reserved 1048576K
}

