# JRE version: Java(TM) SE Runtime Environment (18.0.2.1+1) (build 18.0.2.1+1-1)
# Java VM: Java HotSpot(TM) 64-Bit Server VM (18.0.2.1+1-1, mixed mode, sharing, tiered, compressed oops, compressed class ptrs, g1 gc, windows-amd64)
GC Precious Log:
 CardTable entry size: 512
 Card Set container configuration: InlinePtr #cards 4 size 8 Array Of Cards #cards 16 size 48 Howl #buckets 8 coarsen threshold 3686 Howl Bitmap #cards 512 size 80 coarsen threshold 460 Card regions per heap region 1 cards per card region 4096
 CPUs: 8 total, 8 available
 Memory: 16283M
 Large Page Support: Disabled
 NUMA Support: Disabled
 Compressed Oops: Enabled (Zero based)
 Heap Region Size: 2M
 Heap Min Capacity: 8M
 Heap Initial Capacity: 256M
 Heap Max Capacity: 4072M
 Pre-touch: Disabled
 Parallel Workers: 8
 Concurrent Workers: 2
 Concurrent Refinement Workers: 8
 Periodic GC: Disabled
Heap:
 garbage-first heap   total 798720K, used 642714K [0x0000000701800000, 0x0000000800000000)
  region size 2048K, 30 young (61440K), 1 survivors (2048K)
 Metaspace       used 84251K, committed 86016K, reserved 1179648K
  class space    used 7980K, committed 8768K, reserved 1048576K
GC Heap History (20 events):
Event: 571.101 GC heap before
{Heap before GC invocations=115 (full 0):
 garbage-first heap   total 608256K, used 553419K [0x0000000701800000, 0x0000000800000000)
  region size 2048K, 14 young (28672K), 2 survivors (4096K)
 Metaspace       used 83624K, committed 85376K, reserved 1179648K
  class space    used 7955K, committed 8704K, reserved 1048576K
}
Event: 571.108 GC heap after
{Heap after GC invocations=116 (full 0):
 garbage-first heap   total 608256K, used 533321K [0x0000000701800000, 0x0000000800000000)
  region size 2048K, 2 young (4096K), 2 survivors (4096K)
 Metaspace       used 83624K, committed 85376K, reserved 1179648K
  class space    used 7955K, committed 8704K, reserved 1048576K
}
Event: 571.161 GC heap before
{Heap before GC invocations=116 (full 0):
 garbage-first heap   total 608256K, used 555849K [0x0000000701800000, 0x0000000800000000)
  region size 2048K, 14 young (28672K), 2 survivors (4096K)
 Metaspace       used 83628K, committed 85376K, reserved 1179648K
  class space    used 7955K, committed 8704K, reserved 1048576K
}
Event: 571.167 GC heap after
{Heap after GC invocations=117 (full 0):
 garbage-first heap   total 798720K, used 537030K [0x0000000701800000, 0x0000000800000000)
  region size 2048K, 2 young (4096K), 2 survivors (4096K)
 Metaspace       used 83628K, committed 85376K, reserved 1179648K
  class space    used 7955K, committed 8704K, reserved 1048576K
}
Event: 573.880 GC heap before
{Heap before GC invocations=117 (full 0):
 garbage-first heap   total 798720K, used 668102K [0x0000000701800000, 0x0000000800000000)
  region size 2048K, 67 young (137216K), 2 survivors (4096K)
 Metaspace       used 83654K, committed 85376K, reserved 1179648K
  class space    used 7955K, committed 8704K, reserved 1048576K
}
Event: 573.888 GC heap after
{Heap after GC invocations=118 (full 0):
 garbage-first heap   total 798720K, used 540069K [0x0000000701800000, 0x0000000800000000)
  region size 2048K, 4 young (8192K), 4 survivors (8192K)
 Metaspace       used 83654K, committed 85376K, reserved 1179648K
  class space    used 7955K, committed 8704K, reserved 1048576K
}
Event: 576.019 GC heap before
{Heap before GC invocations=118 (full 0):
 garbage-first heap   total 798720K, used 675237K [0x0000000701800000, 0x0000000800000000)
  region size 2048K, 70 young (143360K), 4 survivors (8192K)
 Metaspace       used 83812K, committed 85504K, reserved 1179648K
  class space    used 7957K, committed 8704K, reserved 1048576K
}
Event: 576.034 GC heap after
{Heap after GC invocations=119 (full 0):
 garbage-first heap   total 798720K, used 549461K [0x0000000701800000, 0x0000000800000000)
  region size 2048K, 9 young (18432K), 9 survivors (18432K)
 Metaspace       used 83812K, committed 85504K, reserved 1179648K
  class space    used 7957K, committed 8704K, reserved 1048576K
}
Event: 577.429 GC heap before
{Heap before GC invocations=119 (full 0):
 garbage-first heap   total 798720K, used 676437K [0x0000000701800000, 0x0000000800000000)
  region size 2048K, 72 young (147456K), 9 survivors (18432K)
 Metaspace       used 83840K, committed 85568K, reserved 1179648K
  class space    used 7957K, committed 8704K, reserved 1048576K
}
Event: 577.455 GC heap after
{Heap after GC invocations=120 (full 0):
 garbage-first heap   total 798720K, used 566549K [0x0000000701800000, 0x0000000800000000)
  region size 2048K, 9 young (18432K), 9 survivors (18432K)
 Metaspace       used 83840K, committed 85568K, reserved 1179648K
  class space    used 7957K, committed 8704K, reserved 1048576K
}
Event: 578.435 GC heap before
{Heap before GC invocations=120 (full 0):
 garbage-first heap   total 798720K, used 675093K [0x0000000701800000, 0x0000000800000000)
  region size 2048K, 63 young (129024K), 9 survivors (18432K)
 Metaspace       used 84056K, committed 85824K, reserved 1179648K
  class space    used 7978K, committed 8768K, reserved 1048576K
}
Event: 578.458 GC heap after
{Heap after GC invocations=121 (full 0):
 garbage-first heap   total 798720K, used 577351K [0x0000000701800000, 0x0000000800000000)
  region size 2048K, 6 young (12288K), 6 survivors (12288K)
 Metaspace       used 84056K, committed 85824K, reserved 1179648K
  class space    used 7978K, committed 8768K, reserved 1048576K
}
Event: 580.790 GC heap before
{Heap before GC invocations=121 (full 0):
 garbage-first heap   total 798720K, used 681799K [0x0000000701800000, 0x0000000800000000)
  region size 2048K, 57 young (116736K), 6 survivors (12288K)
 Metaspace       used 84124K, committed 85888K, reserved 1179648K
  class space    used 7978K, committed 8768K, reserved 1048576K
}
Event: 580.799 GC heap after
{Heap after GC invocations=122 (full 0):
 garbage-first heap   total 798720K, used 580016K [0x0000000701800000, 0x0000000800000000)
  region size 2048K, 2 young (4096K), 2 survivors (4096K)
 Metaspace       used 84124K, committed 85888K, reserved 1179648K
  class space    used 7978K, committed 8768K, reserved 1048576K
}
Event: 583.315 GC heap before
{Heap before GC invocations=122 (full 0):
 garbage-first heap   total 798720K, used 684464K [0x0000000701800000, 0x0000000800000000)
  region size 2048K, 54 young (110592K), 2 survivors (4096K)
 Metaspace       used 84226K, committed 85952K, reserved 1179648K
  class space    used 7978K, committed 8768K, reserved 1048576K
}
Event: 583.321 GC heap after
{Heap after GC invocations=123 (full 0):
 garbage-first heap   total 798720K, used 583362K [0x0000000701800000, 0x0000000800000000)
  region size 2048K, 4 young (8192K), 4 survivors (8192K)
 Metaspace       used 84226K, committed 85952K, reserved 1179648K
  class space    used 7978K, committed 8768K, reserved 1048576K
}
Event: 586.866 GC heap before
{Heap before GC invocations=123 (full 0):
 garbage-first heap   total 798720K, used 685762K [0x0000000701800000, 0x0000000800000000)
  region size 2048K, 55 young (112640K), 4 survivors (8192K)
 Metaspace       used 84239K, committed 85952K, reserved 1179648K
  class space    used 7980K, committed 8768K, reserved 1048576K
}
Event: 586.874 GC heap after
{Heap after GC invocations=124 (full 0):
 garbage-first heap   total 798720K, used 586032K [0x0000000701800000, 0x0000000800000000)
  region size 2048K, 5 young (10240K), 5 survivors (10240K)
 Metaspace       used 84239K, committed 85952K, reserved 1179648K
  class space    used 7980K, committed 8768K, reserved 1048576K
}
Event: 587.374 GC heap before
{Heap before GC invocations=124 (full 0):
 garbage-first heap   total 798720K, used 686384K [0x0000000701800000, 0x0000000800000000)
  region size 2048K, 55 young (112640K), 5 survivors (10240K)
 Metaspace       used 84239K, committed 85952K, reserved 1179648K
  class space    used 7980K, committed 8768K, reserved 1048576K
}
Event: 587.383 GC heap after
{Heap after GC invocations=125 (full 0):
 garbage-first heap   total 798720K, used 587418K [0x0000000701800000, 0x0000000800000000)
  region size 2048K, 1 young (2048K), 1 survivors (2048K)
 Metaspace       used 84239K, committed 85952K, reserved 1179648K
  class space    used 7980K, committed 8768K, reserved 1048576K
}

