# JRE version: Java(TM) SE Runtime Environment (18.0.2.1+1) (build 18.0.2.1+1-1)
# Java VM: Java HotSpot(TM) 64-Bit Server VM (18.0.2.1+1-1, mixed mode, sharing, tiered, compressed oops, compressed class ptrs, g1 gc, windows-amd64)
GC Precious Log:
 CardTable entry size: 512
 Card Set container configuration: InlinePtr #cards 4 size 8 Array Of Cards #cards 16 size 48 Howl #buckets 8 coarsen threshold 3686 Howl Bitmap #cards 512 size 80 coarsen threshold 460 Card regions per heap region 1 cards per card region 4096
 CPUs: 8 total, 8 available
 Memory: 16283M
 Large Page Support: Disabled
 NUMA Support: Disabled
 Compressed Oops: Enabled (Zero based)
 Heap Region Size: 2M
 Heap Min Capacity: 8M
 Heap Initial Capacity: 256M
 Heap Max Capacity: 4072M
 Pre-touch: Disabled
 Parallel Workers: 8
 Concurrent Workers: 2
 Concurrent Refinement Workers: 8
 Periodic GC: Disabled
Heap:
 garbage-first heap   total 401408K, used 242711K [0x0000000701800000, 0x0000000800000000)
  region size 2048K, 6 young (12288K), 6 survivors (12288K)
 Metaspace       used 68956K, committed 70464K, reserved 1114112K
  class space    used 6809K, committed 7488K, reserved 1048576K
GC Heap History (20 events):
Event: 37.192 GC heap after
{Heap after GC invocations=34 (full 0):
 garbage-first heap   total 299008K, used 76868K [0x0000000701800000, 0x0000000800000000)
  region size 2048K, 3 young (6144K), 3 survivors (6144K)
 Metaspace       used 68874K, committed 70336K, reserved 1114112K
  class space    used 6799K, committed 7424K, reserved 1048576K
}
Event: 39.306 GC heap before
{Heap before GC invocations=34 (full 0):
 garbage-first heap   total 299008K, used 248900K [0x0000000701800000, 0x0000000800000000)
  region size 2048K, 87 young (178176K), 3 survivors (6144K)
 Metaspace       used 68933K, committed 70464K, reserved 1114112K
  class space    used 6806K, committed 7488K, reserved 1048576K
}
Event: 39.318 GC heap after
{Heap after GC invocations=35 (full 0):
 garbage-first heap   total 299008K, used 100787K [0x0000000701800000, 0x0000000800000000)
  region size 2048K, 11 young (22528K), 11 survivors (22528K)
 Metaspace       used 68933K, committed 70464K, reserved 1114112K
  class space    used 6806K, committed 7488K, reserved 1048576K
}
Event: 40.306 GC heap before
{Heap before GC invocations=35 (full 0):
 garbage-first heap   total 299008K, used 231859K [0x0000000701800000, 0x0000000800000000)
  region size 2048K, 75 young (153600K), 11 survivors (22528K)
 Metaspace       used 68951K, committed 70464K, reserved 1114112K
  class space    used 6809K, committed 7488K, reserved 1048576K
}
Event: 40.327 GC heap after
{Heap after GC invocations=36 (full 0):
 garbage-first heap   total 299008K, used 128668K [0x0000000701800000, 0x0000000800000000)
  region size 2048K, 10 young (20480K), 10 survivors (20480K)
 Metaspace       used 68951K, committed 70464K, reserved 1114112K
  class space    used 6809K, committed 7488K, reserved 1048576K
}
Event: 40.959 GC heap before
{Heap before GC invocations=36 (full 0):
 garbage-first heap   total 299008K, used 231068K [0x0000000701800000, 0x0000000800000000)
  region size 2048K, 59 young (120832K), 10 survivors (20480K)
 Metaspace       used 68951K, committed 70464K, reserved 1114112K
  class space    used 6809K, committed 7488K, reserved 1048576K
}
Event: 40.979 GC heap after
{Heap after GC invocations=37 (full 0):
 garbage-first heap   total 299008K, used 152126K [0x0000000701800000, 0x0000000800000000)
  region size 2048K, 8 young (16384K), 8 survivors (16384K)
 Metaspace       used 68951K, committed 70464K, reserved 1114112K
  class space    used 6809K, committed 7488K, reserved 1048576K
}
Event: 41.319 GC heap before
{Heap before GC invocations=37 (full 0):
 garbage-first heap   total 299008K, used 229950K [0x0000000701800000, 0x0000000800000000)
  region size 2048K, 46 young (94208K), 8 survivors (16384K)
 Metaspace       used 68951K, committed 70464K, reserved 1114112K
  class space    used 6809K, committed 7488K, reserved 1048576K
}
Event: 41.334 GC heap after
{Heap after GC invocations=38 (full 0):
 garbage-first heap   total 401408K, used 170564K [0x0000000701800000, 0x0000000800000000)
  region size 2048K, 6 young (12288K), 6 survivors (12288K)
 Metaspace       used 68951K, committed 70464K, reserved 1114112K
  class space    used 6809K, committed 7488K, reserved 1048576K
}
Event: 42.015 GC heap before
{Heap before GC invocations=39 (full 0):
 garbage-first heap   total 401408K, used 295492K [0x0000000701800000, 0x0000000800000000)
  region size 2048K, 68 young (139264K), 6 survivors (12288K)
 Metaspace       used 68951K, committed 70464K, reserved 1114112K
  class space    used 6809K, committed 7488K, reserved 1048576K
}
Event: 42.030 GC heap after
{Heap after GC invocations=40 (full 0):
 garbage-first heap   total 401408K, used 197658K [0x0000000701800000, 0x0000000800000000)
  region size 2048K, 9 young (18432K), 9 survivors (18432K)
 Metaspace       used 68951K, committed 70464K, reserved 1114112K
  class space    used 6809K, committed 7488K, reserved 1048576K
}
Event: 42.038 GC heap before
{Heap before GC invocations=40 (full 0):
 garbage-first heap   total 401408K, used 199706K [0x0000000701800000, 0x0000000800000000)
  region size 2048K, 10 young (20480K), 9 survivors (18432K)
 Metaspace       used 68951K, committed 70464K, reserved 1114112K
  class space    used 6809K, committed 7488K, reserved 1048576K
}
Event: 42.046 GC heap after
{Heap after GC invocations=41 (full 0):
 garbage-first heap   total 401408K, used 196459K [0x0000000701800000, 0x0000000800000000)
  region size 2048K, 2 young (4096K), 2 survivors (4096K)
 Metaspace       used 68951K, committed 70464K, reserved 1114112K
  class space    used 6809K, committed 7488K, reserved 1048576K
}
Event: 42.170 GC heap before
{Heap before GC invocations=41 (full 0):
 garbage-first heap   total 401408K, used 225131K [0x0000000701800000, 0x0000000800000000)
  region size 2048K, 17 young (34816K), 2 survivors (4096K)
 Metaspace       used 68951K, committed 70464K, reserved 1114112K
  class space    used 6809K, committed 7488K, reserved 1048576K
}
Event: 42.174 GC heap after
{Heap after GC invocations=42 (full 0):
 garbage-first heap   total 401408K, used 201199K [0x0000000701800000, 0x0000000800000000)
  region size 2048K, 4 young (8192K), 4 survivors (8192K)
 Metaspace       used 68951K, committed 70464K, reserved 1114112K
  class space    used 6809K, committed 7488K, reserved 1048576K
}
Event: 42.663 GC heap before
{Heap before GC invocations=43 (full 0):
 garbage-first heap   total 401408K, used 307695K [0x0000000701800000, 0x0000000800000000)
  region size 2048K, 54 young (110592K), 4 survivors (8192K)
 Metaspace       used 68951K, committed 70464K, reserved 1114112K
  class space    used 6809K, committed 7488K, reserved 1048576K
}
Event: 42.675 GC heap after
{Heap after GC invocations=44 (full 0):
 garbage-first heap   total 401408K, used 226123K [0x0000000701800000, 0x0000000800000000)
  region size 2048K, 7 young (14336K), 7 survivors (14336K)
 Metaspace       used 68951K, committed 70464K, reserved 1114112K
  class space    used 6809K, committed 7488K, reserved 1048576K
}
Event: 42.692 GC heap before
{Heap before GC invocations=44 (full 0):
 garbage-first heap   total 401408K, used 230219K [0x0000000701800000, 0x0000000800000000)
  region size 2048K, 9 young (18432K), 7 survivors (14336K)
 Metaspace       used 68951K, committed 70464K, reserved 1114112K
  class space    used 6809K, committed 7488K, reserved 1048576K
}
Event: 42.700 GC heap after
{Heap after GC invocations=45 (full 0):
 garbage-first heap   total 401408K, used 224015K [0x0000000701800000, 0x0000000800000000)
  region size 2048K, 1 young (2048K), 1 survivors (2048K)
 Metaspace       used 68951K, committed 70464K, reserved 1114112K
  class space    used 6809K, committed 7488K, reserved 1048576K
}
Event: 43.053 GC heap before
{Heap before GC invocations=45 (full 0):
 garbage-first heap   total 401408K, used 312079K [0x0000000701800000, 0x0000000800000000)
  region size 2048K, 44 young (90112K), 1 survivors (2048K)
 Metaspace       used 68956K, committed 70464K, reserved 1114112K
  class space    used 6809K, committed 7488K, reserved 1048576K
}

