# JRE version: Java(TM) SE Runtime Environment (18.0.2.1+1) (build 18.0.2.1+1-1)
# Java VM: Java HotSpot(TM) 64-Bit Server VM (18.0.2.1+1-1, mixed mode, sharing, tiered, compressed oops, compressed class ptrs, g1 gc, windows-amd64)
GC Precious Log:
 CardTable entry size: 512
 Card Set container configuration: InlinePtr #cards 4 size 8 Array Of Cards #cards 16 size 48 Howl #buckets 8 coarsen threshold 3686 Howl Bitmap #cards 512 size 80 coarsen threshold 460 Card regions per heap region 1 cards per card region 4096
 CPUs: 8 total, 8 available
 Memory: 16283M
 Large Page Support: Disabled
 NUMA Support: Disabled
 Compressed Oops: Enabled (Zero based)
 Heap Region Size: 2M
 Heap Min Capacity: 8M
 Heap Initial Capacity: 256M
 Heap Max Capacity: 4072M
 Pre-touch: Disabled
 Parallel Workers: 8
 Concurrent Workers: 2
 Concurrent Refinement Workers: 8
 Periodic GC: Disabled
Heap:
 garbage-first heap   total 722944K, used 582690K [0x0000000701800000, 0x0000000800000000)
  region size 2048K, 94 young (192512K), 11 survivors (22528K)
 Metaspace       used 74127K, committed 75584K, reserved 1179648K
  class space    used 7256K, committed 7936K, reserved 1048576K
GC Heap History (20 events):
Event: 24.310 GC heap before
{Heap before GC invocations=39 (full 0):
 garbage-first heap   total 417792K, used 325204K [0x0000000701800000, 0x0000000800000000)
  region size 2048K, 80 young (163840K), 9 survivors (18432K)
 Metaspace       used 66880K, committed 68352K, reserved 1114112K
  class space    used 6633K, committed 7296K, reserved 1048576K
}
Event: 24.323 GC heap after
{Heap after GC invocations=40 (full 0):
 garbage-first heap   total 417792K, used 192388K [0x0000000701800000, 0x0000000800000000)
  region size 2048K, 6 young (12288K), 6 survivors (12288K)
 Metaspace       used 66880K, committed 68352K, reserved 1114112K
  class space    used 6633K, committed 7296K, reserved 1048576K
}
Event: 26.304 GC heap before
{Heap before GC invocations=40 (full 0):
 garbage-first heap   total 417792K, used 337796K [0x0000000701800000, 0x0000000800000000)
  region size 2048K, 74 young (151552K), 6 survivors (12288K)
 Metaspace       used 69232K, committed 70720K, reserved 1114112K
  class space    used 6832K, committed 7488K, reserved 1048576K
}
Event: 26.322 GC heap after
{Heap after GC invocations=41 (full 0):
 garbage-first heap   total 722944K, used 215804K [0x0000000701800000, 0x0000000800000000)
  region size 2048K, 10 young (20480K), 10 survivors (20480K)
 Metaspace       used 69232K, committed 70720K, reserved 1114112K
  class space    used 6832K, committed 7488K, reserved 1048576K
}
Event: 29.085 GC heap before
{Heap before GC invocations=41 (full 0):
 garbage-first heap   total 722944K, used 572156K [0x0000000701800000, 0x0000000800000000)
  region size 2048K, 185 young (378880K), 10 survivors (20480K)
 Metaspace       used 70222K, committed 71680K, reserved 1114112K
  class space    used 6944K, committed 7616K, reserved 1048576K
}
Event: 29.129 GC heap after
{Heap after GC invocations=42 (full 0):
 garbage-first heap   total 722944K, used 281544K [0x0000000701800000, 0x0000000800000000)
  region size 2048K, 24 young (49152K), 24 survivors (49152K)
 Metaspace       used 70222K, committed 71680K, reserved 1114112K
  class space    used 6944K, committed 7616K, reserved 1048576K
}
Event: 30.032 GC heap before
{Heap before GC invocations=42 (full 0):
 garbage-first heap   total 722944K, used 523208K [0x0000000701800000, 0x0000000800000000)
  region size 2048K, 143 young (292864K), 24 survivors (49152K)
 Metaspace       used 70245K, committed 71680K, reserved 1114112K
  class space    used 6944K, committed 7616K, reserved 1048576K
}
Event: 30.079 GC heap after
{Heap after GC invocations=43 (full 0):
 garbage-first heap   total 722944K, used 335872K [0x0000000701800000, 0x0000000800000000)
  region size 2048K, 18 young (36864K), 18 survivors (36864K)
 Metaspace       used 70245K, committed 71680K, reserved 1114112K
  class space    used 6944K, committed 7616K, reserved 1048576K
}
Event: 33.635 GC heap before
{Heap before GC invocations=43 (full 0):
 garbage-first heap   total 722944K, used 550912K [0x0000000701800000, 0x0000000800000000)
  region size 2048K, 120 young (245760K), 18 survivors (36864K)
 Metaspace       used 71390K, committed 72832K, reserved 1179648K
  class space    used 7033K, committed 7680K, reserved 1048576K
}
Event: 33.674 GC heap after
{Heap after GC invocations=44 (full 0):
 garbage-first heap   total 722944K, used 377856K [0x0000000701800000, 0x0000000800000000)
  region size 2048K, 15 young (30720K), 15 survivors (30720K)
 Metaspace       used 71390K, committed 72832K, reserved 1179648K
  class space    used 7033K, committed 7680K, reserved 1048576K
}
Event: 36.351 GC heap before
{Heap before GC invocations=44 (full 0):
 garbage-first heap   total 722944K, used 553984K [0x0000000701800000, 0x0000000800000000)
  region size 2048K, 102 young (208896K), 15 survivors (30720K)
 Metaspace       used 72727K, committed 74176K, reserved 1179648K
  class space    used 7168K, committed 7808K, reserved 1048576K
}
Event: 36.380 GC heap after
{Heap after GC invocations=45 (full 0):
 garbage-first heap   total 722944K, used 392582K [0x0000000701800000, 0x0000000800000000)
  region size 2048K, 9 young (18432K), 9 survivors (18432K)
 Metaspace       used 72727K, committed 74176K, reserved 1179648K
  class space    used 7168K, committed 7808K, reserved 1048576K
}
Event: 38.434 GC heap before
{Heap before GC invocations=45 (full 0):
 garbage-first heap   total 722944K, used 570758K [0x0000000701800000, 0x0000000800000000)
  region size 2048K, 94 young (192512K), 9 survivors (18432K)
 Metaspace       used 73358K, committed 74816K, reserved 1179648K
  class space    used 7238K, committed 7872K, reserved 1048576K
}
Event: 38.450 GC heap after
{Heap after GC invocations=46 (full 0):
 garbage-first heap   total 722944K, used 398916K [0x0000000701800000, 0x0000000800000000)
  region size 2048K, 4 young (8192K), 4 survivors (8192K)
 Metaspace       used 73358K, committed 74816K, reserved 1179648K
  class space    used 7238K, committed 7872K, reserved 1048576K
}
Event: 42.658 GC heap before
{Heap before GC invocations=46 (full 0):
 garbage-first heap   total 722944K, used 577092K [0x0000000701800000, 0x0000000800000000)
  region size 2048K, 92 young (188416K), 4 survivors (8192K)
 Metaspace       used 73392K, committed 74880K, reserved 1179648K
  class space    used 7238K, committed 7936K, reserved 1048576K
}
Event: 42.670 GC heap after
{Heap after GC invocations=47 (full 0):
 garbage-first heap   total 722944K, used 406411K [0x0000000701800000, 0x0000000800000000)
  region size 2048K, 8 young (16384K), 8 survivors (16384K)
 Metaspace       used 73392K, committed 74880K, reserved 1179648K
  class space    used 7238K, committed 7936K, reserved 1048576K
}
Event: 46.949 GC heap before
{Heap before GC invocations=47 (full 0):
 garbage-first heap   total 722944K, used 584587K [0x0000000701800000, 0x0000000800000000)
  region size 2048K, 96 young (196608K), 8 survivors (16384K)
 Metaspace       used 73603K, committed 75072K, reserved 1179648K
  class space    used 7246K, committed 7936K, reserved 1048576K
}
Event: 46.958 GC heap after
{Heap after GC invocations=48 (full 0):
 garbage-first heap   total 722944K, used 403127K [0x0000000701800000, 0x0000000800000000)
  region size 2048K, 4 young (8192K), 4 survivors (8192K)
 Metaspace       used 73603K, committed 75072K, reserved 1179648K
  class space    used 7246K, committed 7936K, reserved 1048576K
}
Event: 48.963 GC heap before
{Heap before GC invocations=48 (full 0):
 garbage-first heap   total 722944K, used 593591K [0x0000000701800000, 0x0000000800000000)
  region size 2048K, 98 young (200704K), 4 survivors (8192K)
 Metaspace       used 73757K, committed 75264K, reserved 1179648K
  class space    used 7248K, committed 7936K, reserved 1048576K
}
Event: 48.976 GC heap after
{Heap after GC invocations=49 (full 0):
 garbage-first heap   total 722944K, used 416802K [0x0000000701800000, 0x0000000800000000)
  region size 2048K, 11 young (22528K), 11 survivors (22528K)
 Metaspace       used 73757K, committed 75264K, reserved 1179648K
  class space    used 7248K, committed 7936K, reserved 1048576K
}

